#
# There is insufficient memory for the Java Runtime Environment to continue.
# Native memory allocation (mmap) failed to map 27787264 bytes for committing reserved memory.
# Possible reasons:
#   The system is out of physical RAM or swap space
#   In 32 bit mode, the process size limit was hit
# Possible solutions:
#   Reduce memory load on the system
#   Increase physical memory or swap space
#   Check if swap backing store is full
#   Use 64 bit Java on a 64 bit OS
#   Decrease Java heap size (-Xmx/-Xms)
#   Decrease number of Java threads
#   Decrease Java thread stack sizes (-Xss)
#   Set larger code cache with -XX:ReservedCodeCacheSize=
# This output file may be truncated or incomplete.
#
#  Out of Memory Error (os_linux.cpp:2640), pid=17847, tid=0x00007ff20d264700
#
# JRE version: Java(TM) SE Runtime Environment (8.0_172-b11) (build 1.8.0_172-b11)
# Java VM: Java HotSpot(TM) 64-Bit Server VM (25.172-b11 mixed mode linux-amd64 compressed oops)
# Failed to write core dump. Core dumps have been disabled. To enable core dumping, try "ulimit -c unlimited" before starting Java again
#

---------------  T H R E A D  ---------------

Current thread (0x00007ff22007c000):  VMThread [stack: 0x00007ff20d164000,0x00007ff20d265000] [id=17859]

Stack: [0x00007ff20d164000,0x00007ff20d265000],  sp=0x00007ff20d2631a0,  free space=1020k
Native frames: (J=compiled Java code, j=interpreted, Vv=VM code, C=native code)
V  [libjvm.so+0xad221a]  VMError::report_and_die()+0x2ba
V  [libjvm.so+0x50185b]  report_vm_out_of_memory(char const*, int, unsigned long, VMErrorType, char const*)+0x8b
V  [libjvm.so+0x92fee3]  os::Linux::commit_memory_impl(char*, unsigned long, bool)+0x123
V  [libjvm.so+0x930109]  os::pd_commit_memory(char*, unsigned long, unsigned long, bool)+0x29
V  [libjvm.so+0x9273ca]  os::commit_memory(char*, unsigned long, unsigned long, bool)+0x2a
V  [libjvm.so+0x99d363]  PSVirtualSpace::expand_by(unsigned long)+0x53
V  [libjvm.so+0x99e768]  PSYoungGen::resize_generation(unsigned long, unsigned long)+0xf8
V  [libjvm.so+0x99d8c2]  PSYoungGen::resize(unsigned long, unsigned long)+0x22
V  [libjvm.so+0x99ab9b]  PSScavenge::invoke_no_policy()+0xf3b
V  [libjvm.so+0x99b321]  PSScavenge::invoke()+0x41
V  [libjvm.so+0x951df0]  ParallelScavengeHeap::failed_mem_allocate(unsigned long)+0x70
V  [libjvm.so+0xad3c97]  VM_ParallelGCFailedAllocation::doit()+0x97
V  [libjvm.so+0xadb7b5]  VM_Operation::evaluate()+0x55
V  [libjvm.so+0xad9b7a]  VMThread::evaluate_operation(VM_Operation*)+0xba
V  [libjvm.so+0xad9efe]  VMThread::loop()+0x1ce
V  [libjvm.so+0xada370]  VMThread::run()+0x70
V  [libjvm.so+0x930248]  java_start(Thread*)+0x108

VM_Operation (0x00007ff22650b430): ParallelGCFailedAllocation, mode: safepoint, requested by thread 0x00007ff22000e800


---------------  P R O C E S S  ---------------

Java Threads: ( => current thread )
  0x00007ff220b21800 JavaThread "HikariPool-1 housekeeper" daemon [_thread_blocked, id=17879, stack(0x00007ff1c2efb000,0x00007ff1c2ffc000)]
  0x00007ff22011c800 JavaThread "Abandoned connection cleanup thread" daemon [_thread_blocked, id=17877, stack(0x00007ff1c31fc000,0x00007ff1c32fd000)]
  0x00007ff220788000 JavaThread "container-0" [_thread_blocked, id=17876, stack(0x00007ff1c34fd000,0x00007ff1c35fe000)]
  0x00007ff220786800 JavaThread "ContainerBackgroundProcessor[StandardEngine[Tomcat]]" daemon [_thread_blocked, id=17875, stack(0x00007ff1c35fe000,0x00007ff1c36ff000)]
  0x00007ff2204ad000 JavaThread "RMI TCP Accept-0" daemon [_thread_in_native, id=17869, stack(0x00007ff1dccfc000,0x00007ff1dcdfd000)]
  0x00007ff220492800 JavaThread "RMI TCP Accept-37691" daemon [_thread_in_native, id=17868, stack(0x00007ff1dcdfd000,0x00007ff1dcefe000)]
  0x00007ff220479800 JavaThread "RMI TCP Accept-0" daemon [_thread_in_native, id=17867, stack(0x00007ff1dcefe000,0x00007ff1dcfff000)]
  0x00007ff2200ce800 JavaThread "Service Thread" daemon [_thread_blocked, id=17866, stack(0x00007ff20c8c2000,0x00007ff20c9c3000)]
  0x00007ff2200c1800 JavaThread "C1 CompilerThread2" daemon [_thread_blocked, id=17865, stack(0x00007ff20c9c3000,0x00007ff20cac4000)]
  0x00007ff2200bf800 JavaThread "C2 CompilerThread1" daemon [_thread_blocked, id=17864, stack(0x00007ff20cac4000,0x00007ff20cbc5000)]
  0x00007ff2200bc800 JavaThread "C2 CompilerThread0" daemon [_thread_blocked, id=17863, stack(0x00007ff20cbc5000,0x00007ff20ccc6000)]
  0x00007ff2200bb000 JavaThread "Signal Dispatcher" daemon [_thread_blocked, id=17862, stack(0x00007ff20ccc6000,0x00007ff20cdc7000)]
  0x00007ff220088800 JavaThread "Finalizer" daemon [_thread_blocked, id=17861, stack(0x00007ff20cf62000,0x00007ff20d063000)]
  0x00007ff220085800 JavaThread "Reference Handler" daemon [_thread_blocked, id=17860, stack(0x00007ff20d063000,0x00007ff20d164000)]
  0x00007ff22000e800 JavaThread "main" [_thread_blocked, id=17853, stack(0x00007ff22640f000,0x00007ff226510000)]

Other Threads:
=>0x00007ff22007c000 VMThread [stack: 0x00007ff20d164000,0x00007ff20d265000] [id=17859]
  0x00007ff2204af800 WatcherThread [stack: 0x00007ff1dcbfb000,0x00007ff1dccfc000] [id=17870]

VM state:at safepoint (normal execution)

VM Mutex/Monitor currently owned by a thread:  ([mutex/lock_event])
[0x00007ff22000a8e0] Threads_lock - owner thread: 0x00007ff22007c000
[0x00007ff22000ade0] Heap_lock - owner thread: 0x00007ff22000e800

Heap:
 PSYoungGen      total 121856K, used 10553K [0x00000000f6200000, 0x00000000fe580000, 0x0000000100000000)
  eden space 110592K, 0% used [0x00000000f6200000,0x00000000f6200000,0x00000000fce00000)
  from space 11264K, 93% used [0x00000000fcf80000,0x00000000fd9ce600,0x00000000fda80000)
  to   space 8704K, 0% used [0x00000000fdd00000,0x00000000fdd00000,0x00000000fe580000)
 ParOldGen       total 44032K, used 27438K [0x00000000e2600000, 0x00000000e5100000, 0x00000000f6200000)
  object space 44032K, 62% used [0x00000000e2600000,0x00000000e40cb9f8,0x00000000e5100000)
 Metaspace       used 46265K, capacity 48362K, committed 48512K, reserved 1091584K
  class space    used 6257K, capacity 6668K, committed 6784K, reserved 1048576K

Card table byte_map: [0x00007ff2100d4000,0x00007ff2101c2000] byte_map_base: 0x00007ff20f9c1000

Marking Bits: (ParMarkBitMap*) 0x00007ff225900de0
 Begin Bits: [0x00007ff20ee00000, 0x00007ff20f568000)
 End Bits:   [0x00007ff20f568000, 0x00007ff20fcd0000)

Polling page: 0x00007ff226523000

CodeCache: size=245760Kb used=7881Kb max_used=7881Kb free=237878Kb
 bounds [0x00007ff210582000, 0x00007ff210d42000, 0x00007ff21f582000]
 total_blobs=4349 nmethods=3826 adapters=436
 compilation: enabled

Compilation events (10 events):
Event: 46.019 Thread 0x00007ff2200c1800 3903       1       sun.reflect.generics.scope.AbstractScope::lookup (66 bytes)
Event: 46.022 Thread 0x00007ff2200c1800 nmethod 3903 0x00007ff210d33510 code [0x00007ff210d336c0, 0x00007ff210d33968]
Event: 46.029 Thread 0x00007ff2200c1800 3905       1       org.springframework.util.ReflectionUtils::findField (119 bytes)
Event: 46.036 Thread 0x00007ff2200c1800 nmethod 3905 0x00007ff210d33b90 code [0x00007ff210d33d60, 0x00007ff210d34168]
Event: 46.036 Thread 0x00007ff2200c1800 3904       1       org.springframework.util.ReflectionUtils::findField (7 bytes)
Event: 46.036 Thread 0x00007ff2200c1800 nmethod 3904 0x00007ff210d34550 code [0x00007ff210d346c0, 0x00007ff210d347c8]
Event: 46.045 Thread 0x00007ff2200c1800 3906       1       java.lang.reflect.Proxy$KeyX::equals (41 bytes)
Event: 46.045 Thread 0x00007ff2200c1800 nmethod 3906 0x00007ff210d34850 code [0x00007ff210d349c0, 0x00007ff210d34b88]
Event: 46.045 Thread 0x00007ff2200c1800 3907       1       java.lang.reflect.Proxy$KeyX::equals (51 bytes)
Event: 46.049 Thread 0x00007ff2200c1800 nmethod 3907 0x00007ff210d34c50 code [0x00007ff210d34dc0, 0x00007ff210d34f90]

GC Heap History (10 events):
Event: 3.558 GC heap after
Heap after GC invocations=10 (full 1):
 PSYoungGen      total 70144K, used 4576K [0x00000000f6200000, 0x00000000fc580000, 0x0000000100000000)
  eden space 65536K, 0% used [0x00000000f6200000,0x00000000f6200000,0x00000000fa200000)
  from space 4608K, 99% used [0x00000000fa200000,0x00000000fa678008,0x00000000fa680000)
  to   space 6144K, 0% used [0x00000000fbf80000,0x00000000fbf80000,0x00000000fc580000)
 ParOldGen       total 22016K, used 10246K [0x00000000e2600000, 0x00000000e3b80000, 0x00000000f6200000)
  object space 22016K, 46% used [0x00000000e2600000,0x00000000e3001870,0x00000000e3b80000)
 Metaspace       used 22574K, capacity 23332K, committed 23552K, reserved 1069056K
  class space    used 3025K, capacity 3219K, committed 3328K, reserved 1048576K
}
Event: 5.035 GC heap before
{Heap before GC invocations=11 (full 1):
 PSYoungGen      total 70144K, used 70112K [0x00000000f6200000, 0x00000000fc580000, 0x0000000100000000)
  eden space 65536K, 100% used [0x00000000f6200000,0x00000000fa200000,0x00000000fa200000)
  from space 4608K, 99% used [0x00000000fa200000,0x00000000fa678008,0x00000000fa680000)
  to   space 6144K, 0% used [0x00000000fbf80000,0x00000000fbf80000,0x00000000fc580000)
 ParOldGen       total 22016K, used 10246K [0x00000000e2600000, 0x00000000e3b80000, 0x00000000f6200000)
  object space 22016K, 46% used [0x00000000e2600000,0x00000000e3001870,0x00000000e3b80000)
 Metaspace       used 26178K, capacity 27336K, committed 27520K, reserved 1073152K
  class space    used 3579K, capacity 3841K, committed 3968K, reserved 1048576K
Event: 5.057 GC heap after
Heap after GC invocations=11 (full 1):
 PSYoungGen      total 93184K, used 6126K [0x00000000f6200000, 0x00000000fc980000, 0x0000000100000000)
  eden space 87040K, 0% used [0x00000000f6200000,0x00000000f6200000,0x00000000fb700000)
  from space 6144K, 99% used [0x00000000fbf80000,0x00000000fc57bb98,0x00000000fc580000)
  to   space 8704K, 0% used [0x00000000fb700000,0x00000000fb700000,0x00000000fbf80000)
 ParOldGen       total 22016K, used 14595K [0x00000000e2600000, 0x00000000e3b80000, 0x00000000f6200000)
  object space 22016K, 66% used [0x00000000e2600000,0x00000000e3440d08,0x00000000e3b80000)
 Metaspace       used 26178K, capacity 27336K, committed 27520K, reserved 1073152K
  class space    used 3579K, capacity 3841K, committed 3968K, reserved 1048576K
}
Event: 6.318 GC heap before
{Heap before GC invocations=12 (full 1):
 PSYoungGen      total 93184K, used 93166K [0x00000000f6200000, 0x00000000fc980000, 0x0000000100000000)
  eden space 87040K, 100% used [0x00000000f6200000,0x00000000fb700000,0x00000000fb700000)
  from space 6144K, 99% used [0x00000000fbf80000,0x00000000fc57bb98,0x00000000fc580000)
  to   space 8704K, 0% used [0x00000000fb700000,0x00000000fb700000,0x00000000fbf80000)
 ParOldGen       total 22016K, used 14595K [0x00000000e2600000, 0x00000000e3b80000, 0x00000000f6200000)
  object space 22016K, 66% used [0x00000000e2600000,0x00000000e3440d08,0x00000000e3b80000)
 Metaspace       used 29396K, capacity 30770K, committed 30976K, reserved 1075200K
  class space    used 3979K, capacity 4280K, committed 4352K, reserved 1048576K
Event: 6.353 GC heap after
Heap after GC invocations=12 (full 1):
 PSYoungGen      total 95744K, used 5736K [0x00000000f6200000, 0x00000000fe580000, 0x0000000100000000)
  eden space 87040K, 0% used [0x00000000f6200000,0x00000000f6200000,0x00000000fb700000)
  from space 8704K, 65% used [0x00000000fb700000,0x00000000fbc9a368,0x00000000fbf80000)
  to   space 8704K, 0% used [0x00000000fdd00000,0x00000000fdd00000,0x00000000fe580000)
 ParOldGen       total 22016K, used 20696K [0x00000000e2600000, 0x00000000e3b80000, 0x00000000f6200000)
  object space 22016K, 94% used [0x00000000e2600000,0x00000000e3a36150,0x00000000e3b80000)
 Metaspace       used 29396K, capacity 30770K, committed 30976K, reserved 1075200K
  class space    used 3979K, capacity 4280K, committed 4352K, reserved 1048576K
}
Event: 6.354 GC heap before
{Heap before GC invocations=13 (full 2):
 PSYoungGen      total 95744K, used 5736K [0x00000000f6200000, 0x00000000fe580000, 0x0000000100000000)
  eden space 87040K, 0% used [0x00000000f6200000,0x00000000f6200000,0x00000000fb700000)
  from space 8704K, 65% used [0x00000000fb700000,0x00000000fbc9a368,0x00000000fbf80000)
  to   space 8704K, 0% used [0x00000000fdd00000,0x00000000fdd00000,0x00000000fe580000)
 ParOldGen       total 22016K, used 20696K [0x00000000e2600000, 0x00000000e3b80000, 0x00000000f6200000)
  object space 22016K, 94% used [0x00000000e2600000,0x00000000e3a36150,0x00000000e3b80000)
 Metaspace       used 29396K, capacity 30770K, committed 30976K, reserved 1075200K
  class space    used 3979K, capacity 4280K, committed 4352K, reserved 1048576K
Event: 6.494 GC heap after
Heap after GC invocations=13 (full 2):
 PSYoungGen      total 95744K, used 0K [0x00000000f6200000, 0x00000000fe580000, 0x0000000100000000)
  eden space 87040K, 0% used [0x00000000f6200000,0x00000000f6200000,0x00000000fb700000)
  from space 8704K, 0% used [0x00000000fb700000,0x00000000fb700000,0x00000000fbf80000)
  to   space 8704K, 0% used [0x00000000fdd00000,0x00000000fdd00000,0x00000000fe580000)
 ParOldGen       total 44032K, used 20511K [0x00000000e2600000, 0x00000000e5100000, 0x00000000f6200000)
  object space 44032K, 46% used [0x00000000e2600000,0x00000000e3a07f58,0x00000000e5100000)
 Metaspace       used 29396K, capacity 30770K, committed 30976K, reserved 1075200K
  class space    used 3979K, capacity 4280K, committed 4352K, reserved 1048576K
}
Event: 8.916 GC heap before
{Heap before GC invocations=14 (full 2):
 PSYoungGen      total 95744K, used 87040K [0x00000000f6200000, 0x00000000fe580000, 0x0000000100000000)
  eden space 87040K, 100% used [0x00000000f6200000,0x00000000fb700000,0x00000000fb700000)
  from space 8704K, 0% used [0x00000000fb700000,0x00000000fb700000,0x00000000fbf80000)
  to   space 8704K, 0% used [0x00000000fdd00000,0x00000000fdd00000,0x00000000fe580000)
 ParOldGen       total 44032K, used 20511K [0x00000000e2600000, 0x00000000e5100000, 0x00000000f6200000)
  object space 44032K, 46% used [0x00000000e2600000,0x00000000e3a07f58,0x00000000e5100000)
 Metaspace       used 39934K, capacity 41500K, committed 41856K, reserved 1085440K
  class space    used 5418K, capacity 5741K, committed 5760K, reserved 1048576K
Event: 8.953 GC heap after
Heap after GC invocations=14 (full 2):
 PSYoungGen      total 119296K, used 8674K [0x00000000f6200000, 0x00000000fe580000, 0x0000000100000000)
  eden space 110592K, 0% used [0x00000000f6200000,0x00000000f6200000,0x00000000fce00000)
  from space 8704K, 99% used [0x00000000fdd00000,0x00000000fe5789e0,0x00000000fe580000)
  to   space 11264K, 0% used [0x00000000fcf80000,0x00000000fcf80000,0x00000000fda80000)
 ParOldGen       total 44032K, used 23422K [0x00000000e2600000, 0x00000000e5100000, 0x00000000f6200000)
  object space 44032K, 53% used [0x00000000e2600000,0x00000000e3cdf848,0x00000000e5100000)
 Metaspace       used 39934K, capacity 41500K, committed 41856K, reserved 1085440K
  class space    used 5418K, capacity 5741K, committed 5760K, reserved 1048576K
}
Event: 46.178 GC heap before
{Heap before GC invocations=15 (full 2):
 PSYoungGen      total 119296K, used 119266K [0x00000000f6200000, 0x00000000fe580000, 0x0000000100000000)
  eden space 110592K, 100% used [0x00000000f6200000,0x00000000fce00000,0x00000000fce00000)
  from space 8704K, 99% used [0x00000000fdd00000,0x00000000fe5789e0,0x00000000fe580000)
  to   space 11264K, 0% used [0x00000000fcf80000,0x00000000fcf80000,0x00000000fda80000)
 ParOldGen       total 44032K, used 23422K [0x00000000e2600000, 0x00000000e5100000, 0x00000000f6200000)
  object space 44032K, 53% used [0x00000000e2600000,0x00000000e3cdf848,0x00000000e5100000)
 Metaspace       used 46265K, capacity 48362K, committed 48512K, reserved 1091584K
  class space    used 6257K, capacity 6668K, committed 6784K, reserved 1048576K

Deoptimization events (0 events):
No events

Classes redefined (0 events):
No events

Internal exceptions (10 events):
Event: 46.063 Thread 0x00007ff22000e800 Exception <a 'java/lang/ClassNotFoundException': org/springframework/web/servlet/mvc/method/RequestMappingInfoHandlerMappingCustomizer> (0x00000000fcc113f0) thrown at [/HUDSON/workspace/8-2-build-linux-amd64/jdk8u172/10810/hotspot/src/share/vm/classfile/s
Event: 46.066 Thread 0x00007ff22000e800 Exception <a 'java/lang/ClassNotFoundException': org/springframework/web/servlet/mvc/method/annotation/RequestMappingHandlerMappingCustomizer> (0x00000000fcc31640) thrown at [/HUDSON/workspace/8-2-build-linux-amd64/jdk8u172/10810/hotspot/src/share/vm/clas
Event: 46.066 Thread 0x00007ff22000e800 Exception <a 'java/lang/ArrayIndexOutOfBoundsException'> (0x00000000fcc35638) thrown at [/HUDSON/workspace/8-2-build-linux-amd64/jdk8u172/10810/hotspot/src/share/vm/runtime/sharedRuntime.cpp, line 605]
Event: 46.070 Thread 0x00007ff22000e800 Exception <a 'java/lang/ClassNotFoundException': org/springframework/web/servlet/handler/MatchableHandlerMappingCustomizer> (0x00000000fcc77e40) thrown at [/HUDSON/workspace/8-2-build-linux-amd64/jdk8u172/10810/hotspot/src/share/vm/classfile/systemDiction
Event: 46.071 Thread 0x00007ff22000e800 Exception <a 'java/lang/ClassNotFoundException': org/springframework/context/EmbeddedValueResolverAwareCustomizer> (0x00000000fcc8ae70) thrown at [/HUDSON/workspace/8-2-build-linux-amd64/jdk8u172/10810/hotspot/src/share/vm/classfile/systemDictionary.cpp, 
Event: 46.073 Thread 0x00007ff22000e800 Exception <a 'java/lang/ClassNotFoundException': org/springframework/beans/factory/InitializingBeanCustomizer> (0x00000000fcc9d7e8) thrown at [/HUDSON/workspace/8-2-build-linux-amd64/jdk8u172/10810/hotspot/src/share/vm/classfile/systemDictionary.cpp, line
Event: 46.074 Thread 0x00007ff22000e800 Exception <a 'java/lang/ClassNotFoundException': org/springframework/web/servlet/HandlerMappingCustomizer> (0x00000000fccaeca0) thrown at [/HUDSON/workspace/8-2-build-linux-amd64/jdk8u172/10810/hotspot/src/share/vm/classfile/systemDictionary.cpp, line 210
Event: 46.075 Thread 0x00007ff22000e800 Exception <a 'java/lang/ClassNotFoundException': org/springframework/core/OrderedCustomizer> (0x00000000fccbd5e8) thrown at [/HUDSON/workspace/8-2-build-linux-amd64/jdk8u172/10810/hotspot/src/share/vm/classfile/systemDictionary.cpp, line 210]
Event: 46.076 Thread 0x00007ff22000e800 Exception <a 'java/lang/ClassNotFoundException': org/springframework/web/context/ServletContextAwareCustomizer> (0x00000000fcccfe50) thrown at [/HUDSON/workspace/8-2-build-linux-amd64/jdk8u172/10810/hotspot/src/share/vm/classfile/systemDictionary.cpp, lin
Event: 46.077 Thread 0x00007ff22000e800 Exception <a 'java/lang/ClassNotFoundException': org/springframework/context/ApplicationContextAwareCustomizer> (0x00000000fcce2b40) thrown at [/HUDSON/workspace/8-2-build-linux-amd64/jdk8u172/10810/hotspot/src/share/vm/classfile/systemDictionary.cpp, lin

Events (10 events):
Event: 46.139 loading class org/springframework/web/servlet/mvc/condition/ProducesRequestCondition done
Event: 46.141 loading class org/springframework/web/servlet/mvc/condition/ProducesRequestCondition$ProduceMediaTypeExpression
Event: 46.141 loading class org/springframework/web/servlet/mvc/condition/ProducesRequestCondition$ProduceMediaTypeExpression done
Event: 46.142 loading class org/springframework/web/servlet/mvc/condition/AbstractMediaTypeExpression
Event: 46.142 loading class org/springframework/web/servlet/mvc/condition/AbstractMediaTypeExpression done
Event: 46.142 loading class org/springframework/web/servlet/mvc/condition/MediaTypeExpression
Event: 46.142 loading class org/springframework/web/servlet/mvc/condition/MediaTypeExpression done
Event: 46.144 loading class org/springframework/web/servlet/mvc/condition/RequestConditionHolder
Event: 46.144 loading class org/springframework/web/servlet/mvc/condition/RequestConditionHolder done
Event: 46.160 Executing VM operation: ParallelGCFailedAllocation


Dynamic libraries:
00400000-00401000 r-xp 00000000 08:05 3933570                            /opt/jdk/jdk1.8.0_172/bin/java
00600000-00601000 rw-p 00000000 08:05 3933570                            /opt/jdk/jdk1.8.0_172/bin/java
02357000-02378000 rw-p 00000000 00:00 0                                  [heap]
e2600000-e5100000 rw-p 00000000 00:00 0 
e5100000-f6200000 ---p 00000000 00:00 0 
f6200000-fe580000 rw-p 00000000 00:00 0 
100000000-1006a0000 rw-p 00000000 00:00 0 
1006a0000-140000000 ---p 00000000 00:00 0 
7ff1a4000000-7ff1a4021000 rw-p 00000000 00:00 0 
7ff1a4021000-7ff1a8000000 ---p 00000000 00:00 0 
7ff1ac000000-7ff1ac021000 rw-p 00000000 00:00 0 
7ff1ac021000-7ff1b0000000 ---p 00000000 00:00 0 
7ff1b0000000-7ff1b0021000 rw-p 00000000 00:00 0 
7ff1b0021000-7ff1b4000000 ---p 00000000 00:00 0 
7ff1b4000000-7ff1b4021000 rw-p 00000000 00:00 0 
7ff1b4021000-7ff1b8000000 ---p 00000000 00:00 0 
7ff1b8000000-7ff1b8021000 rw-p 00000000 00:00 0 
7ff1b8021000-7ff1bc000000 ---p 00000000 00:00 0 
7ff1bc000000-7ff1bc06b000 rw-p 00000000 00:00 0 
7ff1bc06b000-7ff1c0000000 ---p 00000000 00:00 0 
7ff1c21fa000-7ff1c22ba000 rw-p 00000000 00:00 0 
7ff1c22ba000-7ff1c23fa000 ---p 00000000 00:00 0 
7ff1c23fa000-7ff1c25fa000 rw-p 00000000 00:00 0 
7ff1c25fa000-7ff1c27fa000 rw-p 00000000 00:00 0 
7ff1c27fa000-7ff1c29fa000 rw-p 00000000 00:00 0 
7ff1c29fa000-7ff1c2bfa000 rw-p 00000000 00:00 0 
7ff1c2bfa000-7ff1c2dfa000 rw-p 00000000 00:00 0 
7ff1c2dfa000-7ff1c2dfd000 ---p 00000000 00:00 0 
7ff1c2dfd000-7ff1c2efb000 rw-p 00000000 00:00 0 
7ff1c2efb000-7ff1c2efe000 ---p 00000000 00:00 0 
7ff1c2efe000-7ff1c2ffc000 rw-p 00000000 00:00 0 
7ff1c2ffc000-7ff1c31fc000 rw-p 00000000 00:00 0 
7ff1c31fc000-7ff1c31ff000 ---p 00000000 00:00 0 
7ff1c31ff000-7ff1c32fd000 rw-p 00000000 00:00 0 
7ff1c32fd000-7ff1c34fd000 rw-p 00000000 00:00 0 
7ff1c34fd000-7ff1c3500000 ---p 00000000 00:00 0 
7ff1c3500000-7ff1c35fe000 rw-p 00000000 00:00 0 
7ff1c35fe000-7ff1c3601000 ---p 00000000 00:00 0 
7ff1c3601000-7ff1c36ff000 rw-p 00000000 00:00 0 
7ff1c36ff000-7ff1c38ff000 rw-p 00000000 00:00 0 
7ff1c38ff000-7ff1c3aff000 rw-p 00000000 00:00 0 
7ff1c3aff000-7ff1c3cff000 rw-p 00000000 00:00 0 
7ff1c3cff000-7ff1c3eff000 rw-p 00000000 00:00 0 
7ff1c3eff000-7ff1c3f02000 ---p 00000000 00:00 0 
7ff1c3f02000-7ff1c4000000 rw-p 00000000 00:00 0 
7ff1c4000000-7ff1c4021000 rw-p 00000000 00:00 0 
7ff1c4021000-7ff1c8000000 ---p 00000000 00:00 0 
7ff1c8000000-7ff1c843a000 rw-p 00000000 00:00 0 
7ff1c843a000-7ff1cc000000 ---p 00000000 00:00 0 
7ff1cc000000-7ff1cc021000 rw-p 00000000 00:00 0 
7ff1cc021000-7ff1d0000000 ---p 00000000 00:00 0 
7ff1d0000000-7ff1d0021000 rw-p 00000000 00:00 0 
7ff1d0021000-7ff1d4000000 ---p 00000000 00:00 0 
7ff1d4000000-7ff1d4021000 rw-p 00000000 00:00 0 
7ff1d4021000-7ff1d8000000 ---p 00000000 00:00 0 
7ff1d8000000-7ff1d8021000 rw-p 00000000 00:00 0 
7ff1d8021000-7ff1dc000000 ---p 00000000 00:00 0 
7ff1dc064000-7ff1dc264000 rw-p 00000000 00:00 0 
7ff1dc264000-7ff1dc464000 rw-p 00000000 00:00 0 
7ff1dc464000-7ff1dc664000 rw-p 00000000 00:00 0 
7ff1dc664000-7ff1dc6fa000 r--s 0110d000 08:05 3935169                    /opt/jdk/jdk1.8.0_172/jre/lib/ext/jfxrt.jar
7ff1dc6fa000-7ff1dc8fa000 rw-p 00000000 00:00 0 
7ff1dc8fa000-7ff1dc8fd000 ---p 00000000 00:00 0 
7ff1dc8fd000-7ff1dc9fb000 rw-p 00000000 00:00 0 
7ff1dc9fb000-7ff1dcbfb000 rw-p 00000000 00:00 0 
7ff1dcbfb000-7ff1dcbfc000 ---p 00000000 00:00 0 
7ff1dcbfc000-7ff1dccfc000 rw-p 00000000 00:00 0 
7ff1dccfc000-7ff1dccff000 ---p 00000000 00:00 0 
7ff1dccff000-7ff1dcdfd000 rw-p 00000000 00:00 0 
7ff1dcdfd000-7ff1dce00000 ---p 00000000 00:00 0 
7ff1dce00000-7ff1dcefe000 rw-p 00000000 00:00 0 
7ff1dcefe000-7ff1dcf01000 ---p 00000000 00:00 0 
7ff1dcf01000-7ff1e0000000 rw-p 00000000 00:00 0 
7ff1e0000000-7ff1e0056000 rw-p 00000000 00:00 0 
7ff1e0056000-7ff1e4000000 ---p 00000000 00:00 0 
7ff1e4000000-7ff1e4570000 rw-p 00000000 00:00 0 
7ff1e4570000-7ff1e8000000 ---p 00000000 00:00 0 
7ff1e8000000-7ff1e8021000 rw-p 00000000 00:00 0 
7ff1e8021000-7ff1ec000000 ---p 00000000 00:00 0 
7ff1ec000000-7ff1ec021000 rw-p 00000000 00:00 0 
7ff1ec021000-7ff1f0000000 ---p 00000000 00:00 0 
7ff1f0000000-7ff1f0021000 rw-p 00000000 00:00 0 
7ff1f0021000-7ff1f4000000 ---p 00000000 00:00 0 
7ff1f4000000-7ff1f4021000 rw-p 00000000 00:00 0 
7ff1f4021000-7ff1f8000000 ---p 00000000 00:00 0 
7ff1f8000000-7ff1f8021000 rw-p 00000000 00:00 0 
7ff1f8021000-7ff1fc000000 ---p 00000000 00:00 0 
7ff1fc000000-7ff1fc292000 rw-p 00000000 00:00 0 
7ff1fc292000-7ff200000000 ---p 00000000 00:00 0 
7ff200000000-7ff200021000 rw-p 00000000 00:00 0 
7ff200021000-7ff204000000 ---p 00000000 00:00 0 
7ff204000000-7ff204021000 rw-p 00000000 00:00 0 
7ff204021000-7ff208000000 ---p 00000000 00:00 0 
7ff208000000-7ff208021000 rw-p 00000000 00:00 0 
7ff208021000-7ff20c000000 ---p 00000000 00:00 0 
7ff20c04f000-7ff20c054000 r--s 002f9000 08:05 3935105                    /opt/jdk/jdk1.8.0_172/jre/lib/charsets.jar
7ff20c054000-7ff20c067000 r--s 00345000 08:05 3935145                    /opt/jdk/jdk1.8.0_172/jre/lib/resources.jar
7ff20c067000-7ff20c06c000 r--s 0009d000 08:05 3935164                    /opt/jdk/jdk1.8.0_172/jre/lib/jsse.jar
7ff20c06c000-7ff20c076000 r--s 000ec000 08:05 4327818                    /home/christian/.m2/repository/mysql/mysql-connector-java/5.1.46/mysql-connector-java-5.1.46.jar
7ff20c076000-7ff20c078000 r--s 00004000 08:05 4327319                    /home/christian/.m2/repository/org/springframework/spring-jcl/5.0.7.RELEASE/spring-jcl-5.0.7.RELEASE.jar
7ff20c078000-7ff20c090000 r--s 00114000 08:05 4327317                    /home/christian/.m2/repository/org/springframework/spring-core/5.0.7.RELEASE/spring-core-5.0.7.RELEASE.jar
7ff20c090000-7ff20c095000 r--s 00040000 08:05 4327281                    /home/christian/.m2/repository/org/springframework/spring-expression/5.0.7.RELEASE/spring-expression-5.0.7.RELEASE.jar
7ff20c095000-7ff20c0a4000 r--s 000b2000 08:05 4327279                    /home/christian/.m2/repository/org/springframework/spring-webmvc/5.0.7.RELEASE/spring-webmvc-5.0.7.RELEASE.jar
7ff20c0a4000-7ff20c0be000 r--s 00119000 08:05 4327277                    /home/christian/.m2/repository/org/springframework/spring-web/5.0.7.RELEASE/spring-web-5.0.7.RELEASE.jar
7ff20c0be000-7ff20c0c3000 r--s 00012000 08:05 4327275                    /home/christian/.m2/repository/javax/validation/validation-api/2.0.1.Final/validation-api-2.0.1.Final.jar
7ff20c0c3000-7ff20c0df000 r--s 000f9000 08:05 4327273                    /home/christian/.m2/repository/org/hibernate/validator/hibernate-validator/6.0.10.Final/hibernate-validator-6.0.10.Final.jar
7ff20c0df000-7ff20c0e4000 r--s 0003a000 08:05 4327271                    /home/christian/.m2/repository/org/apache/tomcat/embed/tomcat-embed-websocket/8.5.31/tomcat-embed-websocket-8.5.31.jar
7ff20c0e4000-7ff20c0e8000 r--s 00037000 08:05 4327269                    /home/christian/.m2/repository/org/apache/tomcat/embed/tomcat-embed-el/8.5.31/tomcat-embed-el-8.5.31.jar
7ff20c0e8000-7ff20c111000 r--s 002d0000 08:05 4327267                    /home/christian/.m2/repository/org/apache/tomcat/embed/tomcat-embed-core/8.5.31/tomcat-embed-core-8.5.31.jar
7ff20c111000-7ff20c112000 r--s 00000000 08:05 4327265                    /home/christian/.m2/repository/org/springframework/boot/spring-boot-starter-tomcat/2.0.3.RELEASE/spring-boot-starter-tomcat-2.0.3.RELEASE.jar
7ff20c112000-7ff20c114000 r--s 00001000 08:05 4327263                    /home/christian/.m2/repository/com/fasterxml/jackson/module/jackson-module-parameter-names/2.9.6/jackson-module-parameter-names-2.9.6.jar
7ff20c114000-7ff20c117000 r--s 00016000 08:05 4327261                    /home/christian/.m2/repository/com/fasterxml/jackson/datatype/jackson-datatype-jsr310/2.9.6/jackson-datatype-jsr310-2.9.6.jar
7ff20c117000-7ff20c119000 r--s 00007000 08:05 4327259                    /home/christian/.m2/repository/com/fasterxml/jackson/datatype/jackson-datatype-jdk8/2.9.6/jackson-datatype-jdk8-2.9.6.jar
7ff20c119000-7ff20c11e000 r--s 0004b000 08:05 4327257                    /home/christian/.m2/repository/com/fasterxml/jackson/core/jackson-core/2.9.6/jackson-core-2.9.6.jar
7ff20c11e000-7ff20c121000 r--s 0000e000 08:05 4327255                    /home/christian/.m2/repository/com/fasterxml/jackson/core/jackson-annotations/2.9.0/jackson-annotations-2.9.0.jar
7ff20c121000-7ff20c134000 r--s 00137000 08:05 4327253                    /home/christian/.m2/repository/com/fasterxml/jackson/core/jackson-databind/2.9.6/jackson-databind-2.9.6.jar
7ff20c134000-7ff20c135000 r--s 00000000 08:05 4327251                    /home/christian/.m2/repository/org/springframework/boot/spring-boot-starter-json/2.0.3.RELEASE/spring-boot-starter-json-2.0.3.RELEASE.jar
7ff20c135000-7ff20c136000 r--s 00000000 08:05 4327249                    /home/christian/.m2/repository/org/springframework/boot/spring-boot-starter-web/2.0.3.RELEASE/spring-boot-starter-web-2.0.3.RELEASE.jar
7ff20c136000-7ff20c138000 r--s 0000a000 08:05 4327247                    /home/christian/.m2/repository/org/springframework/spring-aspects/5.0.7.RELEASE/spring-aspects-5.0.7.RELEASE.jar
7ff20c138000-7ff20c13a000 r--s 00009000 08:05 4327245                    /home/christian/.m2/repository/org/slf4j/slf4j-api/1.7.25/slf4j-api-1.7.25.jar
7ff20c13a000-7ff20c146000 r--s 00096000 08:05 4327243                    /home/christian/.m2/repository/org/springframework/spring-beans/5.0.7.RELEASE/spring-beans-5.0.7.RELEASE.jar
7ff20c146000-7ff20c14e000 r--s 00037000 08:05 4327241                    /home/christian/.m2/repository/org/springframework/spring-tx/5.0.7.RELEASE/spring-tx-5.0.7.RELEASE.jar
7ff20c14e000-7ff20c168000 r--s 000f1000 08:05 4327239                    /home/christian/.m2/repository/org/springframework/spring-context/5.0.7.RELEASE/spring-context-5.0.7.RELEASE.jar
7ff20c168000-7ff20c16c000 r--s 0002b000 08:05 4327237                    /home/christian/.m2/repository/org/springframework/spring-orm/5.0.7.RELEASE/spring-orm-5.0.7.RELEASE.jar
7ff20c16c000-7ff20c183000 r--s 000f1000 08:05 4327235                    /home/christian/.m2/repository/org/springframework/data/spring-data-commons/2.0.8.RELEASE/spring-data-commons-2.0.8.RELEASE.jar
7ff20c183000-7ff20c18b000 r--s 0004b000 08:05 4327233                    /home/christian/.m2/repository/org/springframework/data/spring-data-jpa/2.0.8.RELEASE/spring-data-jpa-2.0.8.RELEASE.jar
7ff20c18b000-7ff20c18d000 r--s 00006000 08:05 4327231                    /home/christian/.m2/repository/javax/transaction/javax.transaction-api/1.2/javax.transaction-api-1.2.jar
7ff20c18d000-7ff20c190000 r--s 00010000 08:05 4327229                    /home/christian/.m2/repository/org/hibernate/common/hibernate-commons-annotations/5.0.1.Final/hibernate-commons-annotations-5.0.1.Final.jar
7ff20c190000-7ff20c195000 r--s 00048000 08:05 4327227                    /home/christian/.m2/repository/dom4j/dom4j/1.6.1/dom4j-1.6.1.jar
7ff20c195000-7ff20c197000 r--s 0000e000 08:05 4327225                    /home/christian/.m2/repository/com/fasterxml/classmate/1.3.4/classmate-1.3.4.jar
7ff20c197000-7ff20c19a000 r--s 0002b000 08:05 4327223                    /home/christian/.m2/repository/org/jboss/jandex/2.0.3.Final/jandex-2.0.3.Final.jar
7ff20c19a000-7ff20c19f000 r--s 00068000 08:05 4327221                    /home/christian/.m2/repository/antlr/antlr/2.7.7/antlr-2.7.7.jar
7ff20c19f000-7ff20c1a9000 r--s 000ab000 08:05 4327219                    /home/christian/.m2/repository/org/javassist/javassist/3.22.0-GA/javassist-3.22.0-GA.jar
7ff20c1a9000-7ff20c1ae000 r--s 00017000 08:05 4327217                    /home/christian/.m2/repository/org/hibernate/javax/persistence/hibernate-jpa-2.1-api/1.0.2.Final/hibernate-jpa-2.1-api-1.0.2.Final.jar
7ff20c1ae000-7ff20c1b0000 r--s 0000f000 08:05 4327215                    /home/christian/.m2/repository/org/jboss/logging/jboss-logging/3.3.2.Final/jboss-logging-3.3.2.Final.jar
7ff20c1b0000-7ff20c22e000 r--s 005f0000 08:05 4327213                    /home/christian/.m2/repository/org/hibernate/hibernate-core/5.2.17.Final/hibernate-core-5.2.17.Final.jar
7ff20c22e000-7ff20c237000 r--s 00059000 08:05 4327211                    /home/christian/.m2/repository/org/springframework/spring-jdbc/5.0.7.RELEASE/spring-jdbc-5.0.7.RELEASE.jar
7ff20c237000-7ff20c250000 r--s 001bf000 08:05 4327205                    /home/christian/.m2/repository/org/aspectj/aspectjweaver/1.8.13/aspectjweaver-1.8.13.jar
7ff20c250000-7ff20c259000 r--s 00051000 08:05 4327203                    /home/christian/.m2/repository/org/springframework/spring-aop/5.0.7.RELEASE/spring-aop-5.0.7.RELEASE.jar
7ff20c259000-7ff20c260000 r--s 00042000 08:05 4327199                    /home/christian/.m2/repository/org/yaml/snakeyaml/1.19/snakeyaml-1.19.jar
7ff20c260000-7ff20c266000 r--s 00039000 08:05 4327193                    /home/christian/.m2/repository/org/apache/logging/log4j/log4j-api/2.10.0/log4j-api-2.10.0.jar
7ff20c266000-7ff20c271000 r--s 00069000 08:05 4327189                    /home/christian/.m2/repository/ch/qos/logback/logback-core/1.2.3/logback-core-1.2.3.jar
7ff20c271000-7ff20c291000 r--s 000fc000 08:05 4327183                    /home/christian/.m2/repository/org/springframework/boot/spring-boot-autoconfigure/2.0.3.RELEASE/spring-boot-autoconfigure-2.0.3.RELEASE.jar
7ff20c291000-7ff20c2a2000 r-xp 00000000 08:05 3935326                    /opt/jdk/jdk1.8.0_172/jre/lib/amd64/libnio.so
7ff20c2a2000-7ff20c4a1000 ---p 00011000 08:05 3935326                    /opt/jdk/jdk1.8.0_172/jre/lib/amd64/libnio.so
7ff20c4a1000-7ff20c4a2000 rw-p 00010000 08:05 3935326                    /opt/jdk/jdk1.8.0_172/jre/lib/amd64/libnio.so
7ff20c4a2000-7ff20c4b8000 r-xp 00000000 08:05 3935323                    /opt/jdk/jdk1.8.0_172/jre/lib/amd64/libnet.so
7ff20c4b8000-7ff20c6b8000 ---p 00016000 08:05 3935323                    /opt/jdk/jdk1.8.0_172/jre/lib/amd64/libnet.so
7ff20c6b8000-7ff20c6b9000 rw-p 00016000 08:05 3935323                    /opt/jdk/jdk1.8.0_172/jre/lib/amd64/libnet.so
7ff20c6b9000-7ff20c6c2000 r-xp 00000000 08:05 3935331                    /opt/jdk/jdk1.8.0_172/jre/lib/amd64/libmanagement.so
7ff20c6c2000-7ff20c8c1000 ---p 00009000 08:05 3935331                    /opt/jdk/jdk1.8.0_172/jre/lib/amd64/libmanagement.so
7ff20c8c1000-7ff20c8c2000 rw-p 00008000 08:05 3935331                    /opt/jdk/jdk1.8.0_172/jre/lib/amd64/libmanagement.so
7ff20c8c2000-7ff20c8c5000 ---p 00000000 00:00 0 
7ff20c8c5000-7ff20c9c3000 rw-p 00000000 00:00 0 
7ff20c9c3000-7ff20c9c6000 ---p 00000000 00:00 0 
7ff20c9c6000-7ff20cac4000 rw-p 00000000 00:00 0 
7ff20cac4000-7ff20cac7000 ---p 00000000 00:00 0 
7ff20cac7000-7ff20cbc5000 rw-p 00000000 00:00 0 
7ff20cbc5000-7ff20cbc8000 ---p 00000000 00:00 0 
7ff20cbc8000-7ff20ccc6000 rw-p 00000000 00:00 0 
7ff20ccc6000-7ff20ccc9000 ---p 00000000 00:00 0 
7ff20ccc9000-7ff20cdc7000 rw-p 00000000 00:00 0 
7ff20cdc7000-7ff20cf62000 r--p 00000000 08:05 7083482                    /usr/lib/locale/locale-archive
7ff20cf62000-7ff20cf65000 ---p 00000000 00:00 0 
7ff20cf65000-7ff20d063000 rw-p 00000000 00:00 0 
7ff20d063000-7ff20d066000 ---p 00000000 00:00 0 
7ff20d066000-7ff20d164000 rw-p 00000000 00:00 0 
7ff20d164000-7ff20d165000 ---p 00000000 00:00 0 
7ff20d165000-7ff20e268000 rw-p 00000000 00:00 0 
7ff20e268000-7ff20e442000 r--s 03d6a000 08:05 3935107                    /opt/jdk/jdk1.8.0_172/jre/lib/rt.jar
7ff20e442000-7ff20e513000 rw-p 00000000 00:00 0 
7ff20e513000-7ff20fcd0000 rw-p 00000000 00:00 0 
7ff20fcd0000-7ff20fcd1000 ---p 00000000 00:00 0 
7ff20fcd1000-7ff20fdd1000 rw-p 00000000 00:00 0 
7ff20fdd1000-7ff20fdd2000 ---p 00000000 00:00 0 
7ff20fdd2000-7ff20fed2000 rw-p 00000000 00:00 0 
7ff20fed2000-7ff20fed3000 ---p 00000000 00:00 0 
7ff20fed3000-7ff20ffd3000 rw-p 00000000 00:00 0 
7ff20ffd3000-7ff20ffd4000 ---p 00000000 00:00 0 
7ff20ffd4000-7ff2100d4000 rw-p 00000000 00:00 0 
7ff2100d4000-7ff2100ea000 rw-p 00000000 00:00 0 
7ff2100ea000-7ff210172000 ---p 00000000 00:00 0 
7ff210172000-7ff2101b4000 rw-p 00000000 00:00 0 
7ff2101b4000-7ff2101c1000 ---p 00000000 00:00 0 
7ff2101c1000-7ff2101e1000 rw-p 00000000 00:00 0 
7ff2101e1000-7ff210582000 ---p 00000000 00:00 0 
7ff210582000-7ff210d42000 rwxp 00000000 00:00 0 
7ff210d42000-7ff21f582000 ---p 00000000 00:00 0 
7ff21f582000-7ff21f59d000 r-xp 00000000 08:05 3935319                    /opt/jdk/jdk1.8.0_172/jre/lib/amd64/libzip.so
7ff21f59d000-7ff21f79d000 ---p 0001b000 08:05 3935319                    /opt/jdk/jdk1.8.0_172/jre/lib/amd64/libzip.so
7ff21f79d000-7ff21f79e000 rw-p 0001b000 08:05 3935319                    /opt/jdk/jdk1.8.0_172/jre/lib/amd64/libzip.so
7ff21f79e000-7ff21f7a8000 r-xp 00000000 08:05 6294866                    /lib/x86_64-linux-gnu/libnss_files-2.24.so
7ff21f7a8000-7ff21f9a8000 ---p 0000a000 08:05 6294866                    /lib/x86_64-linux-gnu/libnss_files-2.24.so
7ff21f9a8000-7ff21f9a9000 r--p 0000a000 08:05 6294866                    /lib/x86_64-linux-gnu/libnss_files-2.24.so
7ff21f9a9000-7ff21f9aa000 rw-p 0000b000 08:05 6294866                    /lib/x86_64-linux-gnu/libnss_files-2.24.so
7ff21f9aa000-7ff21f9b0000 rw-p 00000000 00:00 0 
7ff21f9b0000-7ff21f9bb000 r-xp 00000000 08:05 6294868                    /lib/x86_64-linux-gnu/libnss_nis-2.24.so
7ff21f9bb000-7ff21fbba000 ---p 0000b000 08:05 6294868                    /lib/x86_64-linux-gnu/libnss_nis-2.24.so
7ff21fbba000-7ff21fbbb000 r--p 0000a000 08:05 6294868                    /lib/x86_64-linux-gnu/libnss_nis-2.24.so
7ff21fbbb000-7ff21fbbc000 rw-p 0000b000 08:05 6294868                    /lib/x86_64-linux-gnu/libnss_nis-2.24.so
7ff21fbbc000-7ff21fbd0000 r-xp 00000000 08:05 6294863                    /lib/x86_64-linux-gnu/libnsl-2.24.so
7ff21fbd0000-7ff21fdd0000 ---p 00014000 08:05 6294863                    /lib/x86_64-linux-gnu/libnsl-2.24.so
7ff21fdd0000-7ff21fdd1000 r--p 00014000 08:05 6294863                    /lib/x86_64-linux-gnu/libnsl-2.24.so
7ff21fdd1000-7ff21fdd2000 rw-p 00015000 08:05 6294863                    /lib/x86_64-linux-gnu/libnsl-2.24.so
7ff21fdd2000-7ff21fdd4000 rw-p 00000000 00:00 0 
7ff21fdd4000-7ff21fdff000 r-xp 00000000 08:05 3935313                    /opt/jdk/jdk1.8.0_172/jre/lib/amd64/libjava.so
7ff21fdff000-7ff21fffe000 ---p 0002b000 08:05 3935313                    /opt/jdk/jdk1.8.0_172/jre/lib/amd64/libjava.so
7ff21fffe000-7ff220000000 rw-p 0002a000 08:05 3935313                    /opt/jdk/jdk1.8.0_172/jre/lib/amd64/libjava.so
7ff220000000-7ff220ff6000 rw-p 00000000 00:00 0 
7ff220ff6000-7ff224000000 ---p 00000000 00:00 0 
7ff224000000-7ff224004000 r--s 00020000 08:05 4327209                    /home/christian/.m2/repository/com/zaxxer/HikariCP/2.7.9/HikariCP-2.7.9.jar
7ff224004000-7ff22400a000 r--s 00041000 08:05 4327187                    /home/christian/.m2/repository/ch/qos/logback/logback-classic/1.2.3/logback-classic-1.2.3.jar
7ff22400a000-7ff224011000 r-xp 00000000 08:05 6294864                    /lib/x86_64-linux-gnu/libnss_compat-2.24.so
7ff224011000-7ff224210000 ---p 00007000 08:05 6294864                    /lib/x86_64-linux-gnu/libnss_compat-2.24.so
7ff224210000-7ff224211000 r--p 00006000 08:05 6294864                    /lib/x86_64-linux-gnu/libnss_compat-2.24.so
7ff224211000-7ff224212000 rw-p 00007000 08:05 6294864                    /lib/x86_64-linux-gnu/libnss_compat-2.24.so
7ff224212000-7ff22421f000 r-xp 00000000 08:05 3935318                    /opt/jdk/jdk1.8.0_172/jre/lib/amd64/libverify.so
7ff22421f000-7ff22441f000 ---p 0000d000 08:05 3935318                    /opt/jdk/jdk1.8.0_172/jre/lib/amd64/libverify.so
7ff22441f000-7ff224421000 rw-p 0000d000 08:05 3935318                    /opt/jdk/jdk1.8.0_172/jre/lib/amd64/libverify.so
7ff224421000-7ff224428000 r-xp 00000000 08:05 6294873                    /lib/x86_64-linux-gnu/librt-2.24.so
7ff224428000-7ff224627000 ---p 00007000 08:05 6294873                    /lib/x86_64-linux-gnu/librt-2.24.so
7ff224627000-7ff224628000 r--p 00006000 08:05 6294873                    /lib/x86_64-linux-gnu/librt-2.24.so
7ff224628000-7ff224629000 rw-p 00007000 08:05 6294873                    /lib/x86_64-linux-gnu/librt-2.24.so
7ff224629000-7ff22472c000 r-xp 00000000 08:05 6294860                    /lib/x86_64-linux-gnu/libm-2.24.so
7ff22472c000-7ff22492b000 ---p 00103000 08:05 6294860                    /lib/x86_64-linux-gnu/libm-2.24.so
7ff22492b000-7ff22492c000 r--p 00102000 08:05 6294860                    /lib/x86_64-linux-gnu/libm-2.24.so
7ff22492c000-7ff22492d000 rw-p 00103000 08:05 6294860                    /lib/x86_64-linux-gnu/libm-2.24.so
7ff22492d000-7ff225609000 r-xp 00000000 08:05 3935295                    /opt/jdk/jdk1.8.0_172/jre/lib/amd64/server/libjvm.so
7ff225609000-7ff225809000 ---p 00cdc000 08:05 3935295                    /opt/jdk/jdk1.8.0_172/jre/lib/amd64/server/libjvm.so
7ff225809000-7ff2258e3000 rw-p 00cdc000 08:05 3935295                    /opt/jdk/jdk1.8.0_172/jre/lib/amd64/server/libjvm.so
7ff2258e3000-7ff22592e000 rw-p 00000000 00:00 0 
7ff22592e000-7ff225ac3000 r-xp 00000000 08:05 6294856                    /lib/x86_64-linux-gnu/libc-2.24.so
7ff225ac3000-7ff225cc3000 ---p 00195000 08:05 6294856                    /lib/x86_64-linux-gnu/libc-2.24.so
7ff225cc3000-7ff225cc7000 r--p 00195000 08:05 6294856                    /lib/x86_64-linux-gnu/libc-2.24.so
7ff225cc7000-7ff225cc9000 rw-p 00199000 08:05 6294856                    /lib/x86_64-linux-gnu/libc-2.24.so
7ff225cc9000-7ff225ccd000 rw-p 00000000 00:00 0 
7ff225ccd000-7ff225cd0000 r-xp 00000000 08:05 6294859                    /lib/x86_64-linux-gnu/libdl-2.24.so
7ff225cd0000-7ff225ecf000 ---p 00003000 08:05 6294859                    /lib/x86_64-linux-gnu/libdl-2.24.so
7ff225ecf000-7ff225ed0000 r--p 00002000 08:05 6294859                    /lib/x86_64-linux-gnu/libdl-2.24.so
7ff225ed0000-7ff225ed1000 rw-p 00003000 08:05 6294859                    /lib/x86_64-linux-gnu/libdl-2.24.so
7ff225ed1000-7ff225ee7000 r-xp 00000000 08:05 3934932                    /opt/jdk/jdk1.8.0_172/lib/amd64/jli/libjli.so
7ff225ee7000-7ff2260e6000 ---p 00016000 08:05 3934932                    /opt/jdk/jdk1.8.0_172/lib/amd64/jli/libjli.so
7ff2260e6000-7ff2260e7000 rw-p 00015000 08:05 3934932                    /opt/jdk/jdk1.8.0_172/lib/amd64/jli/libjli.so
7ff2260e7000-7ff2260ff000 r-xp 00000000 08:05 6294871                    /lib/x86_64-linux-gnu/libpthread-2.24.so
7ff2260ff000-7ff2262fe000 ---p 00018000 08:05 6294871                    /lib/x86_64-linux-gnu/libpthread-2.24.so
7ff2262fe000-7ff2262ff000 r--p 00017000 08:05 6294871                    /lib/x86_64-linux-gnu/libpthread-2.24.so
7ff2262ff000-7ff226300000 rw-p 00018000 08:05 6294871                    /lib/x86_64-linux-gnu/libpthread-2.24.so
7ff226300000-7ff226304000 rw-p 00000000 00:00 0 
7ff226304000-7ff226327000 r-xp 00000000 08:05 6294852                    /lib/x86_64-linux-gnu/ld-2.24.so
7ff226327000-7ff226328000 r--s 00000000 08:05 4327207                    /home/christian/.m2/repository/org/springframework/boot/spring-boot-starter-jdbc/2.0.3.RELEASE/spring-boot-starter-jdbc-2.0.3.RELEASE.jar
7ff226328000-7ff22632a000 r--s 00005000 08:05 4327197                    /home/christian/.m2/repository/javax/annotation/javax.annotation-api/1.3.2/javax.annotation-api-1.3.2.jar
7ff22632a000-7ff22633f000 r--s 000cf000 08:05 4327181                    /home/christian/.m2/repository/org/springframework/boot/spring-boot/2.0.3.RELEASE/spring-boot-2.0.3.RELEASE.jar
7ff22633f000-7ff226367000 rw-p 00000000 00:00 0 
7ff226367000-7ff226387000 rw-p 00000000 00:00 0 
7ff226387000-7ff22640f000 ---p 00000000 00:00 0 
7ff22640f000-7ff226412000 ---p 00000000 00:00 0 
7ff226412000-7ff226512000 rw-p 00000000 00:00 0 
7ff226512000-7ff226513000 r--s 00000000 08:05 4327201                    /home/christian/.m2/repository/org/springframework/boot/spring-boot-starter-aop/2.0.3.RELEASE/spring-boot-starter-aop-2.0.3.RELEASE.jar
7ff226513000-7ff226515000 r--s 00000000 08:05 4327195                    /home/christian/.m2/repository/org/slf4j/jul-to-slf4j/1.7.25/jul-to-slf4j-1.7.25.jar
7ff226515000-7ff226517000 r--s 00003000 08:05 4327191                    /home/christian/.m2/repository/org/apache/logging/log4j/log4j-to-slf4j/2.10.0/log4j-to-slf4j-2.10.0.jar
7ff226517000-7ff226518000 r--s 00000000 08:05 4327185                    /home/christian/.m2/repository/org/springframework/boot/spring-boot-starter-logging/2.0.3.RELEASE/spring-boot-starter-logging-2.0.3.RELEASE.jar
7ff226518000-7ff226519000 r--s 00000000 08:05 4327179                    /home/christian/.m2/repository/org/springframework/boot/spring-boot-starter/2.0.3.RELEASE/spring-boot-starter-2.0.3.RELEASE.jar
7ff226519000-7ff22651a000 r--s 00000000 08:05 4327177                    /home/christian/.m2/repository/org/springframework/boot/spring-boot-starter-data-jpa/2.0.3.RELEASE/spring-boot-starter-data-jpa-2.0.3.RELEASE.jar
7ff22651a000-7ff226522000 rw-s 00000000 08:05 5912533                    /tmp/hsperfdata_christian/17847
7ff226522000-7ff226523000 rw-p 00000000 00:00 0 
7ff226523000-7ff226524000 ---p 00000000 00:00 0 
7ff226524000-7ff226527000 rw-p 00000000 00:00 0 
7ff226527000-7ff226528000 r--p 00023000 08:05 6294852                    /lib/x86_64-linux-gnu/ld-2.24.so
7ff226528000-7ff226529000 rw-p 00024000 08:05 6294852                    /lib/x86_64-linux-gnu/ld-2.24.so
7ff226529000-7ff22652a000 rw-p 00000000 00:00 0 
7ffcb60c8000-7ffcb60eb000 rw-p 00000000 00:00 0                          [stack]
7ffcb611f000-7ffcb6121000 r--p 00000000 00:00 0                          [vvar]
7ffcb6121000-7ffcb6123000 r-xp 00000000 00:00 0                          [vdso]
ffffffffff600000-ffffffffff601000 r-xp 00000000 00:00 0                  [vsyscall]

VM Arguments:
jvm_args: -Dcom.sun.management.jmxremote -Dcom.sun.management.jmxremote.port=37691 -Dcom.sun.management.jmxremote.authenticate=false -Dcom.sun.management.jmxremote.ssl=false -Djava.rmi.server.hostname=localhost -Dspring.liveBeansView.mbeanDomain -Dspring.application.admin.enabled=true -Djava.security.egd=file:/dev/./urandom -Xverify:none -XX:TieredStopAtLevel=1 -Dfile.encoding=UTF-8 
java_command: com.cpeeventsystem.mainserver.MainserverApplication --spring.output.ansi.enabled=always
java_class_path (initial): /opt/jdk/jdk1.8.0_172/jre/lib/resources.jar:/opt/jdk/jdk1.8.0_172/jre/lib/rt.jar:/opt/jdk/jdk1.8.0_172/jre/lib/jsse.jar:/opt/jdk/jdk1.8.0_172/jre/lib/jce.jar:/opt/jdk/jdk1.8.0_172/jre/lib/charsets.jar:/opt/jdk/jdk1.8.0_172/jre/lib/jfr.jar:/opt/jdk/jdk1.8.0_172/jre/lib/ext/localedata.jar:/opt/jdk/jdk1.8.0_172/jre/lib/ext/sunjce_provider.jar:/opt/jdk/jdk1.8.0_172/jre/lib/ext/jfxrt.jar:/opt/jdk/jdk1.8.0_172/jre/lib/ext/nashorn.jar:/opt/jdk/jdk1.8.0_172/jre/lib/ext/cldrdata.jar:/opt/jdk/jdk1.8.0_172/jre/lib/ext/dnsns.jar:/opt/jdk/jdk1.8.0_172/jre/lib/ext/sunpkcs11.jar:/opt/jdk/jdk1.8.0_172/jre/lib/ext/zipfs.jar:/opt/jdk/jdk1.8.0_172/jre/lib/ext/sunec.jar:/opt/jdk/jdk1.8.0_172/jre/lib/ext/jaccess.jar:/home/christian/Documents/Workspace/Spring Tool Suite/cpe-event-system/mainserver/target/classes:/home/christian/.m2/repository/org/springframework/boot/spring-boot-starter-data-jpa/2.0.3.RELEASE/spring-boot-starter-data-jpa-2.0.3.RELEASE.jar:/home/christian/.m2/repository/org/springframework/boot/spring-boot-starter/2.0.3.RELEASE/spring-boot-starter-2.0.3.RELEASE.jar:/home/christian/.m2/repository/org/springframework/boot/spring-boot/2.0.3.RELEASE/spring-boot-2.0.3.RELEASE.jar:/home/christian/.m2/repository/org/springframework/boot/spring-boot-autoconfigure/2.0.3.RELEASE/spring-boot-autoconfigure-2.0.3.RELEASE.jar:/home/christian/.m2/repository/org/springframework/boot/spring-boot-starter-logging/2.0.3.RELEASE/spring-boot-starter-logging-2.0.3.RELEASE.jar:/home/christian/.m2/repository/ch/qos/logback/logback-classic/1.2.3/logback-classic-1.2.3.jar:/home/christian/.m2/repository/ch/qos/logback/logback-core/1.2.3/logback-core-1.2.3.jar:/home/christian/.m2/repository/org/apache/logging/log4j/log4j-to-slf4j/2.10.0/log4j-to-slf4j-2.10.0.jar:/home/christian/.m2/repository/org/apache/logging/log4j/log4j-api/2.10.0/log4j-api-2.10.0.jar:/home/christian/.m2/repository/org/slf4j/jul-to-slf4j/1.7.25/jul-to-slf4j-1.7.25.jar:/home/christian/.m2/repository/jav
Launcher Type: SUN_STANDARD

Environment Variables:
PATH=/usr/local/bin:/usr/bin:/bin:/usr/local/games:/usr/games
SHELL=/bin/bash
DISPLAY=:0

Signal Handlers:
SIGSEGV: [libjvm.so+0xad2ab0], sa_mask[0]=11111111011111111101111111111110, sa_flags=SA_RESTART|SA_SIGINFO
SIGBUS: [libjvm.so+0xad2ab0], sa_mask[0]=11111111011111111101111111111110, sa_flags=SA_RESTART|SA_SIGINFO
SIGFPE: [libjvm.so+0x92a790], sa_mask[0]=11111111011111111101111111111110, sa_flags=SA_RESTART|SA_SIGINFO
SIGPIPE: [libjvm.so+0x92a790], sa_mask[0]=11111111011111111101111111111110, sa_flags=SA_RESTART|SA_SIGINFO
SIGXFSZ: [libjvm.so+0x92a790], sa_mask[0]=11111111011111111101111111111110, sa_flags=SA_RESTART|SA_SIGINFO
SIGILL: [libjvm.so+0x92a790], sa_mask[0]=11111111011111111101111111111110, sa_flags=SA_RESTART|SA_SIGINFO
SIGUSR1: SIG_DFL, sa_mask[0]=00000000000000000000000000000000, sa_flags=none
SIGUSR2: [libjvm.so+0x92bff0], sa_mask[0]=00100000000000000000000000000000, sa_flags=SA_RESTART|SA_SIGINFO
SIGHUP: [libjvm.so+0x92d3f0], sa_mask[0]=11111111011111111101111111111110, sa_flags=SA_RESTART|SA_SIGINFO
SIGINT: [libjvm.so+0x92d3f0], sa_mask[0]=11111111011111111101111111111110, sa_flags=SA_RESTART|SA_SIGINFO
SIGTERM: [libjvm.so+0x92d3f0], sa_mask[0]=11111111011111111101111111111110, sa_flags=SA_RESTART|SA_SIGINFO
SIGQUIT: [libjvm.so+0x92d3f0], sa_mask[0]=11111111011111111101111111111110, sa_flags=SA_RESTART|SA_SIGINFO


---------------  S Y S T E M  ---------------

OS:PRETTY_NAME="Debian GNU/Linux 9 (stretch)"
NAME="Debian GNU/Linux"
VERSION_ID="9"
VERSION="9 (stretch)"
ID=debian
HOME_URL="https://www.debian.org/"
SUPPORT_URL="https://www.debian.org/support"
BUG_REPORT_URL="https://bugs.debian.org/"

uname:Linux 4.9.0-4-amd64 #1 SMP Debian 4.9.65-3+deb9u1 (2017-12-23) x86_64
libc:glibc 2.24 NPTL 2.24 
rlimit: STACK 8192k, CORE 0k, NPROC 6535, NOFILE 1048576, AS infinity
load average:5.40 2.11 1.42

/proc/meminfo:
MemTotal:        1936424 kB
MemFree:          133092 kB
MemAvailable:     104768 kB
Buffers:            1588 kB
Cached:           121512 kB
SwapCached:         1496 kB
Active:          1138420 kB
Inactive:         474372 kB
Active(anon):    1132652 kB
Inactive(anon):   416008 kB
Active(file):       5768 kB
Inactive(file):    58364 kB
Unevictable:          32 kB
Mlocked:              32 kB
SwapTotal:       1980412 kB
SwapFree:          19620 kB
Dirty:                52 kB
Writeback:           752 kB
AnonPages:       1489292 kB
Mapped:            42768 kB
Shmem:             58820 kB
Slab:              72936 kB
SReclaimable:      29180 kB
SUnreclaim:        43756 kB
KernelStack:       11936 kB
PageTables:        58388 kB
NFS_Unstable:          0 kB
Bounce:                0 kB
WritebackTmp:          0 kB
CommitLimit:     2948624 kB
Committed_AS:    8826000 kB
VmallocTotal:   34359738367 kB
VmallocUsed:           0 kB
VmallocChunk:          0 kB
HardwareCorrupted:     0 kB
AnonHugePages:         0 kB
ShmemHugePages:        0 kB
ShmemPmdMapped:        0 kB
HugePages_Total:       0
HugePages_Free:        0
HugePages_Rsvd:        0
HugePages_Surp:        0
Hugepagesize:       2048 kB
DirectMap4k:      195520 kB
DirectMap2M:     1785856 kB


CPU:total 4 (initial active 4) (4 cores per cpu, 1 threads per core) family 6 model 55 stepping 8, cmov, cx8, fxsr, mmx, sse, sse2, sse3, ssse3, sse4.1, sse4.2, popcnt, clmul, erms, 3dnowpref, tsc, tscinvbit

/proc/cpuinfo:
processor	: 0
vendor_id	: GenuineIntel
cpu family	: 6
model		: 55
model name	: Intel(R) Pentium(R) CPU  N3540  @ 2.16GHz
stepping	: 8
microcode	: 0x815
cpu MHz		: 2666.535
cache size	: 1024 KB
physical id	: 0
siblings	: 4
core id		: 0
cpu cores	: 4
apicid		: 0
initial apicid	: 0
fpu		: yes
fpu_exception	: yes
cpuid level	: 11
wp		: yes
flags		: fpu vme de pse tsc msr pae mce cx8 apic sep mtrr pge mca cmov pat pse36 clflush dts acpi mmx fxsr sse sse2 ss ht tm pbe syscall nx rdtscp lm constant_tsc arch_perfmon pebs bts rep_good nopl xtopology nonstop_tsc aperfmperf eagerfpu pni pclmulqdq dtes64 monitor ds_cpl vmx est tm2 ssse3 cx16 xtpr pdcm sse4_1 sse4_2 movbe popcnt tsc_deadline_timer rdrand lahf_lm 3dnowprefetch epb tpr_shadow vnmi flexpriority ept vpid tsc_adjust smep erms dtherm ida arat
bugs		:
bogomips	: 4331.60
clflush size	: 64
cache_alignment	: 64
address sizes	: 36 bits physical, 48 bits virtual
power management:

processor	: 1
vendor_id	: GenuineIntel
cpu family	: 6
model		: 55
model name	: Intel(R) Pentium(R) CPU  N3540  @ 2.16GHz
stepping	: 8
microcode	: 0x815
cpu MHz		: 2666.006
cache size	: 1024 KB
physical id	: 0
siblings	: 4
core id		: 1
cpu cores	: 4
apicid		: 2
initial apicid	: 2
fpu		: yes
fpu_exception	: yes
cpuid level	: 11
wp		: yes
flags		: fpu vme de pse tsc msr pae mce cx8 apic sep mtrr pge mca cmov pat pse36 clflush dts acpi mmx fxsr sse sse2 ss ht tm pbe syscall nx rdtscp lm constant_tsc arch_perfmon pebs bts rep_good nopl xtopology nonstop_tsc aperfmperf eagerfpu pni pclmulqdq dtes64 monitor ds_cpl vmx est tm2 ssse3 cx16 xtpr pdcm sse4_1 sse4_2 movbe popcnt tsc_deadline_timer rdrand lahf_lm 3dnowprefetch epb tpr_shadow vnmi flexpriority ept vpid tsc_adjust smep erms dtherm ida arat
bugs		:
bogomips	: 4331.60
clflush size	: 64
cache_alignment	: 64
address sizes	: 36 bits physical, 48 bits virtual
power management:

processor	: 2
vendor_id	: GenuineIntel
cpu family	: 6
model		: 55
model name	: Intel(R) Pentium(R) CPU  N3540  @ 2.16GHz
stepping	: 8
microcode	: 0x815
cpu MHz		: 589.038
cache size	: 1024 KB
physical id	: 0
siblings	: 4
core id		: 2
cpu cores	: 4
apicid		: 4
initial apicid	: 4
fpu		: yes
fpu_exception	: yes
cpuid level	: 11
wp		: yes
flags		: fpu vme de pse tsc msr pae mce cx8 apic sep mtrr pge mca cmov pat pse36 clflush dts acpi mmx fxsr sse sse2 ss ht tm pbe syscall nx rdtscp lm constant_tsc arch_perfmon pebs bts rep_good nopl xtopology nonstop_tsc aperfmperf eagerfpu pni pclmulqdq dtes64 monitor ds_cpl vmx est tm2 ssse3 cx16 xtpr pdcm sse4_1 sse4_2 movbe popcnt tsc_deadline_timer rdrand lahf_lm 3dnowprefetch epb tpr_shadow vnmi flexpriority ept vpid tsc_adjust smep erms dtherm ida arat
bugs		:
bogomips	: 4331.60
clflush size	: 64
cache_alignment	: 64
address sizes	: 36 bits physical, 48 bits virtual
power management:

processor	: 3
vendor_id	: GenuineIntel
cpu family	: 6
model		: 55
model name	: Intel(R) Pentium(R) CPU  N3540  @ 2.16GHz
stepping	: 8
microcode	: 0x815
cpu MHz		: 838.084
cache size	: 1024 KB
physical id	: 0
siblings	: 4
core id		: 3
cpu cores	: 4
apicid		: 6
initial apicid	: 6
fpu		: yes
fpu_exception	: yes
cpuid level	: 11
wp		: yes
flags		: fpu vme de pse tsc msr pae mce cx8 apic sep mtrr pge mca cmov pat pse36 clflush dts acpi mmx fxsr sse sse2 ss ht tm pbe syscall nx rdtscp lm constant_tsc arch_perfmon pebs bts rep_good nopl xtopology nonstop_tsc aperfmperf eagerfpu pni pclmulqdq dtes64 monitor ds_cpl vmx est tm2 ssse3 cx16 xtpr pdcm sse4_1 sse4_2 movbe popcnt tsc_deadline_timer rdrand lahf_lm 3dnowprefetch epb tpr_shadow vnmi flexpriority ept vpid tsc_adjust smep erms dtherm ida arat
bugs		:
bogomips	: 4331.60
clflush size	: 64
cache_alignment	: 64
address sizes	: 36 bits physical, 48 bits virtual
power management:



Memory: 4k page, physical 1936424k(132720k free), swap 1980412k(19628k free)

vm_info: Java HotSpot(TM) 64-Bit Server VM (25.172-b11) for linux-amd64 JRE (1.8.0_172-b11), built on Mar 28 2018 21:44:09 by "java_re" with gcc 4.3.0 20080428 (Red Hat 4.3.0-8)

time: Mon Aug  6 04:15:00 2018
elapsed time: 49 seconds (0d 0h 0m 49s)

