#
# There is insufficient memory for the Java Runtime Environment to continue.
# Native memory allocation (mmap) failed to map 17301504 bytes for committing reserved memory.
# Possible reasons:
#   The system is out of physical RAM or swap space
#   In 32 bit mode, the process size limit was hit
# Possible solutions:
#   Reduce memory load on the system
#   Increase physical memory or swap space
#   Check if swap backing store is full
#   Use 64 bit Java on a 64 bit OS
#   Decrease Java heap size (-Xmx/-Xms)
#   Decrease number of Java threads
#   Decrease Java thread stack sizes (-Xss)
#   Set larger code cache with -XX:ReservedCodeCacheSize=
# This output file may be truncated or incomplete.
#
#  Out of Memory Error (os_linux.cpp:2640), pid=9480, tid=0x00007fca608b6700
#
# JRE version: Java(TM) SE Runtime Environment (8.0_172-b11) (build 1.8.0_172-b11)
# Java VM: Java HotSpot(TM) 64-Bit Server VM (25.172-b11 mixed mode linux-amd64 compressed oops)
# Failed to write core dump. Core dumps have been disabled. To enable core dumping, try "ulimit -c unlimited" before starting Java again
#

---------------  T H R E A D  ---------------

Current thread (0x00007fca7007c000):  VMThread [stack: 0x00007fca607b6000,0x00007fca608b7000] [id=9491]

Stack: [0x00007fca607b6000,0x00007fca608b7000],  sp=0x00007fca608b5120,  free space=1020k
Native frames: (J=compiled Java code, j=interpreted, Vv=VM code, C=native code)
V  [libjvm.so+0xad221a]  VMError::report_and_die()+0x2ba
V  [libjvm.so+0x50185b]  report_vm_out_of_memory(char const*, int, unsigned long, VMErrorType, char const*)+0x8b
V  [libjvm.so+0x92fee3]  os::Linux::commit_memory_impl(char*, unsigned long, bool)+0x123
V  [libjvm.so+0x930109]  os::pd_commit_memory(char*, unsigned long, unsigned long, bool)+0x29
V  [libjvm.so+0x9273ca]  os::commit_memory(char*, unsigned long, unsigned long, bool)+0x2a
V  [libjvm.so+0x99d363]  PSVirtualSpace::expand_by(unsigned long)+0x53
V  [libjvm.so+0x99e768]  PSYoungGen::resize_generation(unsigned long, unsigned long)+0xf8
V  [libjvm.so+0x99d8c2]  PSYoungGen::resize(unsigned long, unsigned long)+0x22
V  [libjvm.so+0x99ab9b]  PSScavenge::invoke_no_policy()+0xf3b
V  [libjvm.so+0x99b321]  PSScavenge::invoke()+0x41
V  [libjvm.so+0x951df0]  ParallelScavengeHeap::failed_mem_allocate(unsigned long)+0x70
V  [libjvm.so+0xad3c97]  VM_ParallelGCFailedAllocation::doit()+0x97
V  [libjvm.so+0xadb7b5]  VM_Operation::evaluate()+0x55
V  [libjvm.so+0xad9b7a]  VMThread::evaluate_operation(VM_Operation*)+0xba
V  [libjvm.so+0xad9efe]  VMThread::loop()+0x1ce
V  [libjvm.so+0xada370]  VMThread::run()+0x70
V  [libjvm.so+0x930248]  java_start(Thread*)+0x108

VM_Operation (0x00007fca79b635b0): ParallelGCFailedAllocation, mode: safepoint, requested by thread 0x00007fca7000e800


---------------  P R O C E S S  ---------------

Java Threads: ( => current thread )
  0x00007fca70494800 JavaThread "RMI TCP Accept-0" daemon [_thread_in_native, id=9503, stack(0x00007fca583ba000,0x00007fca584bb000)]
  0x00007fca7047a800 JavaThread "RMI TCP Accept-45647" daemon [_thread_in_native, id=9502, stack(0x00007fca584bb000,0x00007fca585bc000)]
  0x00007fca70461800 JavaThread "RMI TCP Accept-0" daemon [_thread_in_native, id=9501, stack(0x00007fca585bc000,0x00007fca586bd000)]
  0x00007fca700cc800 JavaThread "Service Thread" daemon [_thread_blocked, id=9500, stack(0x00007fca5beff000,0x00007fca5c000000)]
  0x00007fca700c1800 JavaThread "C1 CompilerThread2" daemon [_thread_blocked, id=9499, stack(0x00007fca60015000,0x00007fca60116000)]
  0x00007fca700bf800 JavaThread "C2 CompilerThread1" daemon [_thread_blocked, id=9498, stack(0x00007fca60116000,0x00007fca60217000)]
  0x00007fca700bc800 JavaThread "C2 CompilerThread0" daemon [_thread_blocked, id=9497, stack(0x00007fca60217000,0x00007fca60318000)]
  0x00007fca700bb000 JavaThread "Signal Dispatcher" daemon [_thread_blocked, id=9496, stack(0x00007fca60318000,0x00007fca60419000)]
  0x00007fca70088800 JavaThread "Finalizer" daemon [_thread_blocked, id=9493, stack(0x00007fca605b4000,0x00007fca606b5000)]
  0x00007fca70085800 JavaThread "Reference Handler" daemon [_thread_blocked, id=9492, stack(0x00007fca606b5000,0x00007fca607b6000)]
  0x00007fca7000e800 JavaThread "main" [_thread_blocked, id=9486, stack(0x00007fca79a66000,0x00007fca79b67000)]

Other Threads:
=>0x00007fca7007c000 VMThread [stack: 0x00007fca607b6000,0x00007fca608b7000] [id=9491]
  0x00007fca70497000 WatcherThread [stack: 0x00007fca582b9000,0x00007fca583ba000] [id=9504]

VM state:at safepoint (normal execution)

VM Mutex/Monitor currently owned by a thread:  ([mutex/lock_event])
[0x00007fca7000a8e0] Threads_lock - owner thread: 0x00007fca7007c000
[0x00007fca7000ade0] Heap_lock - owner thread: 0x00007fca7000e800

Heap:
 PSYoungGen      total 70144K, used 4600K [0x00000000f6200000, 0x00000000fab00000, 0x0000000100000000)
  eden space 65536K, 0% used [0x00000000f6200000,0x00000000f6200000,0x00000000fa200000)
  from space 4608K, 99% used [0x00000000fa200000,0x00000000fa67e248,0x00000000fa680000)
  to   space 4096K, 0% used [0x00000000fa700000,0x00000000fa700000,0x00000000fab00000)
 ParOldGen       total 24576K, used 10953K [0x00000000e2600000, 0x00000000e3e00000, 0x00000000f6200000)
  object space 24576K, 44% used [0x00000000e2600000,0x00000000e30b2540,0x00000000e3e00000)
 Metaspace       used 22566K, capacity 23308K, committed 23552K, reserved 1069056K
  class space    used 3027K, capacity 3217K, committed 3328K, reserved 1048576K

Card table byte_map: [0x00007fca76735000,0x00007fca76823000] byte_map_base: 0x00007fca76022000

Marking Bits: (ParMarkBitMap*) 0x00007fca78f57de0
 Begin Bits: [0x00007fca75461000, 0x00007fca75bc9000)
 End Bits:   [0x00007fca75bc9000, 0x00007fca76331000)

Polling page: 0x00007fca79b7a000

CodeCache: size=245760Kb used=4385Kb max_used=4385Kb free=241374Kb
 bounds [0x00007fca61000000, 0x00007fca61450000, 0x00007fca70000000]
 total_blobs=2297 nmethods=1900 adapters=310
 compilation: enabled

Compilation events (10 events):
Event: 7.377 Thread 0x00007fca700c1800 nmethod 1901 0x00007fca61447350 code [0x00007fca614474e0, 0x00007fca61447718]
Event: 7.388 Thread 0x00007fca700c1800 1899       1       java.lang.invoke.LambdaForm$NamedFunction::member (26 bytes)
Event: 7.560 Thread 0x00007fca700c1800 nmethod 1899 0x00007fca61447890 code [0x00007fca614479e0, 0x00007fca61447af0]
Event: 7.674 Thread 0x00007fca700c1800 1902       1       java.lang.invoke.InnerClassLambdaMetafactory::getLoadOpcode (25 bytes)
Event: 7.927 Thread 0x00007fca700c1800 nmethod 1902 0x00007fca61447b50 code [0x00007fca61447cc0, 0x00007fca61447e58]
Event: 7.955 Thread 0x00007fca700c1800 1903       1       java.lang.invoke.InnerClassLambdaMetafactory::getParameterSize (27 bytes)
Event: 8.028 Thread 0x00007fca700c1800 nmethod 1903 0x00007fca61447f10 code [0x00007fca61448080, 0x00007fca614481d0]
Event: 8.150 Thread 0x00007fca700c1800 1904       1       java.lang.Byte::valueOf (10 bytes)
Event: 8.168 Thread 0x00007fca700c1800 nmethod 1904 0x00007fca61448210 code [0x00007fca61448360, 0x00007fca61448470]
Event: 8.170 Thread 0x00007fca700c1800 1905       1       java.lang.invoke.MemberName::<init> (131 bytes)

GC Heap History (10 events):
Event: 2.267 GC heap after
Heap after GC invocations=5 (full 0):
 PSYoungGen      total 17408K, used 1021K [0x00000000f6200000, 0x00000000f8800000, 0x0000000100000000)
  eden space 16384K, 0% used [0x00000000f6200000,0x00000000f6200000,0x00000000f7200000)
  from space 1024K, 99% used [0x00000000f7200000,0x00000000f72ff4f0,0x00000000f7300000)
  to   space 3072K, 0% used [0x00000000f8500000,0x00000000f8500000,0x00000000f8800000)
 ParOldGen       total 20480K, used 6210K [0x00000000e2600000, 0x00000000e3a00000, 0x00000000f6200000)
  object space 20480K, 30% used [0x00000000e2600000,0x00000000e2c10a20,0x00000000e3a00000)
 Metaspace       used 14186K, capacity 14620K, committed 14848K, reserved 1062912K
  class space    used 1866K, capacity 1995K, committed 2048K, reserved 1048576K
}
Event: 2.434 GC heap before
{Heap before GC invocations=6 (full 0):
 PSYoungGen      total 17408K, used 17405K [0x00000000f6200000, 0x00000000f8800000, 0x0000000100000000)
  eden space 16384K, 100% used [0x00000000f6200000,0x00000000f7200000,0x00000000f7200000)
  from space 1024K, 99% used [0x00000000f7200000,0x00000000f72ff4f0,0x00000000f7300000)
  to   space 3072K, 0% used [0x00000000f8500000,0x00000000f8500000,0x00000000f8800000)
 ParOldGen       total 20480K, used 6210K [0x00000000e2600000, 0x00000000e3a00000, 0x00000000f6200000)
  object space 20480K, 30% used [0x00000000e2600000,0x00000000e2c10a20,0x00000000e3a00000)
 Metaspace       used 15418K, capacity 15886K, committed 16128K, reserved 1062912K
  class space    used 2084K, capacity 2226K, committed 2304K, reserved 1048576K
Event: 2.442 GC heap after
Heap after GC invocations=6 (full 0):
 PSYoungGen      total 35840K, used 2738K [0x00000000f6200000, 0x00000000f8800000, 0x0000000100000000)
  eden space 32768K, 0% used [0x00000000f6200000,0x00000000f6200000,0x00000000f8200000)
  from space 3072K, 89% used [0x00000000f8500000,0x00000000f87acb98,0x00000000f8800000)
  to   space 3072K, 0% used [0x00000000f8200000,0x00000000f8200000,0x00000000f8500000)
 ParOldGen       total 20480K, used 6210K [0x00000000e2600000, 0x00000000e3a00000, 0x00000000f6200000)
  object space 20480K, 30% used [0x00000000e2600000,0x00000000e2c10a20,0x00000000e3a00000)
 Metaspace       used 15418K, capacity 15886K, committed 16128K, reserved 1062912K
  class space    used 2084K, capacity 2226K, committed 2304K, reserved 1048576K
}
Event: 2.938 GC heap before
{Heap before GC invocations=7 (full 0):
 PSYoungGen      total 35840K, used 35506K [0x00000000f6200000, 0x00000000f8800000, 0x0000000100000000)
  eden space 32768K, 100% used [0x00000000f6200000,0x00000000f8200000,0x00000000f8200000)
  from space 3072K, 89% used [0x00000000f8500000,0x00000000f87acb98,0x00000000f8800000)
  to   space 3072K, 0% used [0x00000000f8200000,0x00000000f8200000,0x00000000f8500000)
 ParOldGen       total 20480K, used 6210K [0x00000000e2600000, 0x00000000e3a00000, 0x00000000f6200000)
  object space 20480K, 30% used [0x00000000e2600000,0x00000000e2c10a20,0x00000000e3a00000)
 Metaspace       used 19413K, capacity 19930K, committed 20224K, reserved 1067008K
  class space    used 2583K, capacity 2764K, committed 2816K, reserved 1048576K
Event: 2.962 GC heap after
Heap after GC invocations=7 (full 0):
 PSYoungGen      total 35840K, used 3066K [0x00000000f6200000, 0x00000000fac00000, 0x0000000100000000)
  eden space 32768K, 0% used [0x00000000f6200000,0x00000000f6200000,0x00000000f8200000)
  from space 3072K, 99% used [0x00000000f8200000,0x00000000f84fea88,0x00000000f8500000)
  to   space 5120K, 0% used [0x00000000fa700000,0x00000000fa700000,0x00000000fac00000)
 ParOldGen       total 20480K, used 9024K [0x00000000e2600000, 0x00000000e3a00000, 0x00000000f6200000)
  object space 20480K, 44% used [0x00000000e2600000,0x00000000e2ed0368,0x00000000e3a00000)
 Metaspace       used 19413K, capacity 19930K, committed 20224K, reserved 1067008K
  class space    used 2583K, capacity 2764K, committed 2816K, reserved 1048576K
}
Event: 3.205 GC heap before
{Heap before GC invocations=8 (full 0):
 PSYoungGen      total 35840K, used 9216K [0x00000000f6200000, 0x00000000fac00000, 0x0000000100000000)
  eden space 32768K, 18% used [0x00000000f6200000,0x00000000f68016e0,0x00000000f8200000)
  from space 3072K, 99% used [0x00000000f8200000,0x00000000f84fea88,0x00000000f8500000)
  to   space 5120K, 0% used [0x00000000fa700000,0x00000000fa700000,0x00000000fac00000)
 ParOldGen       total 20480K, used 9024K [0x00000000e2600000, 0x00000000e3a00000, 0x00000000f6200000)
  object space 20480K, 44% used [0x00000000e2600000,0x00000000e2ed0368,0x00000000e3a00000)
 Metaspace       used 20657K, capacity 21264K, committed 21296K, reserved 1067008K
  class space    used 2742K, capacity 2913K, committed 2944K, reserved 1048576K
Event: 3.227 GC heap after
Heap after GC invocations=8 (full 0):
 PSYoungGen      total 69632K, used 2684K [0x00000000f6200000, 0x00000000fab00000, 0x0000000100000000)
  eden space 65536K, 0% used [0x00000000f6200000,0x00000000f6200000,0x00000000fa200000)
  from space 4096K, 65% used [0x00000000fa700000,0x00000000fa99f2b8,0x00000000fab00000)
  to   space 4608K, 0% used [0x00000000fa200000,0x00000000fa200000,0x00000000fa680000)
 ParOldGen       total 20480K, used 9318K [0x00000000e2600000, 0x00000000e3a00000, 0x00000000f6200000)
  object space 20480K, 45% used [0x00000000e2600000,0x00000000e2f198a8,0x00000000e3a00000)
 Metaspace       used 20657K, capacity 21264K, committed 21296K, reserved 1067008K
  class space    used 2742K, capacity 2913K, committed 2944K, reserved 1048576K
}
Event: 3.228 GC heap before
{Heap before GC invocations=9 (full 1):
 PSYoungGen      total 69632K, used 2684K [0x00000000f6200000, 0x00000000fab00000, 0x0000000100000000)
  eden space 65536K, 0% used [0x00000000f6200000,0x00000000f6200000,0x00000000fa200000)
  from space 4096K, 65% used [0x00000000fa700000,0x00000000fa99f2b8,0x00000000fab00000)
  to   space 4608K, 0% used [0x00000000fa200000,0x00000000fa200000,0x00000000fa680000)
 ParOldGen       total 20480K, used 9318K [0x00000000e2600000, 0x00000000e3a00000, 0x00000000f6200000)
  object space 20480K, 45% used [0x00000000e2600000,0x00000000e2f198a8,0x00000000e3a00000)
 Metaspace       used 20657K, capacity 21264K, committed 21296K, reserved 1067008K
  class space    used 2742K, capacity 2913K, committed 2944K, reserved 1048576K
Event: 3.485 GC heap after
Heap after GC invocations=9 (full 1):
 PSYoungGen      total 69632K, used 0K [0x00000000f6200000, 0x00000000fab00000, 0x0000000100000000)
  eden space 65536K, 0% used [0x00000000f6200000,0x00000000f6200000,0x00000000fa200000)
  from space 4096K, 0% used [0x00000000fa700000,0x00000000fa700000,0x00000000fab00000)
  to   space 4608K, 0% used [0x00000000fa200000,0x00000000fa200000,0x00000000fa680000)
 ParOldGen       total 24576K, used 8063K [0x00000000e2600000, 0x00000000e3e00000, 0x00000000f6200000)
  object space 24576K, 32% used [0x00000000e2600000,0x00000000e2ddfcc0,0x00000000e3e00000)
 Metaspace       used 20657K, capacity 21264K, committed 21296K, reserved 1067008K
  class space    used 2742K, capacity 2913K, committed 2944K, reserved 1048576K
}
Event: 8.175 GC heap before
{Heap before GC invocations=10 (full 1):
 PSYoungGen      total 69632K, used 65536K [0x00000000f6200000, 0x00000000fab00000, 0x0000000100000000)
  eden space 65536K, 100% used [0x00000000f6200000,0x00000000fa200000,0x00000000fa200000)
  from space 4096K, 0% used [0x00000000fa700000,0x00000000fa700000,0x00000000fab00000)
  to   space 4608K, 0% used [0x00000000fa200000,0x00000000fa200000,0x00000000fa680000)
 ParOldGen       total 24576K, used 8063K [0x00000000e2600000, 0x00000000e3e00000, 0x00000000f6200000)
  object space 24576K, 32% used [0x00000000e2600000,0x00000000e2ddfcc0,0x00000000e3e00000)
 Metaspace       used 22566K, capacity 23308K, committed 23552K, reserved 1069056K
  class space    used 3027K, capacity 3217K, committed 3328K, reserved 1048576K

Deoptimization events (0 events):
No events

Classes redefined (0 events):
No events

Internal exceptions (10 events):
Event: 2.702 Thread 0x00007fca7000e800 Exception <a 'java/lang/ClassNotFoundException': org/springframework/context/annotation/ConfigurationClassPostProcessorCustomizer> (0x00000000f737bd18) thrown at [/HUDSON/workspace/8-2-build-linux-amd64/jdk8u172/10810/hotspot/src/share/vm/classfile/system
Event: 2.714 Thread 0x00007fca7000e800 Exception <a 'java/lang/ClassNotFoundException': org/springframework/beans/factory/support/BeanDefinitionRegistryPostProcessorCustomizer> (0x00000000f7442a68) thrown at [/HUDSON/workspace/8-2-build-linux-amd64/jdk8u172/10810/hotspot/src/share/vm/classfile
Event: 2.715 Thread 0x00007fca7000e800 Exception <a 'java/lang/ClassNotFoundException': org/springframework/core/PriorityOrderedCustomizer> (0x00000000f74531f8) thrown at [/HUDSON/workspace/8-2-build-linux-amd64/jdk8u172/10810/hotspot/src/share/vm/classfile/systemDictionary.cpp, line 210]
Event: 2.716 Thread 0x00007fca7000e800 Exception <a 'java/lang/ClassNotFoundException': org/springframework/context/ResourceLoaderAwareCustomizer> (0x00000000f7463fb8) thrown at [/HUDSON/workspace/8-2-build-linux-amd64/jdk8u172/10810/hotspot/src/share/vm/classfile/systemDictionary.cpp, line 21
Event: 2.717 Thread 0x00007fca7000e800 Exception <a 'java/lang/ClassNotFoundException': org/springframework/beans/factory/BeanClassLoaderAwareCustomizer> (0x00000000f74775e8) thrown at [/HUDSON/workspace/8-2-build-linux-amd64/jdk8u172/10810/hotspot/src/share/vm/classfile/systemDictionary.cpp, 
Event: 2.718 Thread 0x00007fca7000e800 Exception <a 'java/lang/ClassNotFoundException': org/springframework/context/EnvironmentAwareCustomizer> (0x00000000f74e4c78) thrown at [/HUDSON/workspace/8-2-build-linux-amd64/jdk8u172/10810/hotspot/src/share/vm/classfile/systemDictionary.cpp, line 210]
Event: 2.731 Thread 0x00007fca7000e800 Exception <a 'java/lang/NoClassDefFoundError': reactor/core/publisher/Mono> (0x00000000f75d0208) thrown at [/HUDSON/workspace/8-2-build-linux-amd64/jdk8u172/10810/hotspot/src/share/vm/classfile/systemDictionary.cpp, line 199]
Event: 2.732 Thread 0x00007fca7000e800 Exception <a 'java/lang/NoClassDefFoundError': rx/Observable> (0x00000000f75e08c8) thrown at [/HUDSON/workspace/8-2-build-linux-amd64/jdk8u172/10810/hotspot/src/share/vm/classfile/systemDictionary.cpp, line 199]
Event: 2.734 Thread 0x00007fca7000e800 Exception <a 'java/lang/NoClassDefFoundError': io/reactivex/Flowable> (0x00000000f764e3a0) thrown at [/HUDSON/workspace/8-2-build-linux-amd64/jdk8u172/10810/hotspot/src/share/vm/classfile/systemDictionary.cpp, line 199]
Event: 2.929 Thread 0x00007fca705a3000 Exception <a 'java/lang/IncompatibleClassChangeError': Found class java.lang.Object, but interface was expected> (0x00000000f818da68) thrown at [/HUDSON/workspace/8-2-build-linux-amd64/jdk8u172/10810/hotspot/src/share/vm/interpreter/linkResolver.cpp, line

Events (10 events):
Event: 7.370 loading class org/springframework/data/web/config/ProjectingArgumentResolverRegistrar done
Event: 7.938 loading class org/springframework/hateoas/Link
Event: 7.944 loading class org/springframework/hateoas/Link done
Event: 8.014 loading class org/springframework/hateoas$Link
Event: 8.028 loading class org/springframework/hateoas$Link done
Event: 8.130 loading class org/springframework/data/web/config/SpringDataWebConfiguration
Event: 8.132 loading class org/springframework/data/web/config/SpringDataWebConfiguration done
Event: 8.151 loading class org/springframework/data/web/config/SpringDataJacksonModules
Event: 8.151 loading class org/springframework/data/web/config/SpringDataJacksonModules done
Event: 8.171 Executing VM operation: ParallelGCFailedAllocation


Dynamic libraries:
00400000-00401000 r-xp 00000000 08:05 3933570                            /opt/jdk/jdk1.8.0_172/bin/java
00600000-00601000 rw-p 00000000 08:05 3933570                            /opt/jdk/jdk1.8.0_172/bin/java
01e9e000-01ebf000 rw-p 00000000 00:00 0                                  [heap]
e2600000-e3e00000 rw-p 00000000 00:00 0 
e3e00000-f6200000 ---p 00000000 00:00 0 
f6200000-fab00000 rw-p 00000000 00:00 0 
fbb80000-100000000 ---p 00000000 00:00 0 
100000000-100340000 rw-p 00000000 00:00 0 
100340000-140000000 ---p 00000000 00:00 0 
7fca0c000000-7fca0c025000 rw-p 00000000 00:00 0 
7fca0c025000-7fca10000000 ---p 00000000 00:00 0 
7fca14000000-7fca14021000 rw-p 00000000 00:00 0 
7fca14021000-7fca18000000 ---p 00000000 00:00 0 
7fca18000000-7fca183d3000 rw-p 00000000 00:00 0 
7fca183d3000-7fca1c000000 ---p 00000000 00:00 0 
7fca1c000000-7fca1c021000 rw-p 00000000 00:00 0 
7fca1c021000-7fca20000000 ---p 00000000 00:00 0 
7fca20000000-7fca20021000 rw-p 00000000 00:00 0 
7fca20021000-7fca24000000 ---p 00000000 00:00 0 
7fca24000000-7fca24021000 rw-p 00000000 00:00 0 
7fca24021000-7fca28000000 ---p 00000000 00:00 0 
7fca28000000-7fca28021000 rw-p 00000000 00:00 0 
7fca28021000-7fca2c000000 ---p 00000000 00:00 0 
7fca2c000000-7fca2c021000 rw-p 00000000 00:00 0 
7fca2c021000-7fca30000000 ---p 00000000 00:00 0 
7fca30000000-7fca305a2000 rw-p 00000000 00:00 0 
7fca305a2000-7fca34000000 ---p 00000000 00:00 0 
7fca34000000-7fca34021000 rw-p 00000000 00:00 0 
7fca34021000-7fca38000000 ---p 00000000 00:00 0 
7fca38000000-7fca3806e000 rw-p 00000000 00:00 0 
7fca3806e000-7fca3c000000 ---p 00000000 00:00 0 
7fca3c000000-7fca3c021000 rw-p 00000000 00:00 0 
7fca3c021000-7fca40000000 ---p 00000000 00:00 0 
7fca40000000-7fca40021000 rw-p 00000000 00:00 0 
7fca40021000-7fca44000000 ---p 00000000 00:00 0 
7fca44000000-7fca44021000 rw-p 00000000 00:00 0 
7fca44021000-7fca48000000 ---p 00000000 00:00 0 
7fca48000000-7fca48292000 rw-p 00000000 00:00 0 
7fca48292000-7fca4c000000 ---p 00000000 00:00 0 
7fca4c000000-7fca4c021000 rw-p 00000000 00:00 0 
7fca4c021000-7fca50000000 ---p 00000000 00:00 0 
7fca533fe000-7fca535be000 rw-p 00000000 00:00 0 
7fca535be000-7fca535fe000 ---p 00000000 00:00 0 
7fca535fe000-7fca53601000 ---p 00000000 00:00 0 
7fca53601000-7fca536ff000 rw-p 00000000 00:00 0 
7fca536ff000-7fca538ff000 rw-p 00000000 00:00 0 
7fca538ff000-7fca53aff000 rw-p 00000000 00:00 0 
7fca53aff000-7fca53cff000 rw-p 00000000 00:00 0 
7fca53cff000-7fca53eff000 rw-p 00000000 00:00 0 
7fca53eff000-7fca53f02000 ---p 00000000 00:00 0 
7fca53f02000-7fca54000000 rw-p 00000000 00:00 0 
7fca54000000-7fca54021000 rw-p 00000000 00:00 0 
7fca54021000-7fca58000000 ---p 00000000 00:00 0 
7fca5800b000-7fca58010000 r--s 002f9000 08:05 3935105                    /opt/jdk/jdk1.8.0_172/jre/lib/charsets.jar
7fca58010000-7fca58023000 r--s 00345000 08:05 3935145                    /opt/jdk/jdk1.8.0_172/jre/lib/resources.jar
7fca58023000-7fca580b9000 r--s 0110d000 08:05 3935169                    /opt/jdk/jdk1.8.0_172/jre/lib/ext/jfxrt.jar
7fca580b9000-7fca582b9000 rw-p 00000000 00:00 0 
7fca582b9000-7fca582ba000 ---p 00000000 00:00 0 
7fca582ba000-7fca583ba000 rw-p 00000000 00:00 0 
7fca583ba000-7fca583bd000 ---p 00000000 00:00 0 
7fca583bd000-7fca584bb000 rw-p 00000000 00:00 0 
7fca584bb000-7fca584be000 ---p 00000000 00:00 0 
7fca584be000-7fca585bc000 rw-p 00000000 00:00 0 
7fca585bc000-7fca585bf000 ---p 00000000 00:00 0 
7fca585bf000-7fca586bd000 rw-p 00000000 00:00 0 
7fca586bd000-7fca586c2000 r--s 0009d000 08:05 3935164                    /opt/jdk/jdk1.8.0_172/jre/lib/jsse.jar
7fca586c2000-7fca586cc000 r--s 000ec000 08:05 4327818                    /home/christian/.m2/repository/mysql/mysql-connector-java/5.1.46/mysql-connector-java-5.1.46.jar
7fca586cc000-7fca586ce000 r--s 00004000 08:05 4327319                    /home/christian/.m2/repository/org/springframework/spring-jcl/5.0.7.RELEASE/spring-jcl-5.0.7.RELEASE.jar
7fca586ce000-7fca586e6000 r--s 00114000 08:05 4327317                    /home/christian/.m2/repository/org/springframework/spring-core/5.0.7.RELEASE/spring-core-5.0.7.RELEASE.jar
7fca586e6000-7fca586eb000 r--s 00040000 08:05 4327281                    /home/christian/.m2/repository/org/springframework/spring-expression/5.0.7.RELEASE/spring-expression-5.0.7.RELEASE.jar
7fca586eb000-7fca586fa000 r--s 000b2000 08:05 4327279                    /home/christian/.m2/repository/org/springframework/spring-webmvc/5.0.7.RELEASE/spring-webmvc-5.0.7.RELEASE.jar
7fca586fa000-7fca58714000 r--s 00119000 08:05 4327277                    /home/christian/.m2/repository/org/springframework/spring-web/5.0.7.RELEASE/spring-web-5.0.7.RELEASE.jar
7fca58714000-7fca58719000 r--s 00012000 08:05 4327275                    /home/christian/.m2/repository/javax/validation/validation-api/2.0.1.Final/validation-api-2.0.1.Final.jar
7fca58719000-7fca58735000 r--s 000f9000 08:05 4327273                    /home/christian/.m2/repository/org/hibernate/validator/hibernate-validator/6.0.10.Final/hibernate-validator-6.0.10.Final.jar
7fca58735000-7fca5873a000 r--s 0003a000 08:05 4327271                    /home/christian/.m2/repository/org/apache/tomcat/embed/tomcat-embed-websocket/8.5.31/tomcat-embed-websocket-8.5.31.jar
7fca5873a000-7fca5873e000 r--s 00037000 08:05 4327269                    /home/christian/.m2/repository/org/apache/tomcat/embed/tomcat-embed-el/8.5.31/tomcat-embed-el-8.5.31.jar
7fca5873e000-7fca58767000 r--s 002d0000 08:05 4327267                    /home/christian/.m2/repository/org/apache/tomcat/embed/tomcat-embed-core/8.5.31/tomcat-embed-core-8.5.31.jar
7fca58767000-7fca58768000 r--s 00000000 08:05 4327265                    /home/christian/.m2/repository/org/springframework/boot/spring-boot-starter-tomcat/2.0.3.RELEASE/spring-boot-starter-tomcat-2.0.3.RELEASE.jar
7fca58768000-7fca5876a000 r--s 00001000 08:05 4327263                    /home/christian/.m2/repository/com/fasterxml/jackson/module/jackson-module-parameter-names/2.9.6/jackson-module-parameter-names-2.9.6.jar
7fca5876a000-7fca5876d000 r--s 00016000 08:05 4327261                    /home/christian/.m2/repository/com/fasterxml/jackson/datatype/jackson-datatype-jsr310/2.9.6/jackson-datatype-jsr310-2.9.6.jar
7fca5876d000-7fca5876f000 r--s 00007000 08:05 4327259                    /home/christian/.m2/repository/com/fasterxml/jackson/datatype/jackson-datatype-jdk8/2.9.6/jackson-datatype-jdk8-2.9.6.jar
7fca5876f000-7fca58774000 r--s 0004b000 08:05 4327257                    /home/christian/.m2/repository/com/fasterxml/jackson/core/jackson-core/2.9.6/jackson-core-2.9.6.jar
7fca58774000-7fca58777000 r--s 0000e000 08:05 4327255                    /home/christian/.m2/repository/com/fasterxml/jackson/core/jackson-annotations/2.9.0/jackson-annotations-2.9.0.jar
7fca58777000-7fca5878a000 r--s 00137000 08:05 4327253                    /home/christian/.m2/repository/com/fasterxml/jackson/core/jackson-databind/2.9.6/jackson-databind-2.9.6.jar
7fca5878a000-7fca5878b000 r--s 00000000 08:05 4327251                    /home/christian/.m2/repository/org/springframework/boot/spring-boot-starter-json/2.0.3.RELEASE/spring-boot-starter-json-2.0.3.RELEASE.jar
7fca5878b000-7fca5878d000 r--s 0000a000 08:05 4327247                    /home/christian/.m2/repository/org/springframework/spring-aspects/5.0.7.RELEASE/spring-aspects-5.0.7.RELEASE.jar
7fca5878d000-7fca5878f000 r--s 00009000 08:05 4327245                    /home/christian/.m2/repository/org/slf4j/slf4j-api/1.7.25/slf4j-api-1.7.25.jar
7fca5878f000-7fca5879b000 r--s 00096000 08:05 4327243                    /home/christian/.m2/repository/org/springframework/spring-beans/5.0.7.RELEASE/spring-beans-5.0.7.RELEASE.jar
7fca5879b000-7fca587a3000 r--s 00037000 08:05 4327241                    /home/christian/.m2/repository/org/springframework/spring-tx/5.0.7.RELEASE/spring-tx-5.0.7.RELEASE.jar
7fca587a3000-7fca587bd000 r--s 000f1000 08:05 4327239                    /home/christian/.m2/repository/org/springframework/spring-context/5.0.7.RELEASE/spring-context-5.0.7.RELEASE.jar
7fca587bd000-7fca587c1000 r--s 0002b000 08:05 4327237                    /home/christian/.m2/repository/org/springframework/spring-orm/5.0.7.RELEASE/spring-orm-5.0.7.RELEASE.jar
7fca587c1000-7fca587d8000 r--s 000f1000 08:05 4327235                    /home/christian/.m2/repository/org/springframework/data/spring-data-commons/2.0.8.RELEASE/spring-data-commons-2.0.8.RELEASE.jar
7fca587d8000-7fca587e0000 r--s 0004b000 08:05 4327233                    /home/christian/.m2/repository/org/springframework/data/spring-data-jpa/2.0.8.RELEASE/spring-data-jpa-2.0.8.RELEASE.jar
7fca587e0000-7fca587e2000 r--s 00006000 08:05 4327231                    /home/christian/.m2/repository/javax/transaction/javax.transaction-api/1.2/javax.transaction-api-1.2.jar
7fca587e2000-7fca587e5000 r--s 00010000 08:05 4327229                    /home/christian/.m2/repository/org/hibernate/common/hibernate-commons-annotations/5.0.1.Final/hibernate-commons-annotations-5.0.1.Final.jar
7fca587e5000-7fca587ea000 r--s 00048000 08:05 4327227                    /home/christian/.m2/repository/dom4j/dom4j/1.6.1/dom4j-1.6.1.jar
7fca587ea000-7fca587ec000 r--s 0000e000 08:05 4327225                    /home/christian/.m2/repository/com/fasterxml/classmate/1.3.4/classmate-1.3.4.jar
7fca587ec000-7fca587f1000 r--s 00068000 08:05 4327221                    /home/christian/.m2/repository/antlr/antlr/2.7.7/antlr-2.7.7.jar
7fca587f1000-7fca587fb000 r--s 000ab000 08:05 4327219                    /home/christian/.m2/repository/org/javassist/javassist/3.22.0-GA/javassist-3.22.0-GA.jar
7fca587fb000-7fca58800000 r--s 00017000 08:05 4327217                    /home/christian/.m2/repository/org/hibernate/javax/persistence/hibernate-jpa-2.1-api/1.0.2.Final/hibernate-jpa-2.1-api-1.0.2.Final.jar
7fca58800000-7fca5887e000 r--s 005f0000 08:05 4327213                    /home/christian/.m2/repository/org/hibernate/hibernate-core/5.2.17.Final/hibernate-core-5.2.17.Final.jar
7fca5887e000-7fca58887000 r--s 00059000 08:05 4327211                    /home/christian/.m2/repository/org/springframework/spring-jdbc/5.0.7.RELEASE/spring-jdbc-5.0.7.RELEASE.jar
7fca58887000-7fca5888b000 r--s 00020000 08:05 4327209                    /home/christian/.m2/repository/com/zaxxer/HikariCP/2.7.9/HikariCP-2.7.9.jar
7fca5888b000-7fca588a4000 r--s 001bf000 08:05 4327205                    /home/christian/.m2/repository/org/aspectj/aspectjweaver/1.8.13/aspectjweaver-1.8.13.jar
7fca588a4000-7fca588ad000 r--s 00051000 08:05 4327203                    /home/christian/.m2/repository/org/springframework/spring-aop/5.0.7.RELEASE/spring-aop-5.0.7.RELEASE.jar
7fca588ad000-7fca588cd000 r--s 000fc000 08:05 4327183                    /home/christian/.m2/repository/org/springframework/boot/spring-boot-autoconfigure/2.0.3.RELEASE/spring-boot-autoconfigure-2.0.3.RELEASE.jar
7fca588cd000-7fca588de000 r-xp 00000000 08:05 3935326                    /opt/jdk/jdk1.8.0_172/jre/lib/amd64/libnio.so
7fca588de000-7fca58add000 ---p 00011000 08:05 3935326                    /opt/jdk/jdk1.8.0_172/jre/lib/amd64/libnio.so
7fca58add000-7fca58ade000 rw-p 00010000 08:05 3935326                    /opt/jdk/jdk1.8.0_172/jre/lib/amd64/libnio.so
7fca58ade000-7fca5badf000 rw-p 00000000 00:00 0 
7fca5badf000-7fca5baf5000 r-xp 00000000 08:05 3935323                    /opt/jdk/jdk1.8.0_172/jre/lib/amd64/libnet.so
7fca5baf5000-7fca5bcf5000 ---p 00016000 08:05 3935323                    /opt/jdk/jdk1.8.0_172/jre/lib/amd64/libnet.so
7fca5bcf5000-7fca5bcf6000 rw-p 00016000 08:05 3935323                    /opt/jdk/jdk1.8.0_172/jre/lib/amd64/libnet.so
7fca5bcf6000-7fca5bcff000 r-xp 00000000 08:05 3935331                    /opt/jdk/jdk1.8.0_172/jre/lib/amd64/libmanagement.so
7fca5bcff000-7fca5befe000 ---p 00009000 08:05 3935331                    /opt/jdk/jdk1.8.0_172/jre/lib/amd64/libmanagement.so
7fca5befe000-7fca5beff000 rw-p 00008000 08:05 3935331                    /opt/jdk/jdk1.8.0_172/jre/lib/amd64/libmanagement.so
7fca5beff000-7fca5bf02000 ---p 00000000 00:00 0 
7fca5bf02000-7fca5c000000 rw-p 00000000 00:00 0 
7fca5c000000-7fca5c021000 rw-p 00000000 00:00 0 
7fca5c021000-7fca60000000 ---p 00000000 00:00 0 
7fca60000000-7fca60003000 r--s 0002b000 08:05 4327223                    /home/christian/.m2/repository/org/jboss/jandex/2.0.3.Final/jandex-2.0.3.Final.jar
7fca60003000-7fca6000a000 r--s 00042000 08:05 4327199                    /home/christian/.m2/repository/org/yaml/snakeyaml/1.19/snakeyaml-1.19.jar
7fca6000a000-7fca60015000 r--s 00069000 08:05 4327189                    /home/christian/.m2/repository/ch/qos/logback/logback-core/1.2.3/logback-core-1.2.3.jar
7fca60015000-7fca60018000 ---p 00000000 00:00 0 
7fca60018000-7fca60116000 rw-p 00000000 00:00 0 
7fca60116000-7fca60119000 ---p 00000000 00:00 0 
7fca60119000-7fca60217000 rw-p 00000000 00:00 0 
7fca60217000-7fca6021a000 ---p 00000000 00:00 0 
7fca6021a000-7fca60318000 rw-p 00000000 00:00 0 
7fca60318000-7fca6031b000 ---p 00000000 00:00 0 
7fca6031b000-7fca60419000 rw-p 00000000 00:00 0 
7fca60419000-7fca605b4000 r--p 00000000 08:05 7083482                    /usr/lib/locale/locale-archive
7fca605b4000-7fca605b7000 ---p 00000000 00:00 0 
7fca605b7000-7fca606b5000 rw-p 00000000 00:00 0 
7fca606b5000-7fca606b8000 ---p 00000000 00:00 0 
7fca606b8000-7fca607b6000 rw-p 00000000 00:00 0 
7fca607b6000-7fca607b7000 ---p 00000000 00:00 0 
7fca607b7000-7fca61000000 rw-p 00000000 00:00 0 
7fca61000000-7fca61450000 rwxp 00000000 00:00 0 
7fca61450000-7fca70000000 ---p 00000000 00:00 0 
7fca70000000-7fca7086a000 rw-p 00000000 00:00 0 
7fca7086a000-7fca74000000 ---p 00000000 00:00 0 
7fca74000000-7fca74001000 r--s 00000000 08:05 4327249                    /home/christian/.m2/repository/org/springframework/boot/spring-boot-starter-web/2.0.3.RELEASE/spring-boot-starter-web-2.0.3.RELEASE.jar
7fca74001000-7fca74003000 r--s 0000f000 08:05 4327215                    /home/christian/.m2/repository/org/jboss/logging/jboss-logging/3.3.2.Final/jboss-logging-3.3.2.Final.jar
7fca74003000-7fca74009000 r--s 00039000 08:05 4327193                    /home/christian/.m2/repository/org/apache/logging/log4j/log4j-api/2.10.0/log4j-api-2.10.0.jar
7fca74009000-7fca7400f000 r--s 00041000 08:05 4327187                    /home/christian/.m2/repository/ch/qos/logback/logback-classic/1.2.3/logback-classic-1.2.3.jar
7fca7400f000-7fca748c9000 rw-p 00000000 00:00 0 
7fca748c9000-7fca74aa3000 r--s 03d6a000 08:05 3935107                    /opt/jdk/jdk1.8.0_172/jre/lib/rt.jar
7fca74aa3000-7fca74b74000 rw-p 00000000 00:00 0 
7fca74b74000-7fca76331000 rw-p 00000000 00:00 0 
7fca76331000-7fca76332000 ---p 00000000 00:00 0 
7fca76332000-7fca76432000 rw-p 00000000 00:00 0 
7fca76432000-7fca76433000 ---p 00000000 00:00 0 
7fca76433000-7fca76533000 rw-p 00000000 00:00 0 
7fca76533000-7fca76534000 ---p 00000000 00:00 0 
7fca76534000-7fca76634000 rw-p 00000000 00:00 0 
7fca76634000-7fca76635000 ---p 00000000 00:00 0 
7fca76635000-7fca76735000 rw-p 00000000 00:00 0 
7fca76735000-7fca76741000 rw-p 00000000 00:00 0 
7fca76741000-7fca767d3000 ---p 00000000 00:00 0 
7fca767d3000-7fca767f8000 rw-p 00000000 00:00 0 
7fca767f8000-7fca76822000 ---p 00000000 00:00 0 
7fca76822000-7fca76835000 rw-p 00000000 00:00 0 
7fca76835000-7fca76be3000 ---p 00000000 00:00 0 
7fca76be3000-7fca76bfe000 r-xp 00000000 08:05 3935319                    /opt/jdk/jdk1.8.0_172/jre/lib/amd64/libzip.so
7fca76bfe000-7fca76dfe000 ---p 0001b000 08:05 3935319                    /opt/jdk/jdk1.8.0_172/jre/lib/amd64/libzip.so
7fca76dfe000-7fca76dff000 rw-p 0001b000 08:05 3935319                    /opt/jdk/jdk1.8.0_172/jre/lib/amd64/libzip.so
7fca76dff000-7fca76e09000 r-xp 00000000 08:05 6294866                    /lib/x86_64-linux-gnu/libnss_files-2.24.so
7fca76e09000-7fca77009000 ---p 0000a000 08:05 6294866                    /lib/x86_64-linux-gnu/libnss_files-2.24.so
7fca77009000-7fca7700a000 r--p 0000a000 08:05 6294866                    /lib/x86_64-linux-gnu/libnss_files-2.24.so
7fca7700a000-7fca7700b000 rw-p 0000b000 08:05 6294866                    /lib/x86_64-linux-gnu/libnss_files-2.24.so
7fca7700b000-7fca77011000 rw-p 00000000 00:00 0 
7fca77011000-7fca7701c000 r-xp 00000000 08:05 6294868                    /lib/x86_64-linux-gnu/libnss_nis-2.24.so
7fca7701c000-7fca7721b000 ---p 0000b000 08:05 6294868                    /lib/x86_64-linux-gnu/libnss_nis-2.24.so
7fca7721b000-7fca7721c000 r--p 0000a000 08:05 6294868                    /lib/x86_64-linux-gnu/libnss_nis-2.24.so
7fca7721c000-7fca7721d000 rw-p 0000b000 08:05 6294868                    /lib/x86_64-linux-gnu/libnss_nis-2.24.so
7fca7721d000-7fca77231000 r-xp 00000000 08:05 6294863                    /lib/x86_64-linux-gnu/libnsl-2.24.so
7fca77231000-7fca77431000 ---p 00014000 08:05 6294863                    /lib/x86_64-linux-gnu/libnsl-2.24.so
7fca77431000-7fca77432000 r--p 00014000 08:05 6294863                    /lib/x86_64-linux-gnu/libnsl-2.24.so
7fca77432000-7fca77433000 rw-p 00015000 08:05 6294863                    /lib/x86_64-linux-gnu/libnsl-2.24.so
7fca77433000-7fca77435000 rw-p 00000000 00:00 0 
7fca77435000-7fca7743c000 r-xp 00000000 08:05 6294864                    /lib/x86_64-linux-gnu/libnss_compat-2.24.so
7fca7743c000-7fca7763b000 ---p 00007000 08:05 6294864                    /lib/x86_64-linux-gnu/libnss_compat-2.24.so
7fca7763b000-7fca7763c000 r--p 00006000 08:05 6294864                    /lib/x86_64-linux-gnu/libnss_compat-2.24.so
7fca7763c000-7fca7763d000 rw-p 00007000 08:05 6294864                    /lib/x86_64-linux-gnu/libnss_compat-2.24.so
7fca7763d000-7fca77668000 r-xp 00000000 08:05 3935313                    /opt/jdk/jdk1.8.0_172/jre/lib/amd64/libjava.so
7fca77668000-7fca77867000 ---p 0002b000 08:05 3935313                    /opt/jdk/jdk1.8.0_172/jre/lib/amd64/libjava.so
7fca77867000-7fca77869000 rw-p 0002a000 08:05 3935313                    /opt/jdk/jdk1.8.0_172/jre/lib/amd64/libjava.so
7fca77869000-7fca77876000 r-xp 00000000 08:05 3935318                    /opt/jdk/jdk1.8.0_172/jre/lib/amd64/libverify.so
7fca77876000-7fca77a76000 ---p 0000d000 08:05 3935318                    /opt/jdk/jdk1.8.0_172/jre/lib/amd64/libverify.so
7fca77a76000-7fca77a78000 rw-p 0000d000 08:05 3935318                    /opt/jdk/jdk1.8.0_172/jre/lib/amd64/libverify.so
7fca77a78000-7fca77a7f000 r-xp 00000000 08:05 6294873                    /lib/x86_64-linux-gnu/librt-2.24.so
7fca77a7f000-7fca77c7e000 ---p 00007000 08:05 6294873                    /lib/x86_64-linux-gnu/librt-2.24.so
7fca77c7e000-7fca77c7f000 r--p 00006000 08:05 6294873                    /lib/x86_64-linux-gnu/librt-2.24.so
7fca77c7f000-7fca77c80000 rw-p 00007000 08:05 6294873                    /lib/x86_64-linux-gnu/librt-2.24.so
7fca77c80000-7fca77d83000 r-xp 00000000 08:05 6294860                    /lib/x86_64-linux-gnu/libm-2.24.so
7fca77d83000-7fca77f82000 ---p 00103000 08:05 6294860                    /lib/x86_64-linux-gnu/libm-2.24.so
7fca77f82000-7fca77f83000 r--p 00102000 08:05 6294860                    /lib/x86_64-linux-gnu/libm-2.24.so
7fca77f83000-7fca77f84000 rw-p 00103000 08:05 6294860                    /lib/x86_64-linux-gnu/libm-2.24.so
7fca77f84000-7fca78c60000 r-xp 00000000 08:05 3935295                    /opt/jdk/jdk1.8.0_172/jre/lib/amd64/server/libjvm.so
7fca78c60000-7fca78e60000 ---p 00cdc000 08:05 3935295                    /opt/jdk/jdk1.8.0_172/jre/lib/amd64/server/libjvm.so
7fca78e60000-7fca78f3a000 rw-p 00cdc000 08:05 3935295                    /opt/jdk/jdk1.8.0_172/jre/lib/amd64/server/libjvm.so
7fca78f3a000-7fca78f85000 rw-p 00000000 00:00 0 
7fca78f85000-7fca7911a000 r-xp 00000000 08:05 6294856                    /lib/x86_64-linux-gnu/libc-2.24.so
7fca7911a000-7fca7931a000 ---p 00195000 08:05 6294856                    /lib/x86_64-linux-gnu/libc-2.24.so
7fca7931a000-7fca7931e000 r--p 00195000 08:05 6294856                    /lib/x86_64-linux-gnu/libc-2.24.so
7fca7931e000-7fca79320000 rw-p 00199000 08:05 6294856                    /lib/x86_64-linux-gnu/libc-2.24.so
7fca79320000-7fca79324000 rw-p 00000000 00:00 0 
7fca79324000-7fca79327000 r-xp 00000000 08:05 6294859                    /lib/x86_64-linux-gnu/libdl-2.24.so
7fca79327000-7fca79526000 ---p 00003000 08:05 6294859                    /lib/x86_64-linux-gnu/libdl-2.24.so
7fca79526000-7fca79527000 r--p 00002000 08:05 6294859                    /lib/x86_64-linux-gnu/libdl-2.24.so
7fca79527000-7fca79528000 rw-p 00003000 08:05 6294859                    /lib/x86_64-linux-gnu/libdl-2.24.so
7fca79528000-7fca7953e000 r-xp 00000000 08:05 3934932                    /opt/jdk/jdk1.8.0_172/lib/amd64/jli/libjli.so
7fca7953e000-7fca7973d000 ---p 00016000 08:05 3934932                    /opt/jdk/jdk1.8.0_172/lib/amd64/jli/libjli.so
7fca7973d000-7fca7973e000 rw-p 00015000 08:05 3934932                    /opt/jdk/jdk1.8.0_172/lib/amd64/jli/libjli.so
7fca7973e000-7fca79756000 r-xp 00000000 08:05 6294871                    /lib/x86_64-linux-gnu/libpthread-2.24.so
7fca79756000-7fca79955000 ---p 00018000 08:05 6294871                    /lib/x86_64-linux-gnu/libpthread-2.24.so
7fca79955000-7fca79956000 r--p 00017000 08:05 6294871                    /lib/x86_64-linux-gnu/libpthread-2.24.so
7fca79956000-7fca79957000 rw-p 00018000 08:05 6294871                    /lib/x86_64-linux-gnu/libpthread-2.24.so
7fca79957000-7fca7995b000 rw-p 00000000 00:00 0 
7fca7995b000-7fca7997e000 r-xp 00000000 08:05 6294852                    /lib/x86_64-linux-gnu/ld-2.24.so
7fca7997e000-7fca7997f000 r--s 00000000 08:05 4327207                    /home/christian/.m2/repository/org/springframework/boot/spring-boot-starter-jdbc/2.0.3.RELEASE/spring-boot-starter-jdbc-2.0.3.RELEASE.jar
7fca7997f000-7fca79981000 r--s 00005000 08:05 4327197                    /home/christian/.m2/repository/javax/annotation/javax.annotation-api/1.3.2/javax.annotation-api-1.3.2.jar
7fca79981000-7fca79996000 r--s 000cf000 08:05 4327181                    /home/christian/.m2/repository/org/springframework/boot/spring-boot/2.0.3.RELEASE/spring-boot-2.0.3.RELEASE.jar
7fca79996000-7fca799be000 rw-p 00000000 00:00 0 
7fca799be000-7fca799d4000 rw-p 00000000 00:00 0 
7fca799d4000-7fca79a66000 ---p 00000000 00:00 0 
7fca79a66000-7fca79a69000 ---p 00000000 00:00 0 
7fca79a69000-7fca79b69000 rw-p 00000000 00:00 0 
7fca79b69000-7fca79b6a000 r--s 00000000 08:05 4327201                    /home/christian/.m2/repository/org/springframework/boot/spring-boot-starter-aop/2.0.3.RELEASE/spring-boot-starter-aop-2.0.3.RELEASE.jar
7fca79b6a000-7fca79b6c000 r--s 00000000 08:05 4327195                    /home/christian/.m2/repository/org/slf4j/jul-to-slf4j/1.7.25/jul-to-slf4j-1.7.25.jar
7fca79b6c000-7fca79b6e000 r--s 00003000 08:05 4327191                    /home/christian/.m2/repository/org/apache/logging/log4j/log4j-to-slf4j/2.10.0/log4j-to-slf4j-2.10.0.jar
7fca79b6e000-7fca79b6f000 r--s 00000000 08:05 4327185                    /home/christian/.m2/repository/org/springframework/boot/spring-boot-starter-logging/2.0.3.RELEASE/spring-boot-starter-logging-2.0.3.RELEASE.jar
7fca79b6f000-7fca79b70000 r--s 00000000 08:05 4327179                    /home/christian/.m2/repository/org/springframework/boot/spring-boot-starter/2.0.3.RELEASE/spring-boot-starter-2.0.3.RELEASE.jar
7fca79b70000-7fca79b71000 r--s 00000000 08:05 4327177                    /home/christian/.m2/repository/org/springframework/boot/spring-boot-starter-data-jpa/2.0.3.RELEASE/spring-boot-starter-data-jpa-2.0.3.RELEASE.jar
7fca79b71000-7fca79b79000 rw-s 00000000 08:05 4463866                    /tmp/hsperfdata_christian/9480
7fca79b79000-7fca79b7a000 rw-p 00000000 00:00 0 
7fca79b7a000-7fca79b7b000 ---p 00000000 00:00 0 
7fca79b7b000-7fca79b7e000 rw-p 00000000 00:00 0 
7fca79b7e000-7fca79b7f000 r--p 00023000 08:05 6294852                    /lib/x86_64-linux-gnu/ld-2.24.so
7fca79b7f000-7fca79b80000 rw-p 00024000 08:05 6294852                    /lib/x86_64-linux-gnu/ld-2.24.so
7fca79b80000-7fca79b81000 rw-p 00000000 00:00 0 
7ffeac595000-7ffeac5b8000 rw-p 00000000 00:00 0                          [stack]
7ffeac5d9000-7ffeac5db000 r--p 00000000 00:00 0                          [vvar]
7ffeac5db000-7ffeac5dd000 r-xp 00000000 00:00 0                          [vdso]
ffffffffff600000-ffffffffff601000 r-xp 00000000 00:00 0                  [vsyscall]

VM Arguments:
jvm_args: -Dcom.sun.management.jmxremote -Dcom.sun.management.jmxremote.port=45647 -Dcom.sun.management.jmxremote.authenticate=false -Dcom.sun.management.jmxremote.ssl=false -Djava.rmi.server.hostname=localhost -Dspring.liveBeansView.mbeanDomain -Dspring.application.admin.enabled=true -Djava.security.egd=file:/dev/./urandom -Xverify:none -XX:TieredStopAtLevel=1 -Dfile.encoding=UTF-8 
java_command: com.cpeeventsystem.mainserver.MainserverApplication --spring.output.ansi.enabled=always
java_class_path (initial): /opt/jdk/jdk1.8.0_172/jre/lib/resources.jar:/opt/jdk/jdk1.8.0_172/jre/lib/rt.jar:/opt/jdk/jdk1.8.0_172/jre/lib/jsse.jar:/opt/jdk/jdk1.8.0_172/jre/lib/jce.jar:/opt/jdk/jdk1.8.0_172/jre/lib/charsets.jar:/opt/jdk/jdk1.8.0_172/jre/lib/jfr.jar:/opt/jdk/jdk1.8.0_172/jre/lib/ext/localedata.jar:/opt/jdk/jdk1.8.0_172/jre/lib/ext/sunjce_provider.jar:/opt/jdk/jdk1.8.0_172/jre/lib/ext/jfxrt.jar:/opt/jdk/jdk1.8.0_172/jre/lib/ext/nashorn.jar:/opt/jdk/jdk1.8.0_172/jre/lib/ext/cldrdata.jar:/opt/jdk/jdk1.8.0_172/jre/lib/ext/dnsns.jar:/opt/jdk/jdk1.8.0_172/jre/lib/ext/sunpkcs11.jar:/opt/jdk/jdk1.8.0_172/jre/lib/ext/zipfs.jar:/opt/jdk/jdk1.8.0_172/jre/lib/ext/sunec.jar:/opt/jdk/jdk1.8.0_172/jre/lib/ext/jaccess.jar:/home/christian/Documents/Workspace/Spring Tool Suite/cpe-event-system/mainserver/target/classes:/home/christian/.m2/repository/org/springframework/boot/spring-boot-starter-data-jpa/2.0.3.RELEASE/spring-boot-starter-data-jpa-2.0.3.RELEASE.jar:/home/christian/.m2/repository/org/springframework/boot/spring-boot-starter/2.0.3.RELEASE/spring-boot-starter-2.0.3.RELEASE.jar:/home/christian/.m2/repository/org/springframework/boot/spring-boot/2.0.3.RELEASE/spring-boot-2.0.3.RELEASE.jar:/home/christian/.m2/repository/org/springframework/boot/spring-boot-autoconfigure/2.0.3.RELEASE/spring-boot-autoconfigure-2.0.3.RELEASE.jar:/home/christian/.m2/repository/org/springframework/boot/spring-boot-starter-logging/2.0.3.RELEASE/spring-boot-starter-logging-2.0.3.RELEASE.jar:/home/christian/.m2/repository/ch/qos/logback/logback-classic/1.2.3/logback-classic-1.2.3.jar:/home/christian/.m2/repository/ch/qos/logback/logback-core/1.2.3/logback-core-1.2.3.jar:/home/christian/.m2/repository/org/apache/logging/log4j/log4j-to-slf4j/2.10.0/log4j-to-slf4j-2.10.0.jar:/home/christian/.m2/repository/org/apache/logging/log4j/log4j-api/2.10.0/log4j-api-2.10.0.jar:/home/christian/.m2/repository/org/slf4j/jul-to-slf4j/1.7.25/jul-to-slf4j-1.7.25.jar:/home/christian/.m2/repository/jav
Launcher Type: SUN_STANDARD

Environment Variables:
PATH=/usr/local/bin:/usr/bin:/bin:/usr/local/games:/usr/games
SHELL=/bin/bash
DISPLAY=:0

Signal Handlers:
SIGSEGV: [libjvm.so+0xad2ab0], sa_mask[0]=11111111011111111101111111111110, sa_flags=SA_RESTART|SA_SIGINFO
SIGBUS: [libjvm.so+0xad2ab0], sa_mask[0]=11111111011111111101111111111110, sa_flags=SA_RESTART|SA_SIGINFO
SIGFPE: [libjvm.so+0x92a790], sa_mask[0]=11111111011111111101111111111110, sa_flags=SA_RESTART|SA_SIGINFO
SIGPIPE: [libjvm.so+0x92a790], sa_mask[0]=11111111011111111101111111111110, sa_flags=SA_RESTART|SA_SIGINFO
SIGXFSZ: [libjvm.so+0x92a790], sa_mask[0]=11111111011111111101111111111110, sa_flags=SA_RESTART|SA_SIGINFO
SIGILL: [libjvm.so+0x92a790], sa_mask[0]=11111111011111111101111111111110, sa_flags=SA_RESTART|SA_SIGINFO
SIGUSR1: SIG_DFL, sa_mask[0]=00000000000000000000000000000000, sa_flags=none
SIGUSR2: [libjvm.so+0x92bff0], sa_mask[0]=00100000000000000000000000000000, sa_flags=SA_RESTART|SA_SIGINFO
SIGHUP: [libjvm.so+0x92d3f0], sa_mask[0]=11111111011111111101111111111110, sa_flags=SA_RESTART|SA_SIGINFO
SIGINT: [libjvm.so+0x92d3f0], sa_mask[0]=11111111011111111101111111111110, sa_flags=SA_RESTART|SA_SIGINFO
SIGTERM: [libjvm.so+0x92d3f0], sa_mask[0]=11111111011111111101111111111110, sa_flags=SA_RESTART|SA_SIGINFO
SIGQUIT: [libjvm.so+0x92d3f0], sa_mask[0]=11111111011111111101111111111110, sa_flags=SA_RESTART|SA_SIGINFO


---------------  S Y S T E M  ---------------

OS:PRETTY_NAME="Debian GNU/Linux 9 (stretch)"
NAME="Debian GNU/Linux"
VERSION_ID="9"
VERSION="9 (stretch)"
ID=debian
HOME_URL="https://www.debian.org/"
SUPPORT_URL="https://www.debian.org/support"
BUG_REPORT_URL="https://bugs.debian.org/"

uname:Linux 4.9.0-4-amd64 #1 SMP Debian 4.9.65-3+deb9u1 (2017-12-23) x86_64
libc:glibc 2.24 NPTL 2.24 
rlimit: STACK 8192k, CORE 0k, NPROC 6535, NOFILE 1048576, AS infinity
load average:1.96 1.72 1.38

/proc/meminfo:
MemTotal:        1936420 kB
MemFree:           64948 kB
MemAvailable:      26556 kB
Buffers:             840 kB
Cached:           147924 kB
SwapCached:         1312 kB
Active:          1242236 kB
Inactive:         439632 kB
Active(anon):    1237608 kB
Inactive(anon):   401104 kB
Active(file):       4628 kB
Inactive(file):    38528 kB
Unevictable:          32 kB
Mlocked:              32 kB
SwapTotal:       1980412 kB
SwapFree:          18452 kB
Dirty:                84 kB
Writeback:           908 kB
AnonPages:       1532548 kB
Mapped:            28344 kB
Shmem:            105380 kB
Slab:              72460 kB
SReclaimable:      30020 kB
SUnreclaim:        42440 kB
KernelStack:       11552 kB
PageTables:        56840 kB
NFS_Unstable:          0 kB
Bounce:                0 kB
WritebackTmp:          0 kB
CommitLimit:     2948620 kB
Committed_AS:    8492268 kB
VmallocTotal:   34359738367 kB
VmallocUsed:           0 kB
VmallocChunk:          0 kB
HardwareCorrupted:     0 kB
AnonHugePages:         0 kB
ShmemHugePages:        0 kB
ShmemPmdMapped:        0 kB
HugePages_Total:       0
HugePages_Free:        0
HugePages_Rsvd:        0
HugePages_Surp:        0
Hugepagesize:       2048 kB
DirectMap4k:      160704 kB
DirectMap2M:     1820672 kB


CPU:total 4 (initial active 4) (4 cores per cpu, 1 threads per core) family 6 model 55 stepping 8, cmov, cx8, fxsr, mmx, sse, sse2, sse3, ssse3, sse4.1, sse4.2, popcnt, clmul, erms, 3dnowpref, tsc, tscinvbit

/proc/cpuinfo:
processor	: 0
vendor_id	: GenuineIntel
cpu family	: 6
model		: 55
model name	: Intel(R) Pentium(R) CPU  N3540  @ 2.16GHz
stepping	: 8
microcode	: 0x815
cpu MHz		: 1838.101
cache size	: 1024 KB
physical id	: 0
siblings	: 4
core id		: 0
cpu cores	: 4
apicid		: 0
initial apicid	: 0
fpu		: yes
fpu_exception	: yes
cpuid level	: 11
wp		: yes
flags		: fpu vme de pse tsc msr pae mce cx8 apic sep mtrr pge mca cmov pat pse36 clflush dts acpi mmx fxsr sse sse2 ss ht tm pbe syscall nx rdtscp lm constant_tsc arch_perfmon pebs bts rep_good nopl xtopology nonstop_tsc aperfmperf eagerfpu pni pclmulqdq dtes64 monitor ds_cpl vmx est tm2 ssse3 cx16 xtpr pdcm sse4_1 sse4_2 movbe popcnt tsc_deadline_timer rdrand lahf_lm 3dnowprefetch epb tpr_shadow vnmi flexpriority ept vpid tsc_adjust smep erms dtherm ida arat
bugs		:
bogomips	: 4331.60
clflush size	: 64
cache_alignment	: 64
address sizes	: 36 bits physical, 48 bits virtual
power management:

processor	: 1
vendor_id	: GenuineIntel
cpu family	: 6
model		: 55
model name	: Intel(R) Pentium(R) CPU  N3540  @ 2.16GHz
stepping	: 8
microcode	: 0x815
cpu MHz		: 1832.549
cache size	: 1024 KB
physical id	: 0
siblings	: 4
core id		: 1
cpu cores	: 4
apicid		: 2
initial apicid	: 2
fpu		: yes
fpu_exception	: yes
cpuid level	: 11
wp		: yes
flags		: fpu vme de pse tsc msr pae mce cx8 apic sep mtrr pge mca cmov pat pse36 clflush dts acpi mmx fxsr sse sse2 ss ht tm pbe syscall nx rdtscp lm constant_tsc arch_perfmon pebs bts rep_good nopl xtopology nonstop_tsc aperfmperf eagerfpu pni pclmulqdq dtes64 monitor ds_cpl vmx est tm2 ssse3 cx16 xtpr pdcm sse4_1 sse4_2 movbe popcnt tsc_deadline_timer rdrand lahf_lm 3dnowprefetch epb tpr_shadow vnmi flexpriority ept vpid tsc_adjust smep erms dtherm ida arat
bugs		:
bogomips	: 4331.60
clflush size	: 64
cache_alignment	: 64
address sizes	: 36 bits physical, 48 bits virtual
power management:

processor	: 2
vendor_id	: GenuineIntel
cpu family	: 6
model		: 55
model name	: Intel(R) Pentium(R) CPU  N3540  @ 2.16GHz
stepping	: 8
microcode	: 0x815
cpu MHz		: 1496.257
cache size	: 1024 KB
physical id	: 0
siblings	: 4
core id		: 2
cpu cores	: 4
apicid		: 4
initial apicid	: 4
fpu		: yes
fpu_exception	: yes
cpuid level	: 11
wp		: yes
flags		: fpu vme de pse tsc msr pae mce cx8 apic sep mtrr pge mca cmov pat pse36 clflush dts acpi mmx fxsr sse sse2 ss ht tm pbe syscall nx rdtscp lm constant_tsc arch_perfmon pebs bts rep_good nopl xtopology nonstop_tsc aperfmperf eagerfpu pni pclmulqdq dtes64 monitor ds_cpl vmx est tm2 ssse3 cx16 xtpr pdcm sse4_1 sse4_2 movbe popcnt tsc_deadline_timer rdrand lahf_lm 3dnowprefetch epb tpr_shadow vnmi flexpriority ept vpid tsc_adjust smep erms dtherm ida arat
bugs		:
bogomips	: 4331.60
clflush size	: 64
cache_alignment	: 64
address sizes	: 36 bits physical, 48 bits virtual
power management:

processor	: 3
vendor_id	: GenuineIntel
cpu family	: 6
model		: 55
model name	: Intel(R) Pentium(R) CPU  N3540  @ 2.16GHz
stepping	: 8
microcode	: 0x815
cpu MHz		: 1411.392
cache size	: 1024 KB
physical id	: 0
siblings	: 4
core id		: 3
cpu cores	: 4
apicid		: 6
initial apicid	: 6
fpu		: yes
fpu_exception	: yes
cpuid level	: 11
wp		: yes
flags		: fpu vme de pse tsc msr pae mce cx8 apic sep mtrr pge mca cmov pat pse36 clflush dts acpi mmx fxsr sse sse2 ss ht tm pbe syscall nx rdtscp lm constant_tsc arch_perfmon pebs bts rep_good nopl xtopology nonstop_tsc aperfmperf eagerfpu pni pclmulqdq dtes64 monitor ds_cpl vmx est tm2 ssse3 cx16 xtpr pdcm sse4_1 sse4_2 movbe popcnt tsc_deadline_timer rdrand lahf_lm 3dnowprefetch epb tpr_shadow vnmi flexpriority ept vpid tsc_adjust smep erms dtherm ida arat
bugs		:
bogomips	: 4331.60
clflush size	: 64
cache_alignment	: 64
address sizes	: 36 bits physical, 48 bits virtual
power management:



Memory: 4k page, physical 1936420k(64576k free), swap 1980412k(18500k free)

vm_info: Java HotSpot(TM) 64-Bit Server VM (25.172-b11) for linux-amd64 JRE (1.8.0_172-b11), built on Mar 28 2018 21:44:09 by "java_re" with gcc 4.3.0 20080428 (Red Hat 4.3.0-8)

time: Tue Aug  7 04:06:18 2018
elapsed time: 8 seconds (0d 0h 0m 8s)

