#
# There is insufficient memory for the Java Runtime Environment to continue.
# Native memory allocation (mmap) failed to map 30932992 bytes for committing reserved memory.
# Possible reasons:
#   The system is out of physical RAM or swap space
#   In 32 bit mode, the process size limit was hit
# Possible solutions:
#   Reduce memory load on the system
#   Increase physical memory or swap space
#   Check if swap backing store is full
#   Use 64 bit Java on a 64 bit OS
#   Decrease Java heap size (-Xmx/-Xms)
#   Decrease number of Java threads
#   Decrease Java thread stack sizes (-Xss)
#   Set larger code cache with -XX:ReservedCodeCacheSize=
# This output file may be truncated or incomplete.
#
#  Out of Memory Error (os_linux.cpp:2640), pid=9298, tid=0x00007fc295055700
#
# JRE version: Java(TM) SE Runtime Environment (8.0_172-b11) (build 1.8.0_172-b11)
# Java VM: Java HotSpot(TM) 64-Bit Server VM (25.172-b11 mixed mode linux-amd64 compressed oops)
# Failed to write core dump. Core dumps have been disabled. To enable core dumping, try "ulimit -c unlimited" before starting Java again
#

---------------  T H R E A D  ---------------

Current thread (0x00007fc2a807c000):  VMThread [stack: 0x00007fc294f55000,0x00007fc295056000] [id=9310]

Stack: [0x00007fc294f55000,0x00007fc295056000],  sp=0x00007fc295054020,  free space=1020k
Native frames: (J=compiled Java code, j=interpreted, Vv=VM code, C=native code)
V  [libjvm.so+0xad221a]  VMError::report_and_die()+0x2ba
V  [libjvm.so+0x50185b]  report_vm_out_of_memory(char const*, int, unsigned long, VMErrorType, char const*)+0x8b
V  [libjvm.so+0x92fee3]  os::Linux::commit_memory_impl(char*, unsigned long, bool)+0x123
V  [libjvm.so+0x930109]  os::pd_commit_memory(char*, unsigned long, unsigned long, bool)+0x29
V  [libjvm.so+0x9273ca]  os::commit_memory(char*, unsigned long, unsigned long, bool)+0x2a
V  [libjvm.so+0x99d363]  PSVirtualSpace::expand_by(unsigned long)+0x53
V  [libjvm.so+0x99e768]  PSYoungGen::resize_generation(unsigned long, unsigned long)+0xf8
V  [libjvm.so+0x99d8c2]  PSYoungGen::resize(unsigned long, unsigned long)+0x22
V  [libjvm.so+0x99ab9b]  PSScavenge::invoke_no_policy()+0xf3b
V  [libjvm.so+0x99b321]  PSScavenge::invoke()+0x41
V  [libjvm.so+0x951df0]  ParallelScavengeHeap::failed_mem_allocate(unsigned long)+0x70
V  [libjvm.so+0xad3c97]  VM_ParallelGCFailedAllocation::doit()+0x97
V  [libjvm.so+0xadb7b5]  VM_Operation::evaluate()+0x55
V  [libjvm.so+0xad9b7a]  VMThread::evaluate_operation(VM_Operation*)+0xba
V  [libjvm.so+0xad9efe]  VMThread::loop()+0x1ce
V  [libjvm.so+0xada370]  VMThread::run()+0x70
V  [libjvm.so+0x930248]  java_start(Thread*)+0x108

VM_Operation (0x00007fc2ae2f7460): ParallelGCFailedAllocation, mode: safepoint, requested by thread 0x00007fc2a800e800


---------------  P R O C E S S  ---------------

Java Threads: ( => current thread )
  0x00007fc2a8aeb800 JavaThread "HikariPool-1 housekeeper" daemon [_thread_blocked, id=9330, stack(0x00007fc24acfb000,0x00007fc24adfc000)]
  0x00007fc2a8a17800 JavaThread "Abandoned connection cleanup thread" daemon [_thread_blocked, id=9328, stack(0x00007fc24affc000,0x00007fc24b0fd000)]
  0x00007fc2a89ef800 JavaThread "container-0" [_thread_blocked, id=9327, stack(0x00007fc24b0fd000,0x00007fc24b1fe000)]
  0x00007fc2a89ed800 JavaThread "ContainerBackgroundProcessor[StandardEngine[Tomcat]]" daemon [_thread_blocked, id=9326, stack(0x00007fc24b3fe000,0x00007fc24b4ff000)]
  0x00007fc2502b1000 JavaThread "localhost-startStop-1" daemon [_thread_blocked, id=9325, stack(0x00007fc24bcff000,0x00007fc24be00000)]
  0x00007fc2a89eb000 JavaThread "Tomcat-startStop-1" daemon [_thread_blocked, id=9324, stack(0x00007fc26074b000,0x00007fc26084c000)]
  0x00007fc2a84ac800 JavaThread "RMI TCP Accept-0" daemon [_thread_in_native, id=9320, stack(0x00007fc260b4d000,0x00007fc260c4e000)]
  0x00007fc2a8495000 JavaThread "RMI TCP Accept-35739" daemon [_thread_in_native, id=9319, stack(0x00007fc260c4e000,0x00007fc260d4f000)]
  0x00007fc2a847a000 JavaThread "RMI TCP Accept-0" daemon [_thread_in_native, id=9318, stack(0x00007fc260d4f000,0x00007fc260e50000)]
  0x00007fc2a80cc800 JavaThread "Service Thread" daemon [_thread_blocked, id=9317, stack(0x00007fc2946b3000,0x00007fc2947b4000)]
  0x00007fc2a80c1800 JavaThread "C1 CompilerThread2" daemon [_thread_blocked, id=9316, stack(0x00007fc2947b4000,0x00007fc2948b5000)]
  0x00007fc2a80bf800 JavaThread "C2 CompilerThread1" daemon [_thread_blocked, id=9315, stack(0x00007fc2948b5000,0x00007fc2949b6000)]
  0x00007fc2a80bc800 JavaThread "C2 CompilerThread0" daemon [_thread_blocked, id=9314, stack(0x00007fc2949b6000,0x00007fc294ab7000)]
  0x00007fc2a80bb000 JavaThread "Signal Dispatcher" daemon [_thread_blocked, id=9313, stack(0x00007fc294ab7000,0x00007fc294bb8000)]
  0x00007fc2a8088800 JavaThread "Finalizer" daemon [_thread_blocked, id=9312, stack(0x00007fc294d53000,0x00007fc294e54000)]
  0x00007fc2a8085800 JavaThread "Reference Handler" daemon [_thread_blocked, id=9311, stack(0x00007fc294e54000,0x00007fc294f55000)]
  0x00007fc2a800e800 JavaThread "main" [_thread_blocked, id=9300, stack(0x00007fc2ae1f9000,0x00007fc2ae2fa000)]

Other Threads:
=>0x00007fc2a807c000 VMThread [stack: 0x00007fc294f55000,0x00007fc295056000] [id=9310]
  0x00007fc2a84af800 WatcherThread [stack: 0x00007fc260a4c000,0x00007fc260b4d000] [id=9321]

VM state:at safepoint (normal execution)

VM Mutex/Monitor currently owned by a thread:  ([mutex/lock_event])
[0x00007fc2a800a8e0] Threads_lock - owner thread: 0x00007fc2a807c000
[0x00007fc2a800ade0] Heap_lock - owner thread: 0x00007fc2a800e800

Heap:
 PSYoungGen      total 120320K, used 10609K [0x00000000f6200000, 0x00000000fe280000, 0x0000000100000000)
  eden space 109056K, 0% used [0x00000000f6200000,0x00000000f6200000,0x00000000fcc80000)
  from space 11264K, 94% used [0x00000000fcc80000,0x00000000fd6dc5f8,0x00000000fd780000)
  to   space 8704K, 0% used [0x00000000fd780000,0x00000000fd780000,0x00000000fe000000)
 ParOldGen       total 42496K, used 25183K [0x00000000e2600000, 0x00000000e4f80000, 0x00000000f6200000)
  object space 42496K, 59% used [0x00000000e2600000,0x00000000e3e97dc0,0x00000000e4f80000)
 Metaspace       used 46210K, capacity 48354K, committed 48512K, reserved 1091584K
  class space    used 6246K, capacity 6668K, committed 6784K, reserved 1048576K

Card table byte_map: [0x00007fc297ec5000,0x00007fc297fb3000] byte_map_base: 0x00007fc2977b2000

Marking Bits: (ParMarkBitMap*) 0x00007fc2ad6eade0
 Begin Bits: [0x00007fc296bf1000, 0x00007fc297359000)
 End Bits:   [0x00007fc297359000, 0x00007fc297ac1000)

Polling page: 0x00007fc2ae30d000

CodeCache: size=245760Kb used=8008Kb max_used=8008Kb free=237751Kb
 bounds [0x00007fc298373000, 0x00007fc298b53000, 0x00007fc2a7373000]
 total_blobs=4420 nmethods=3897 adapters=436
 compilation: enabled

Compilation events (10 events):
Event: 15.611 Thread 0x00007fc2a80c1800 3937       1       sun.reflect.generics.scope.AbstractScope::lookup (66 bytes)
Event: 15.612 Thread 0x00007fc2a80c1800 nmethod 3937 0x00007fc298b44310 code [0x00007fc298b444c0, 0x00007fc298b44768]
Event: 15.612 Thread 0x00007fc2a80c1800 3935       1       java.beans.Introspector::getPropertyDescriptors (37 bytes)
Event: 15.613 Thread 0x00007fc2a80c1800 nmethod 3935 0x00007fc298b44990 code [0x00007fc298b44b00, 0x00007fc298b44cb8]
Event: 15.631 Thread 0x00007fc2a80c1800 3938       1       org.springframework.util.ReflectionUtils::findField (7 bytes)
Event: 15.631 Thread 0x00007fc2a80c1800 nmethod 3938 0x00007fc298b44dd0 code [0x00007fc298b44f40, 0x00007fc298b45048]
Event: 15.645 Thread 0x00007fc2a80c1800 3939       1       sun.reflect.generics.scope.AbstractScope::<init> (10 bytes)
Event: 15.653 Thread 0x00007fc2a80c1800 nmethod 3939 0x00007fc298b450d0 code [0x00007fc298b45220, 0x00007fc298b45350]
Event: 15.653 Thread 0x00007fc2a80c1800 3940       1       org.springframework.core.ResolvableType::forMethodParameter (26 bytes)
Event: 15.659 Thread 0x00007fc2a80c1800 nmethod 3940 0x00007fc298b453d0 code [0x00007fc298b45560, 0x00007fc298b457e8]

GC Heap History (10 events):
Event: 4.718 GC heap after
Heap after GC invocations=10 (full 1):
 PSYoungGen      total 70144K, used 4601K [0x00000000f6200000, 0x00000000fc480000, 0x0000000100000000)
  eden space 65536K, 0% used [0x00000000f6200000,0x00000000f6200000,0x00000000fa200000)
  from space 4608K, 99% used [0x00000000fa200000,0x00000000fa67e408,0x00000000fa680000)
  to   space 6656K, 0% used [0x00000000fbe00000,0x00000000fbe00000,0x00000000fc480000)
 ParOldGen       total 20992K, used 9435K [0x00000000e2600000, 0x00000000e3a80000, 0x00000000f6200000)
  object space 20992K, 44% used [0x00000000e2600000,0x00000000e2f36d60,0x00000000e3a80000)
 Metaspace       used 22625K, capacity 23320K, committed 23552K, reserved 1069056K
  class space    used 3032K, capacity 3219K, committed 3328K, reserved 1048576K
}
Event: 6.675 GC heap before
{Heap before GC invocations=11 (full 1):
 PSYoungGen      total 70144K, used 70137K [0x00000000f6200000, 0x00000000fc480000, 0x0000000100000000)
  eden space 65536K, 100% used [0x00000000f6200000,0x00000000fa200000,0x00000000fa200000)
  from space 4608K, 99% used [0x00000000fa200000,0x00000000fa67e408,0x00000000fa680000)
  to   space 6656K, 0% used [0x00000000fbe00000,0x00000000fbe00000,0x00000000fc480000)
 ParOldGen       total 20992K, used 9435K [0x00000000e2600000, 0x00000000e3a80000, 0x00000000f6200000)
  object space 20992K, 44% used [0x00000000e2600000,0x00000000e2f36d60,0x00000000e3a80000)
 Metaspace       used 26378K, capacity 27484K, committed 27776K, reserved 1073152K
  class space    used 3603K, capacity 3873K, committed 3968K, reserved 1048576K
Event: 6.714 GC heap after
Heap after GC invocations=11 (full 1):
 PSYoungGen      total 92160K, used 6653K [0x00000000f6200000, 0x00000000fc780000, 0x0000000100000000)
  eden space 85504K, 0% used [0x00000000f6200000,0x00000000f6200000,0x00000000fb580000)
  from space 6656K, 99% used [0x00000000fbe00000,0x00000000fc47f768,0x00000000fc480000)
  to   space 8704K, 0% used [0x00000000fb580000,0x00000000fb580000,0x00000000fbe00000)
 ParOldGen       total 20992K, used 13395K [0x00000000e2600000, 0x00000000e3a80000, 0x00000000f6200000)
  object space 20992K, 63% used [0x00000000e2600000,0x00000000e3314d08,0x00000000e3a80000)
 Metaspace       used 26378K, capacity 27484K, committed 27776K, reserved 1073152K
  class space    used 3603K, capacity 3873K, committed 3968K, reserved 1048576K
}
Event: 8.409 GC heap before
{Heap before GC invocations=12 (full 1):
 PSYoungGen      total 92160K, used 92157K [0x00000000f6200000, 0x00000000fc780000, 0x0000000100000000)
  eden space 85504K, 100% used [0x00000000f6200000,0x00000000fb580000,0x00000000fb580000)
  from space 6656K, 99% used [0x00000000fbe00000,0x00000000fc47f768,0x00000000fc480000)
  to   space 8704K, 0% used [0x00000000fb580000,0x00000000fb580000,0x00000000fbe00000)
 ParOldGen       total 20992K, used 13395K [0x00000000e2600000, 0x00000000e3a80000, 0x00000000f6200000)
  object space 20992K, 63% used [0x00000000e2600000,0x00000000e3314d08,0x00000000e3a80000)
 Metaspace       used 29457K, capacity 30886K, committed 31232K, reserved 1077248K
  class space    used 3990K, capacity 4280K, committed 4352K, reserved 1048576K
Event: 8.445 GC heap after
Heap after GC invocations=12 (full 1):
 PSYoungGen      total 94208K, used 5478K [0x00000000f6200000, 0x00000000fe000000, 0x0000000100000000)
  eden space 85504K, 0% used [0x00000000f6200000,0x00000000f6200000,0x00000000fb580000)
  from space 8704K, 62% used [0x00000000fb580000,0x00000000fbad9a08,0x00000000fbe00000)
  to   space 8704K, 0% used [0x00000000fd780000,0x00000000fd780000,0x00000000fe000000)
 ParOldGen       total 20992K, used 19983K [0x00000000e2600000, 0x00000000e3a80000, 0x00000000f6200000)
  object space 20992K, 95% used [0x00000000e2600000,0x00000000e3983d60,0x00000000e3a80000)
 Metaspace       used 29457K, capacity 30886K, committed 31232K, reserved 1077248K
  class space    used 3990K, capacity 4280K, committed 4352K, reserved 1048576K
}
Event: 8.445 GC heap before
{Heap before GC invocations=13 (full 2):
 PSYoungGen      total 94208K, used 5478K [0x00000000f6200000, 0x00000000fe000000, 0x0000000100000000)
  eden space 85504K, 0% used [0x00000000f6200000,0x00000000f6200000,0x00000000fb580000)
  from space 8704K, 62% used [0x00000000fb580000,0x00000000fbad9a08,0x00000000fbe00000)
  to   space 8704K, 0% used [0x00000000fd780000,0x00000000fd780000,0x00000000fe000000)
 ParOldGen       total 20992K, used 19983K [0x00000000e2600000, 0x00000000e3a80000, 0x00000000f6200000)
  object space 20992K, 95% used [0x00000000e2600000,0x00000000e3983d60,0x00000000e3a80000)
 Metaspace       used 29457K, capacity 30886K, committed 31232K, reserved 1077248K
  class space    used 3990K, capacity 4280K, committed 4352K, reserved 1048576K
Event: 8.581 GC heap after
Heap after GC invocations=13 (full 2):
 PSYoungGen      total 94208K, used 0K [0x00000000f6200000, 0x00000000fe000000, 0x0000000100000000)
  eden space 85504K, 0% used [0x00000000f6200000,0x00000000f6200000,0x00000000fb580000)
  from space 8704K, 0% used [0x00000000fb580000,0x00000000fb580000,0x00000000fbe00000)
  to   space 8704K, 0% used [0x00000000fd780000,0x00000000fd780000,0x00000000fe000000)
 ParOldGen       total 42496K, used 18511K [0x00000000e2600000, 0x00000000e4f80000, 0x00000000f6200000)
  object space 42496K, 43% used [0x00000000e2600000,0x00000000e3813fc8,0x00000000e4f80000)
 Metaspace       used 29457K, capacity 30886K, committed 31232K, reserved 1077248K
  class space    used 3990K, capacity 4280K, committed 4352K, reserved 1048576K
}
Event: 11.078 GC heap before
{Heap before GC invocations=14 (full 2):
 PSYoungGen      total 94208K, used 85504K [0x00000000f6200000, 0x00000000fe000000, 0x0000000100000000)
  eden space 85504K, 100% used [0x00000000f6200000,0x00000000fb580000,0x00000000fb580000)
  from space 8704K, 0% used [0x00000000fb580000,0x00000000fb580000,0x00000000fbe00000)
  to   space 8704K, 0% used [0x00000000fd780000,0x00000000fd780000,0x00000000fe000000)
 ParOldGen       total 42496K, used 18511K [0x00000000e2600000, 0x00000000e4f80000, 0x00000000f6200000)
  object space 42496K, 43% used [0x00000000e2600000,0x00000000e3813fc8,0x00000000e4f80000)
 Metaspace       used 39889K, capacity 41420K, committed 41600K, reserved 1085440K
  class space    used 5409K, capacity 5741K, committed 5760K, reserved 1048576K
Event: 11.103 GC heap after
Heap after GC invocations=14 (full 2):
 PSYoungGen      total 117760K, used 8703K [0x00000000f6200000, 0x00000000fe280000, 0x0000000100000000)
  eden space 109056K, 0% used [0x00000000f6200000,0x00000000f6200000,0x00000000fcc80000)
  from space 8704K, 99% used [0x00000000fd780000,0x00000000fdffff28,0x00000000fe000000)
  to   space 11264K, 0% used [0x00000000fcc80000,0x00000000fcc80000,0x00000000fd780000)
 ParOldGen       total 42496K, used 21218K [0x00000000e2600000, 0x00000000e4f80000, 0x00000000f6200000)
  object space 42496K, 49% used [0x00000000e2600000,0x00000000e3ab88f0,0x00000000e4f80000)
 Metaspace       used 39889K, capacity 41420K, committed 41600K, reserved 1085440K
  class space    used 5409K, capacity 5741K, committed 5760K, reserved 1048576K
}
Event: 15.668 GC heap before
{Heap before GC invocations=15 (full 2):
 PSYoungGen      total 117760K, used 117759K [0x00000000f6200000, 0x00000000fe280000, 0x0000000100000000)
  eden space 109056K, 100% used [0x00000000f6200000,0x00000000fcc80000,0x00000000fcc80000)
  from space 8704K, 99% used [0x00000000fd780000,0x00000000fdffff28,0x00000000fe000000)
  to   space 11264K, 0% used [0x00000000fcc80000,0x00000000fcc80000,0x00000000fd780000)
 ParOldGen       total 42496K, used 21218K [0x00000000e2600000, 0x00000000e4f80000, 0x00000000f6200000)
  object space 42496K, 49% used [0x00000000e2600000,0x00000000e3ab88f0,0x00000000e4f80000)
 Metaspace       used 46210K, capacity 48354K, committed 48512K, reserved 1091584K
  class space    used 6246K, capacity 6668K, committed 6784K, reserved 1048576K

Deoptimization events (0 events):
No events

Classes redefined (0 events):
No events

Internal exceptions (10 events):
Event: 15.654 Thread 0x00007fc2a800e800 Exception <a 'java/lang/ArrayIndexOutOfBoundsException'> (0x00000000fcc172b8) thrown at [/HUDSON/workspace/8-2-build-linux-amd64/jdk8u172/10810/hotspot/src/share/vm/runtime/sharedRuntime.cpp, line 605]
Event: 15.654 Thread 0x00007fc2a800e800 Exception <a 'java/lang/ArrayIndexOutOfBoundsException'> (0x00000000fcc18128) thrown at [/HUDSON/workspace/8-2-build-linux-amd64/jdk8u172/10810/hotspot/src/share/vm/runtime/sharedRuntime.cpp, line 605]
Event: 15.655 Thread 0x00007fc2a800e800 Exception <a 'java/lang/ArrayIndexOutOfBoundsException'> (0x00000000fcc1a908) thrown at [/HUDSON/workspace/8-2-build-linux-amd64/jdk8u172/10810/hotspot/src/share/vm/runtime/sharedRuntime.cpp, line 605]
Event: 15.655 Thread 0x00007fc2a800e800 Exception <a 'java/lang/ArrayIndexOutOfBoundsException'> (0x00000000fcc1c628) thrown at [/HUDSON/workspace/8-2-build-linux-amd64/jdk8u172/10810/hotspot/src/share/vm/runtime/sharedRuntime.cpp, line 605]
Event: 15.655 Thread 0x00007fc2a800e800 Exception <a 'java/lang/ArrayIndexOutOfBoundsException'> (0x00000000fcc1e3b0) thrown at [/HUDSON/workspace/8-2-build-linux-amd64/jdk8u172/10810/hotspot/src/share/vm/runtime/sharedRuntime.cpp, line 605]
Event: 15.655 Thread 0x00007fc2a800e800 Exception <a 'java/lang/ArrayIndexOutOfBoundsException'> (0x00000000fcc1fec8) thrown at [/HUDSON/workspace/8-2-build-linux-amd64/jdk8u172/10810/hotspot/src/share/vm/runtime/sharedRuntime.cpp, line 605]
Event: 15.655 Thread 0x00007fc2a800e800 Exception <a 'java/lang/ArrayIndexOutOfBoundsException'> (0x00000000fcc21078) thrown at [/HUDSON/workspace/8-2-build-linux-amd64/jdk8u172/10810/hotspot/src/share/vm/runtime/sharedRuntime.cpp, line 605]
Event: 15.656 Thread 0x00007fc2a800e800 Exception <a 'java/lang/ClassNotFoundException': org/springframework/web/servlet/mvc/method/RequestMappingInfoHandlerMappingCustomizer> (0x00000000fcc3fb70) thrown at [/HUDSON/workspace/8-2-build-linux-amd64/jdk8u172/10810/hotspot/src/share/vm/classfile/s
Event: 15.657 Thread 0x00007fc2a800e800 Exception <a 'java/lang/ClassNotFoundException': org/springframework/web/servlet/mvc/method/annotation/RequestMappingHandlerMappingCustomizer> (0x00000000fcc5fdc0) thrown at [/HUDSON/workspace/8-2-build-linux-amd64/jdk8u172/10810/hotspot/src/share/vm/clas
Event: 15.657 Thread 0x00007fc2a800e800 Exception <a 'java/lang/ArrayIndexOutOfBoundsException'> (0x00000000fcc63db8) thrown at [/HUDSON/workspace/8-2-build-linux-amd64/jdk8u172/10810/hotspot/src/share/vm/runtime/sharedRuntime.cpp, line 605]

Events (10 events):
Event: 15.656 loading class org/springframework/web/servlet/mvc/method/RequestMappingInfoHandlerMappingCustomizer done
Event: 15.656 loading class org/springframework/web/servlet/mvc/method/RequestMappingInfoHandlerMappingCustomizer
Event: 15.656 loading class org/springframework/web/servlet/mvc/method/RequestMappingInfoHandlerMappingCustomizer done
Event: 15.656 loading class org/springframework/web/servlet/mvc/method/annotation/RequestMappingHandlerMappingCustomizer
Event: 15.656 loading class org/springframework/web/servlet/mvc/method/annotation/RequestMappingHandlerMappingCustomizer done
Event: 15.657 loading class org/springframework/web/servlet/mvc/method/annotation/RequestMappingHandlerMappingCustomizer
Event: 15.657 loading class org/springframework/web/servlet/mvc/method/annotation/RequestMappingHandlerMappingCustomizer done
Event: 15.657 loading class org/springframework/web/servlet/mvc/method/annotation/RequestMappingHandlerMappingCustomizer
Event: 15.657 loading class org/springframework/web/servlet/mvc/method/annotation/RequestMappingHandlerMappingCustomizer done
Event: 15.665 Executing VM operation: ParallelGCFailedAllocation


Dynamic libraries:
00400000-00401000 r-xp 00000000 08:05 3933570                            /opt/jdk/jdk1.8.0_172/bin/java
00600000-00601000 rw-p 00000000 08:05 3933570                            /opt/jdk/jdk1.8.0_172/bin/java
0116e000-0118f000 rw-p 00000000 00:00 0                                  [heap]
e2600000-e4f80000 rw-p 00000000 00:00 0 
e4f80000-f6200000 ---p 00000000 00:00 0 
f6200000-fe280000 rw-p 00000000 00:00 0 
100000000-1006a0000 rw-p 00000000 00:00 0 
1006a0000-140000000 ---p 00000000 00:00 0 
7fc22c000000-7fc22c021000 rw-p 00000000 00:00 0 
7fc22c021000-7fc230000000 ---p 00000000 00:00 0 
7fc234000000-7fc234021000 rw-p 00000000 00:00 0 
7fc234021000-7fc238000000 ---p 00000000 00:00 0 
7fc238000000-7fc238021000 rw-p 00000000 00:00 0 
7fc238021000-7fc23c000000 ---p 00000000 00:00 0 
7fc23c000000-7fc23c021000 rw-p 00000000 00:00 0 
7fc23c021000-7fc240000000 ---p 00000000 00:00 0 
7fc240000000-7fc240021000 rw-p 00000000 00:00 0 
7fc240021000-7fc244000000 ---p 00000000 00:00 0 
7fc244000000-7fc24405b000 rw-p 00000000 00:00 0 
7fc24405b000-7fc248000000 ---p 00000000 00:00 0 
7fc249ffa000-7fc24a0ba000 rw-p 00000000 00:00 0 
7fc24a0ba000-7fc24a1fa000 ---p 00000000 00:00 0 
7fc24a1fa000-7fc24a3fa000 rw-p 00000000 00:00 0 
7fc24a3fa000-7fc24a5fa000 rw-p 00000000 00:00 0 
7fc24a5fa000-7fc24a7fa000 rw-p 00000000 00:00 0 
7fc24a7fa000-7fc24a9fa000 rw-p 00000000 00:00 0 
7fc24a9fa000-7fc24abfa000 rw-p 00000000 00:00 0 
7fc24abfa000-7fc24abfd000 ---p 00000000 00:00 0 
7fc24abfd000-7fc24acfb000 rw-p 00000000 00:00 0 
7fc24acfb000-7fc24acfe000 ---p 00000000 00:00 0 
7fc24acfe000-7fc24adfc000 rw-p 00000000 00:00 0 
7fc24adfc000-7fc24affc000 rw-p 00000000 00:00 0 
7fc24affc000-7fc24afff000 ---p 00000000 00:00 0 
7fc24afff000-7fc24b0fd000 rw-p 00000000 00:00 0 
7fc24b0fd000-7fc24b100000 ---p 00000000 00:00 0 
7fc24b100000-7fc24b1fe000 rw-p 00000000 00:00 0 
7fc24b1fe000-7fc24b3fe000 rw-p 00000000 00:00 0 
7fc24b3fe000-7fc24b401000 ---p 00000000 00:00 0 
7fc24b401000-7fc24b4ff000 rw-p 00000000 00:00 0 
7fc24b4ff000-7fc24b6ff000 rw-p 00000000 00:00 0 
7fc24b6ff000-7fc24b8ff000 rw-p 00000000 00:00 0 
7fc24b8ff000-7fc24baff000 rw-p 00000000 00:00 0 
7fc24baff000-7fc24bcff000 rw-p 00000000 00:00 0 
7fc24bcff000-7fc24bd02000 ---p 00000000 00:00 0 
7fc24bd02000-7fc24be00000 rw-p 00000000 00:00 0 
7fc24be00000-7fc24c000000 rw-p 00000000 00:00 0 
7fc24c000000-7fc24c021000 rw-p 00000000 00:00 0 
7fc24c021000-7fc250000000 ---p 00000000 00:00 0 
7fc250000000-7fc25043f000 rw-p 00000000 00:00 0 
7fc25043f000-7fc254000000 ---p 00000000 00:00 0 
7fc254000000-7fc254021000 rw-p 00000000 00:00 0 
7fc254021000-7fc258000000 ---p 00000000 00:00 0 
7fc258000000-7fc258021000 rw-p 00000000 00:00 0 
7fc258021000-7fc25c000000 ---p 00000000 00:00 0 
7fc25c000000-7fc25c021000 rw-p 00000000 00:00 0 
7fc25c021000-7fc260000000 ---p 00000000 00:00 0 
7fc26009d000-7fc2600a2000 r--s 002f9000 08:05 3935105                    /opt/jdk/jdk1.8.0_172/jre/lib/charsets.jar
7fc2600a2000-7fc2600b5000 r--s 00345000 08:05 3935145                    /opt/jdk/jdk1.8.0_172/jre/lib/resources.jar
7fc2600b5000-7fc2602b5000 rw-p 00000000 00:00 0 
7fc2602b5000-7fc2604b5000 rw-p 00000000 00:00 0 
7fc2604b5000-7fc26054b000 r--s 0110d000 08:05 3935169                    /opt/jdk/jdk1.8.0_172/jre/lib/ext/jfxrt.jar
7fc26054b000-7fc26074b000 rw-p 00000000 00:00 0 
7fc26074b000-7fc26074e000 ---p 00000000 00:00 0 
7fc26074e000-7fc26084c000 rw-p 00000000 00:00 0 
7fc26084c000-7fc260a4c000 rw-p 00000000 00:00 0 
7fc260a4c000-7fc260a4d000 ---p 00000000 00:00 0 
7fc260a4d000-7fc260b4d000 rw-p 00000000 00:00 0 
7fc260b4d000-7fc260b50000 ---p 00000000 00:00 0 
7fc260b50000-7fc260c4e000 rw-p 00000000 00:00 0 
7fc260c4e000-7fc260c51000 ---p 00000000 00:00 0 
7fc260c51000-7fc260d4f000 rw-p 00000000 00:00 0 
7fc260d4f000-7fc260d52000 ---p 00000000 00:00 0 
7fc260d52000-7fc260e50000 rw-p 00000000 00:00 0 
7fc260e50000-7fc260e55000 r--s 0009d000 08:05 3935164                    /opt/jdk/jdk1.8.0_172/jre/lib/jsse.jar
7fc260e55000-7fc260e5f000 r--s 000ec000 08:05 4327818                    /home/christian/.m2/repository/mysql/mysql-connector-java/5.1.46/mysql-connector-java-5.1.46.jar
7fc260e5f000-7fc260e61000 r--s 00004000 08:05 4327319                    /home/christian/.m2/repository/org/springframework/spring-jcl/5.0.7.RELEASE/spring-jcl-5.0.7.RELEASE.jar
7fc260e61000-7fc260e79000 r--s 00114000 08:05 4327317                    /home/christian/.m2/repository/org/springframework/spring-core/5.0.7.RELEASE/spring-core-5.0.7.RELEASE.jar
7fc260e79000-7fc260e7e000 r--s 00040000 08:05 4327281                    /home/christian/.m2/repository/org/springframework/spring-expression/5.0.7.RELEASE/spring-expression-5.0.7.RELEASE.jar
7fc260e7e000-7fc260e8d000 r--s 000b2000 08:05 4327279                    /home/christian/.m2/repository/org/springframework/spring-webmvc/5.0.7.RELEASE/spring-webmvc-5.0.7.RELEASE.jar
7fc260e8d000-7fc260ea7000 r--s 00119000 08:05 4327277                    /home/christian/.m2/repository/org/springframework/spring-web/5.0.7.RELEASE/spring-web-5.0.7.RELEASE.jar
7fc260ea7000-7fc260eac000 r--s 00012000 08:05 4327275                    /home/christian/.m2/repository/javax/validation/validation-api/2.0.1.Final/validation-api-2.0.1.Final.jar
7fc260eac000-7fc260ec8000 r--s 000f9000 08:05 4327273                    /home/christian/.m2/repository/org/hibernate/validator/hibernate-validator/6.0.10.Final/hibernate-validator-6.0.10.Final.jar
7fc260ec8000-7fc260ecd000 r--s 0003a000 08:05 4327271                    /home/christian/.m2/repository/org/apache/tomcat/embed/tomcat-embed-websocket/8.5.31/tomcat-embed-websocket-8.5.31.jar
7fc260ecd000-7fc260ed1000 r--s 00037000 08:05 4327269                    /home/christian/.m2/repository/org/apache/tomcat/embed/tomcat-embed-el/8.5.31/tomcat-embed-el-8.5.31.jar
7fc260ed1000-7fc260efa000 r--s 002d0000 08:05 4327267                    /home/christian/.m2/repository/org/apache/tomcat/embed/tomcat-embed-core/8.5.31/tomcat-embed-core-8.5.31.jar
7fc260efa000-7fc260efb000 r--s 00000000 08:05 4327265                    /home/christian/.m2/repository/org/springframework/boot/spring-boot-starter-tomcat/2.0.3.RELEASE/spring-boot-starter-tomcat-2.0.3.RELEASE.jar
7fc260efb000-7fc260efd000 r--s 00001000 08:05 4327263                    /home/christian/.m2/repository/com/fasterxml/jackson/module/jackson-module-parameter-names/2.9.6/jackson-module-parameter-names-2.9.6.jar
7fc260efd000-7fc260f00000 r--s 00016000 08:05 4327261                    /home/christian/.m2/repository/com/fasterxml/jackson/datatype/jackson-datatype-jsr310/2.9.6/jackson-datatype-jsr310-2.9.6.jar
7fc260f00000-7fc260f02000 r--s 00007000 08:05 4327259                    /home/christian/.m2/repository/com/fasterxml/jackson/datatype/jackson-datatype-jdk8/2.9.6/jackson-datatype-jdk8-2.9.6.jar
7fc260f02000-7fc260f07000 r--s 0004b000 08:05 4327257                    /home/christian/.m2/repository/com/fasterxml/jackson/core/jackson-core/2.9.6/jackson-core-2.9.6.jar
7fc260f07000-7fc260f0a000 r--s 0000e000 08:05 4327255                    /home/christian/.m2/repository/com/fasterxml/jackson/core/jackson-annotations/2.9.0/jackson-annotations-2.9.0.jar
7fc260f0a000-7fc260f1d000 r--s 00137000 08:05 4327253                    /home/christian/.m2/repository/com/fasterxml/jackson/core/jackson-databind/2.9.6/jackson-databind-2.9.6.jar
7fc260f1d000-7fc260f1f000 r--s 0000a000 08:05 4327247                    /home/christian/.m2/repository/org/springframework/spring-aspects/5.0.7.RELEASE/spring-aspects-5.0.7.RELEASE.jar
7fc260f1f000-7fc260f21000 r--s 00009000 08:05 4327245                    /home/christian/.m2/repository/org/slf4j/slf4j-api/1.7.25/slf4j-api-1.7.25.jar
7fc260f21000-7fc260f2d000 r--s 00096000 08:05 4327243                    /home/christian/.m2/repository/org/springframework/spring-beans/5.0.7.RELEASE/spring-beans-5.0.7.RELEASE.jar
7fc260f2d000-7fc260f35000 r--s 00037000 08:05 4327241                    /home/christian/.m2/repository/org/springframework/spring-tx/5.0.7.RELEASE/spring-tx-5.0.7.RELEASE.jar
7fc260f35000-7fc260f4f000 r--s 000f1000 08:05 4327239                    /home/christian/.m2/repository/org/springframework/spring-context/5.0.7.RELEASE/spring-context-5.0.7.RELEASE.jar
7fc260f4f000-7fc260f53000 r--s 0002b000 08:05 4327237                    /home/christian/.m2/repository/org/springframework/spring-orm/5.0.7.RELEASE/spring-orm-5.0.7.RELEASE.jar
7fc260f53000-7fc260f6a000 r--s 000f1000 08:05 4327235                    /home/christian/.m2/repository/org/springframework/data/spring-data-commons/2.0.8.RELEASE/spring-data-commons-2.0.8.RELEASE.jar
7fc260f6a000-7fc260f72000 r--s 0004b000 08:05 4327233                    /home/christian/.m2/repository/org/springframework/data/spring-data-jpa/2.0.8.RELEASE/spring-data-jpa-2.0.8.RELEASE.jar
7fc260f72000-7fc260f74000 r--s 00006000 08:05 4327231                    /home/christian/.m2/repository/javax/transaction/javax.transaction-api/1.2/javax.transaction-api-1.2.jar
7fc260f74000-7fc260f77000 r--s 00010000 08:05 4327229                    /home/christian/.m2/repository/org/hibernate/common/hibernate-commons-annotations/5.0.1.Final/hibernate-commons-annotations-5.0.1.Final.jar
7fc260f77000-7fc260f7c000 r--s 00048000 08:05 4327227                    /home/christian/.m2/repository/dom4j/dom4j/1.6.1/dom4j-1.6.1.jar
7fc260f7c000-7fc260f7e000 r--s 0000e000 08:05 4327225                    /home/christian/.m2/repository/com/fasterxml/classmate/1.3.4/classmate-1.3.4.jar
7fc260f7e000-7fc260f81000 r--s 0002b000 08:05 4327223                    /home/christian/.m2/repository/org/jboss/jandex/2.0.3.Final/jandex-2.0.3.Final.jar
7fc260f81000-7fc260fff000 r--s 005f0000 08:05 4327213                    /home/christian/.m2/repository/org/hibernate/hibernate-core/5.2.17.Final/hibernate-core-5.2.17.Final.jar
7fc260fff000-7fc264000000 rw-p 00000000 00:00 0 
7fc264000000-7fc2645c2000 rw-p 00000000 00:00 0 
7fc2645c2000-7fc268000000 ---p 00000000 00:00 0 
7fc268000000-7fc268021000 rw-p 00000000 00:00 0 
7fc268021000-7fc26c000000 ---p 00000000 00:00 0 
7fc26c000000-7fc26c021000 rw-p 00000000 00:00 0 
7fc26c021000-7fc270000000 ---p 00000000 00:00 0 
7fc270000000-7fc270021000 rw-p 00000000 00:00 0 
7fc270021000-7fc274000000 ---p 00000000 00:00 0 
7fc274000000-7fc274021000 rw-p 00000000 00:00 0 
7fc274021000-7fc278000000 ---p 00000000 00:00 0 
7fc278000000-7fc27804e000 rw-p 00000000 00:00 0 
7fc27804e000-7fc27c000000 ---p 00000000 00:00 0 
7fc27c000000-7fc27c292000 rw-p 00000000 00:00 0 
7fc27c292000-7fc280000000 ---p 00000000 00:00 0 
7fc280000000-7fc280021000 rw-p 00000000 00:00 0 
7fc280021000-7fc284000000 ---p 00000000 00:00 0 
7fc284000000-7fc284021000 rw-p 00000000 00:00 0 
7fc284021000-7fc288000000 ---p 00000000 00:00 0 
7fc288000000-7fc288021000 rw-p 00000000 00:00 0 
7fc288021000-7fc28c000000 ---p 00000000 00:00 0 
7fc28c000000-7fc28c021000 rw-p 00000000 00:00 0 
7fc28c021000-7fc290000000 ---p 00000000 00:00 0 
7fc290000000-7fc290021000 rw-p 00000000 00:00 0 
7fc290021000-7fc294000000 ---p 00000000 00:00 0 
7fc294000000-7fc294001000 r--s 00000000 08:05 4327251                    /home/christian/.m2/repository/org/springframework/boot/spring-boot-starter-json/2.0.3.RELEASE/spring-boot-starter-json-2.0.3.RELEASE.jar
7fc294001000-7fc294006000 r--s 00068000 08:05 4327221                    /home/christian/.m2/repository/antlr/antlr/2.7.7/antlr-2.7.7.jar
7fc294006000-7fc294010000 r--s 000ab000 08:05 4327219                    /home/christian/.m2/repository/org/javassist/javassist/3.22.0-GA/javassist-3.22.0-GA.jar
7fc294010000-7fc294015000 r--s 00017000 08:05 4327217                    /home/christian/.m2/repository/org/hibernate/javax/persistence/hibernate-jpa-2.1-api/1.0.2.Final/hibernate-jpa-2.1-api-1.0.2.Final.jar
7fc294015000-7fc29401e000 r--s 00059000 08:05 4327211                    /home/christian/.m2/repository/org/springframework/spring-jdbc/5.0.7.RELEASE/spring-jdbc-5.0.7.RELEASE.jar
7fc29401e000-7fc294022000 r--s 00020000 08:05 4327209                    /home/christian/.m2/repository/com/zaxxer/HikariCP/2.7.9/HikariCP-2.7.9.jar
7fc294022000-7fc29403b000 r--s 001bf000 08:05 4327205                    /home/christian/.m2/repository/org/aspectj/aspectjweaver/1.8.13/aspectjweaver-1.8.13.jar
7fc29403b000-7fc294044000 r--s 00051000 08:05 4327203                    /home/christian/.m2/repository/org/springframework/spring-aop/5.0.7.RELEASE/spring-aop-5.0.7.RELEASE.jar
7fc294044000-7fc29404b000 r--s 00042000 08:05 4327199                    /home/christian/.m2/repository/org/yaml/snakeyaml/1.19/snakeyaml-1.19.jar
7fc29404b000-7fc294051000 r--s 00039000 08:05 4327193                    /home/christian/.m2/repository/org/apache/logging/log4j/log4j-api/2.10.0/log4j-api-2.10.0.jar
7fc294051000-7fc29405c000 r--s 00069000 08:05 4327189                    /home/christian/.m2/repository/ch/qos/logback/logback-core/1.2.3/logback-core-1.2.3.jar
7fc29405c000-7fc294062000 r--s 00041000 08:05 4327187                    /home/christian/.m2/repository/ch/qos/logback/logback-classic/1.2.3/logback-classic-1.2.3.jar
7fc294062000-7fc294082000 r--s 000fc000 08:05 4327183                    /home/christian/.m2/repository/org/springframework/boot/spring-boot-autoconfigure/2.0.3.RELEASE/spring-boot-autoconfigure-2.0.3.RELEASE.jar
7fc294082000-7fc294093000 r-xp 00000000 08:05 3935326                    /opt/jdk/jdk1.8.0_172/jre/lib/amd64/libnio.so
7fc294093000-7fc294292000 ---p 00011000 08:05 3935326                    /opt/jdk/jdk1.8.0_172/jre/lib/amd64/libnio.so
7fc294292000-7fc294293000 rw-p 00010000 08:05 3935326                    /opt/jdk/jdk1.8.0_172/jre/lib/amd64/libnio.so
7fc294293000-7fc2942a9000 r-xp 00000000 08:05 3935323                    /opt/jdk/jdk1.8.0_172/jre/lib/amd64/libnet.so
7fc2942a9000-7fc2944a9000 ---p 00016000 08:05 3935323                    /opt/jdk/jdk1.8.0_172/jre/lib/amd64/libnet.so
7fc2944a9000-7fc2944aa000 rw-p 00016000 08:05 3935323                    /opt/jdk/jdk1.8.0_172/jre/lib/amd64/libnet.so
7fc2944aa000-7fc2944b3000 r-xp 00000000 08:05 3935331                    /opt/jdk/jdk1.8.0_172/jre/lib/amd64/libmanagement.so
7fc2944b3000-7fc2946b2000 ---p 00009000 08:05 3935331                    /opt/jdk/jdk1.8.0_172/jre/lib/amd64/libmanagement.so
7fc2946b2000-7fc2946b3000 rw-p 00008000 08:05 3935331                    /opt/jdk/jdk1.8.0_172/jre/lib/amd64/libmanagement.so
7fc2946b3000-7fc2946b6000 ---p 00000000 00:00 0 
7fc2946b6000-7fc2947b4000 rw-p 00000000 00:00 0 
7fc2947b4000-7fc2947b7000 ---p 00000000 00:00 0 
7fc2947b7000-7fc2948b5000 rw-p 00000000 00:00 0 
7fc2948b5000-7fc2948b8000 ---p 00000000 00:00 0 
7fc2948b8000-7fc2949b6000 rw-p 00000000 00:00 0 
7fc2949b6000-7fc2949b9000 ---p 00000000 00:00 0 
7fc2949b9000-7fc294ab7000 rw-p 00000000 00:00 0 
7fc294ab7000-7fc294aba000 ---p 00000000 00:00 0 
7fc294aba000-7fc294bb8000 rw-p 00000000 00:00 0 
7fc294bb8000-7fc294d53000 r--p 00000000 08:05 7083482                    /usr/lib/locale/locale-archive
7fc294d53000-7fc294d56000 ---p 00000000 00:00 0 
7fc294d56000-7fc294e54000 rw-p 00000000 00:00 0 
7fc294e54000-7fc294e57000 ---p 00000000 00:00 0 
7fc294e57000-7fc294f55000 rw-p 00000000 00:00 0 
7fc294f55000-7fc294f56000 ---p 00000000 00:00 0 
7fc294f56000-7fc296059000 rw-p 00000000 00:00 0 
7fc296059000-7fc296233000 r--s 03d6a000 08:05 3935107                    /opt/jdk/jdk1.8.0_172/jre/lib/rt.jar
7fc296233000-7fc296304000 rw-p 00000000 00:00 0 
7fc296304000-7fc297ac1000 rw-p 00000000 00:00 0 
7fc297ac1000-7fc297ac2000 ---p 00000000 00:00 0 
7fc297ac2000-7fc297bc2000 rw-p 00000000 00:00 0 
7fc297bc2000-7fc297bc3000 ---p 00000000 00:00 0 
7fc297bc3000-7fc297cc3000 rw-p 00000000 00:00 0 
7fc297cc3000-7fc297cc4000 ---p 00000000 00:00 0 
7fc297cc4000-7fc297dc4000 rw-p 00000000 00:00 0 
7fc297dc4000-7fc297dc5000 ---p 00000000 00:00 0 
7fc297dc5000-7fc297ec5000 rw-p 00000000 00:00 0 
7fc297ec5000-7fc297eda000 rw-p 00000000 00:00 0 
7fc297eda000-7fc297f63000 ---p 00000000 00:00 0 
7fc297f63000-7fc297fa4000 rw-p 00000000 00:00 0 
7fc297fa4000-7fc297fb2000 ---p 00000000 00:00 0 
7fc297fb2000-7fc297fd3000 rw-p 00000000 00:00 0 
7fc297fd3000-7fc298373000 ---p 00000000 00:00 0 
7fc298373000-7fc298b53000 rwxp 00000000 00:00 0 
7fc298b53000-7fc2a7373000 ---p 00000000 00:00 0 
7fc2a7373000-7fc2a738e000 r-xp 00000000 08:05 3935319                    /opt/jdk/jdk1.8.0_172/jre/lib/amd64/libzip.so
7fc2a738e000-7fc2a758e000 ---p 0001b000 08:05 3935319                    /opt/jdk/jdk1.8.0_172/jre/lib/amd64/libzip.so
7fc2a758e000-7fc2a758f000 rw-p 0001b000 08:05 3935319                    /opt/jdk/jdk1.8.0_172/jre/lib/amd64/libzip.so
7fc2a758f000-7fc2a7599000 r-xp 00000000 08:05 6294866                    /lib/x86_64-linux-gnu/libnss_files-2.24.so
7fc2a7599000-7fc2a7799000 ---p 0000a000 08:05 6294866                    /lib/x86_64-linux-gnu/libnss_files-2.24.so
7fc2a7799000-7fc2a779a000 r--p 0000a000 08:05 6294866                    /lib/x86_64-linux-gnu/libnss_files-2.24.so
7fc2a779a000-7fc2a779b000 rw-p 0000b000 08:05 6294866                    /lib/x86_64-linux-gnu/libnss_files-2.24.so
7fc2a779b000-7fc2a77a1000 rw-p 00000000 00:00 0 
7fc2a77a1000-7fc2a77ac000 r-xp 00000000 08:05 6294868                    /lib/x86_64-linux-gnu/libnss_nis-2.24.so
7fc2a77ac000-7fc2a79ab000 ---p 0000b000 08:05 6294868                    /lib/x86_64-linux-gnu/libnss_nis-2.24.so
7fc2a79ab000-7fc2a79ac000 r--p 0000a000 08:05 6294868                    /lib/x86_64-linux-gnu/libnss_nis-2.24.so
7fc2a79ac000-7fc2a79ad000 rw-p 0000b000 08:05 6294868                    /lib/x86_64-linux-gnu/libnss_nis-2.24.so
7fc2a79ad000-7fc2a79c1000 r-xp 00000000 08:05 6294863                    /lib/x86_64-linux-gnu/libnsl-2.24.so
7fc2a79c1000-7fc2a7bc1000 ---p 00014000 08:05 6294863                    /lib/x86_64-linux-gnu/libnsl-2.24.so
7fc2a7bc1000-7fc2a7bc2000 r--p 00014000 08:05 6294863                    /lib/x86_64-linux-gnu/libnsl-2.24.so
7fc2a7bc2000-7fc2a7bc3000 rw-p 00015000 08:05 6294863                    /lib/x86_64-linux-gnu/libnsl-2.24.so
7fc2a7bc3000-7fc2a7bc5000 rw-p 00000000 00:00 0 
7fc2a7bc5000-7fc2a7bf0000 r-xp 00000000 08:05 3935313                    /opt/jdk/jdk1.8.0_172/jre/lib/amd64/libjava.so
7fc2a7bf0000-7fc2a7def000 ---p 0002b000 08:05 3935313                    /opt/jdk/jdk1.8.0_172/jre/lib/amd64/libjava.so
7fc2a7def000-7fc2a7df1000 rw-p 0002a000 08:05 3935313                    /opt/jdk/jdk1.8.0_172/jre/lib/amd64/libjava.so
7fc2a7df1000-7fc2a7dfe000 r-xp 00000000 08:05 3935318                    /opt/jdk/jdk1.8.0_172/jre/lib/amd64/libverify.so
7fc2a7dfe000-7fc2a7ffe000 ---p 0000d000 08:05 3935318                    /opt/jdk/jdk1.8.0_172/jre/lib/amd64/libverify.so
7fc2a7ffe000-7fc2a8000000 rw-p 0000d000 08:05 3935318                    /opt/jdk/jdk1.8.0_172/jre/lib/amd64/libverify.so
7fc2a8000000-7fc2a926b000 rw-p 00000000 00:00 0 
7fc2a926b000-7fc2ac000000 ---p 00000000 00:00 0 
7fc2ac000000-7fc2ac001000 r--s 00000000 08:05 4327249                    /home/christian/.m2/repository/org/springframework/boot/spring-boot-starter-web/2.0.3.RELEASE/spring-boot-starter-web-2.0.3.RELEASE.jar
7fc2ac001000-7fc2ac003000 r--s 0000f000 08:05 4327215                    /home/christian/.m2/repository/org/jboss/logging/jboss-logging/3.3.2.Final/jboss-logging-3.3.2.Final.jar
7fc2ac003000-7fc2ac00a000 r-xp 00000000 08:05 6294864                    /lib/x86_64-linux-gnu/libnss_compat-2.24.so
7fc2ac00a000-7fc2ac209000 ---p 00007000 08:05 6294864                    /lib/x86_64-linux-gnu/libnss_compat-2.24.so
7fc2ac209000-7fc2ac20a000 r--p 00006000 08:05 6294864                    /lib/x86_64-linux-gnu/libnss_compat-2.24.so
7fc2ac20a000-7fc2ac20b000 rw-p 00007000 08:05 6294864                    /lib/x86_64-linux-gnu/libnss_compat-2.24.so
7fc2ac20b000-7fc2ac212000 r-xp 00000000 08:05 6294873                    /lib/x86_64-linux-gnu/librt-2.24.so
7fc2ac212000-7fc2ac411000 ---p 00007000 08:05 6294873                    /lib/x86_64-linux-gnu/librt-2.24.so
7fc2ac411000-7fc2ac412000 r--p 00006000 08:05 6294873                    /lib/x86_64-linux-gnu/librt-2.24.so
7fc2ac412000-7fc2ac413000 rw-p 00007000 08:05 6294873                    /lib/x86_64-linux-gnu/librt-2.24.so
7fc2ac413000-7fc2ac516000 r-xp 00000000 08:05 6294860                    /lib/x86_64-linux-gnu/libm-2.24.so
7fc2ac516000-7fc2ac715000 ---p 00103000 08:05 6294860                    /lib/x86_64-linux-gnu/libm-2.24.so
7fc2ac715000-7fc2ac716000 r--p 00102000 08:05 6294860                    /lib/x86_64-linux-gnu/libm-2.24.so
7fc2ac716000-7fc2ac717000 rw-p 00103000 08:05 6294860                    /lib/x86_64-linux-gnu/libm-2.24.so
7fc2ac717000-7fc2ad3f3000 r-xp 00000000 08:05 3935295                    /opt/jdk/jdk1.8.0_172/jre/lib/amd64/server/libjvm.so
7fc2ad3f3000-7fc2ad5f3000 ---p 00cdc000 08:05 3935295                    /opt/jdk/jdk1.8.0_172/jre/lib/amd64/server/libjvm.so
7fc2ad5f3000-7fc2ad6cd000 rw-p 00cdc000 08:05 3935295                    /opt/jdk/jdk1.8.0_172/jre/lib/amd64/server/libjvm.so
7fc2ad6cd000-7fc2ad718000 rw-p 00000000 00:00 0 
7fc2ad718000-7fc2ad8ad000 r-xp 00000000 08:05 6294856                    /lib/x86_64-linux-gnu/libc-2.24.so
7fc2ad8ad000-7fc2adaad000 ---p 00195000 08:05 6294856                    /lib/x86_64-linux-gnu/libc-2.24.so
7fc2adaad000-7fc2adab1000 r--p 00195000 08:05 6294856                    /lib/x86_64-linux-gnu/libc-2.24.so
7fc2adab1000-7fc2adab3000 rw-p 00199000 08:05 6294856                    /lib/x86_64-linux-gnu/libc-2.24.so
7fc2adab3000-7fc2adab7000 rw-p 00000000 00:00 0 
7fc2adab7000-7fc2adaba000 r-xp 00000000 08:05 6294859                    /lib/x86_64-linux-gnu/libdl-2.24.so
7fc2adaba000-7fc2adcb9000 ---p 00003000 08:05 6294859                    /lib/x86_64-linux-gnu/libdl-2.24.so
7fc2adcb9000-7fc2adcba000 r--p 00002000 08:05 6294859                    /lib/x86_64-linux-gnu/libdl-2.24.so
7fc2adcba000-7fc2adcbb000 rw-p 00003000 08:05 6294859                    /lib/x86_64-linux-gnu/libdl-2.24.so
7fc2adcbb000-7fc2adcd1000 r-xp 00000000 08:05 3934932                    /opt/jdk/jdk1.8.0_172/lib/amd64/jli/libjli.so
7fc2adcd1000-7fc2aded0000 ---p 00016000 08:05 3934932                    /opt/jdk/jdk1.8.0_172/lib/amd64/jli/libjli.so
7fc2aded0000-7fc2aded1000 rw-p 00015000 08:05 3934932                    /opt/jdk/jdk1.8.0_172/lib/amd64/jli/libjli.so
7fc2aded1000-7fc2adee9000 r-xp 00000000 08:05 6294871                    /lib/x86_64-linux-gnu/libpthread-2.24.so
7fc2adee9000-7fc2ae0e8000 ---p 00018000 08:05 6294871                    /lib/x86_64-linux-gnu/libpthread-2.24.so
7fc2ae0e8000-7fc2ae0e9000 r--p 00017000 08:05 6294871                    /lib/x86_64-linux-gnu/libpthread-2.24.so
7fc2ae0e9000-7fc2ae0ea000 rw-p 00018000 08:05 6294871                    /lib/x86_64-linux-gnu/libpthread-2.24.so
7fc2ae0ea000-7fc2ae0ee000 rw-p 00000000 00:00 0 
7fc2ae0ee000-7fc2ae111000 r-xp 00000000 08:05 6294852                    /lib/x86_64-linux-gnu/ld-2.24.so
7fc2ae111000-7fc2ae112000 r--s 00000000 08:05 4327207                    /home/christian/.m2/repository/org/springframework/boot/spring-boot-starter-jdbc/2.0.3.RELEASE/spring-boot-starter-jdbc-2.0.3.RELEASE.jar
7fc2ae112000-7fc2ae114000 r--s 00005000 08:05 4327197                    /home/christian/.m2/repository/javax/annotation/javax.annotation-api/1.3.2/javax.annotation-api-1.3.2.jar
7fc2ae114000-7fc2ae129000 r--s 000cf000 08:05 4327181                    /home/christian/.m2/repository/org/springframework/boot/spring-boot/2.0.3.RELEASE/spring-boot-2.0.3.RELEASE.jar
7fc2ae129000-7fc2ae151000 rw-p 00000000 00:00 0 
7fc2ae151000-7fc2ae170000 rw-p 00000000 00:00 0 
7fc2ae170000-7fc2ae1f9000 ---p 00000000 00:00 0 
7fc2ae1f9000-7fc2ae1fc000 ---p 00000000 00:00 0 
7fc2ae1fc000-7fc2ae2fc000 rw-p 00000000 00:00 0 
7fc2ae2fc000-7fc2ae2fd000 r--s 00000000 08:05 4327201                    /home/christian/.m2/repository/org/springframework/boot/spring-boot-starter-aop/2.0.3.RELEASE/spring-boot-starter-aop-2.0.3.RELEASE.jar
7fc2ae2fd000-7fc2ae2ff000 r--s 00000000 08:05 4327195                    /home/christian/.m2/repository/org/slf4j/jul-to-slf4j/1.7.25/jul-to-slf4j-1.7.25.jar
7fc2ae2ff000-7fc2ae301000 r--s 00003000 08:05 4327191                    /home/christian/.m2/repository/org/apache/logging/log4j/log4j-to-slf4j/2.10.0/log4j-to-slf4j-2.10.0.jar
7fc2ae301000-7fc2ae302000 r--s 00000000 08:05 4327185                    /home/christian/.m2/repository/org/springframework/boot/spring-boot-starter-logging/2.0.3.RELEASE/spring-boot-starter-logging-2.0.3.RELEASE.jar
7fc2ae302000-7fc2ae303000 r--s 00000000 08:05 4327179                    /home/christian/.m2/repository/org/springframework/boot/spring-boot-starter/2.0.3.RELEASE/spring-boot-starter-2.0.3.RELEASE.jar
7fc2ae303000-7fc2ae304000 r--s 00000000 08:05 4327177                    /home/christian/.m2/repository/org/springframework/boot/spring-boot-starter-data-jpa/2.0.3.RELEASE/spring-boot-starter-data-jpa-2.0.3.RELEASE.jar
7fc2ae304000-7fc2ae30c000 rw-s 00000000 08:05 4463854                    /tmp/hsperfdata_christian/9298
7fc2ae30c000-7fc2ae30d000 rw-p 00000000 00:00 0 
7fc2ae30d000-7fc2ae30e000 ---p 00000000 00:00 0 
7fc2ae30e000-7fc2ae311000 rw-p 00000000 00:00 0 
7fc2ae311000-7fc2ae312000 r--p 00023000 08:05 6294852                    /lib/x86_64-linux-gnu/ld-2.24.so
7fc2ae312000-7fc2ae313000 rw-p 00024000 08:05 6294852                    /lib/x86_64-linux-gnu/ld-2.24.so
7fc2ae313000-7fc2ae314000 rw-p 00000000 00:00 0 
7ffef6251000-7ffef6274000 rw-p 00000000 00:00 0                          [stack]
7ffef62b2000-7ffef62b4000 r--p 00000000 00:00 0                          [vvar]
7ffef62b4000-7ffef62b6000 r-xp 00000000 00:00 0                          [vdso]
ffffffffff600000-ffffffffff601000 r-xp 00000000 00:00 0                  [vsyscall]

VM Arguments:
jvm_args: -Dcom.sun.management.jmxremote -Dcom.sun.management.jmxremote.port=35739 -Dcom.sun.management.jmxremote.authenticate=false -Dcom.sun.management.jmxremote.ssl=false -Djava.rmi.server.hostname=localhost -Dspring.liveBeansView.mbeanDomain -Dspring.application.admin.enabled=true -Djava.security.egd=file:/dev/./urandom -Xverify:none -XX:TieredStopAtLevel=1 -Dfile.encoding=UTF-8 
java_command: com.cpeeventsystem.mainserver.MainserverApplication --spring.output.ansi.enabled=always
java_class_path (initial): /opt/jdk/jdk1.8.0_172/jre/lib/resources.jar:/opt/jdk/jdk1.8.0_172/jre/lib/rt.jar:/opt/jdk/jdk1.8.0_172/jre/lib/jsse.jar:/opt/jdk/jdk1.8.0_172/jre/lib/jce.jar:/opt/jdk/jdk1.8.0_172/jre/lib/charsets.jar:/opt/jdk/jdk1.8.0_172/jre/lib/jfr.jar:/opt/jdk/jdk1.8.0_172/jre/lib/ext/localedata.jar:/opt/jdk/jdk1.8.0_172/jre/lib/ext/sunjce_provider.jar:/opt/jdk/jdk1.8.0_172/jre/lib/ext/jfxrt.jar:/opt/jdk/jdk1.8.0_172/jre/lib/ext/nashorn.jar:/opt/jdk/jdk1.8.0_172/jre/lib/ext/cldrdata.jar:/opt/jdk/jdk1.8.0_172/jre/lib/ext/dnsns.jar:/opt/jdk/jdk1.8.0_172/jre/lib/ext/sunpkcs11.jar:/opt/jdk/jdk1.8.0_172/jre/lib/ext/zipfs.jar:/opt/jdk/jdk1.8.0_172/jre/lib/ext/sunec.jar:/opt/jdk/jdk1.8.0_172/jre/lib/ext/jaccess.jar:/home/christian/Documents/Workspace/Spring Tool Suite/cpe-event-system/mainserver/target/classes:/home/christian/.m2/repository/org/springframework/boot/spring-boot-starter-data-jpa/2.0.3.RELEASE/spring-boot-starter-data-jpa-2.0.3.RELEASE.jar:/home/christian/.m2/repository/org/springframework/boot/spring-boot-starter/2.0.3.RELEASE/spring-boot-starter-2.0.3.RELEASE.jar:/home/christian/.m2/repository/org/springframework/boot/spring-boot/2.0.3.RELEASE/spring-boot-2.0.3.RELEASE.jar:/home/christian/.m2/repository/org/springframework/boot/spring-boot-autoconfigure/2.0.3.RELEASE/spring-boot-autoconfigure-2.0.3.RELEASE.jar:/home/christian/.m2/repository/org/springframework/boot/spring-boot-starter-logging/2.0.3.RELEASE/spring-boot-starter-logging-2.0.3.RELEASE.jar:/home/christian/.m2/repository/ch/qos/logback/logback-classic/1.2.3/logback-classic-1.2.3.jar:/home/christian/.m2/repository/ch/qos/logback/logback-core/1.2.3/logback-core-1.2.3.jar:/home/christian/.m2/repository/org/apache/logging/log4j/log4j-to-slf4j/2.10.0/log4j-to-slf4j-2.10.0.jar:/home/christian/.m2/repository/org/apache/logging/log4j/log4j-api/2.10.0/log4j-api-2.10.0.jar:/home/christian/.m2/repository/org/slf4j/jul-to-slf4j/1.7.25/jul-to-slf4j-1.7.25.jar:/home/christian/.m2/repository/jav
Launcher Type: SUN_STANDARD

Environment Variables:
PATH=/usr/local/bin:/usr/bin:/bin:/usr/local/games:/usr/games
SHELL=/bin/bash
DISPLAY=:0

Signal Handlers:
SIGSEGV: [libjvm.so+0xad2ab0], sa_mask[0]=11111111011111111101111111111110, sa_flags=SA_RESTART|SA_SIGINFO
SIGBUS: [libjvm.so+0xad2ab0], sa_mask[0]=11111111011111111101111111111110, sa_flags=SA_RESTART|SA_SIGINFO
SIGFPE: [libjvm.so+0x92a790], sa_mask[0]=11111111011111111101111111111110, sa_flags=SA_RESTART|SA_SIGINFO
SIGPIPE: [libjvm.so+0x92a790], sa_mask[0]=11111111011111111101111111111110, sa_flags=SA_RESTART|SA_SIGINFO
SIGXFSZ: [libjvm.so+0x92a790], sa_mask[0]=11111111011111111101111111111110, sa_flags=SA_RESTART|SA_SIGINFO
SIGILL: [libjvm.so+0x92a790], sa_mask[0]=11111111011111111101111111111110, sa_flags=SA_RESTART|SA_SIGINFO
SIGUSR1: SIG_DFL, sa_mask[0]=00000000000000000000000000000000, sa_flags=none
SIGUSR2: [libjvm.so+0x92bff0], sa_mask[0]=00100000000000000000000000000000, sa_flags=SA_RESTART|SA_SIGINFO
SIGHUP: [libjvm.so+0x92d3f0], sa_mask[0]=11111111011111111101111111111110, sa_flags=SA_RESTART|SA_SIGINFO
SIGINT: [libjvm.so+0x92d3f0], sa_mask[0]=11111111011111111101111111111110, sa_flags=SA_RESTART|SA_SIGINFO
SIGTERM: [libjvm.so+0x92d3f0], sa_mask[0]=11111111011111111101111111111110, sa_flags=SA_RESTART|SA_SIGINFO
SIGQUIT: [libjvm.so+0x92d3f0], sa_mask[0]=11111111011111111101111111111110, sa_flags=SA_RESTART|SA_SIGINFO


---------------  S Y S T E M  ---------------

OS:PRETTY_NAME="Debian GNU/Linux 9 (stretch)"
NAME="Debian GNU/Linux"
VERSION_ID="9"
VERSION="9 (stretch)"
ID=debian
HOME_URL="https://www.debian.org/"
SUPPORT_URL="https://www.debian.org/support"
BUG_REPORT_URL="https://bugs.debian.org/"

uname:Linux 4.9.0-4-amd64 #1 SMP Debian 4.9.65-3+deb9u1 (2017-12-23) x86_64
libc:glibc 2.24 NPTL 2.24 
rlimit: STACK 8192k, CORE 0k, NPROC 6535, NOFILE 1048576, AS infinity
load average:1.90 1.36 1.21

/proc/meminfo:
MemTotal:        1936420 kB
MemFree:           63688 kB
MemAvailable:      11336 kB
Buffers:             524 kB
Cached:           127788 kB
SwapCached:          472 kB
Active:          1257424 kB
Inactive:         424168 kB
Active(anon):    1250188 kB
Inactive(anon):   416752 kB
Active(file):       7236 kB
Inactive(file):     7416 kB
Unevictable:          32 kB
Mlocked:              32 kB
SwapTotal:       1980412 kB
SwapFree:              0 kB
Dirty:               172 kB
Writeback:             4 kB
AnonPages:       1552984 kB
Mapped:            39604 kB
Shmem:            113580 kB
Slab:              73120 kB
SReclaimable:      30604 kB
SUnreclaim:        42516 kB
KernelStack:       12016 kB
PageTables:        57468 kB
NFS_Unstable:          0 kB
Bounce:                0 kB
WritebackTmp:          0 kB
CommitLimit:     2948620 kB
Committed_AS:    8708772 kB
VmallocTotal:   34359738367 kB
VmallocUsed:           0 kB
VmallocChunk:          0 kB
HardwareCorrupted:     0 kB
AnonHugePages:         0 kB
ShmemHugePages:        0 kB
ShmemPmdMapped:        0 kB
HugePages_Total:       0
HugePages_Free:        0
HugePages_Rsvd:        0
HugePages_Surp:        0
Hugepagesize:       2048 kB
DirectMap4k:      160704 kB
DirectMap2M:     1820672 kB


CPU:total 4 (initial active 4) (4 cores per cpu, 1 threads per core) family 6 model 55 stepping 8, cmov, cx8, fxsr, mmx, sse, sse2, sse3, ssse3, sse4.1, sse4.2, popcnt, clmul, erms, 3dnowpref, tsc, tscinvbit

/proc/cpuinfo:
processor	: 0
vendor_id	: GenuineIntel
cpu family	: 6
model		: 55
model name	: Intel(R) Pentium(R) CPU  N3540  @ 2.16GHz
stepping	: 8
microcode	: 0x815
cpu MHz		: 835.572
cache size	: 1024 KB
physical id	: 0
siblings	: 4
core id		: 0
cpu cores	: 4
apicid		: 0
initial apicid	: 0
fpu		: yes
fpu_exception	: yes
cpuid level	: 11
wp		: yes
flags		: fpu vme de pse tsc msr pae mce cx8 apic sep mtrr pge mca cmov pat pse36 clflush dts acpi mmx fxsr sse sse2 ss ht tm pbe syscall nx rdtscp lm constant_tsc arch_perfmon pebs bts rep_good nopl xtopology nonstop_tsc aperfmperf eagerfpu pni pclmulqdq dtes64 monitor ds_cpl vmx est tm2 ssse3 cx16 xtpr pdcm sse4_1 sse4_2 movbe popcnt tsc_deadline_timer rdrand lahf_lm 3dnowprefetch epb tpr_shadow vnmi flexpriority ept vpid tsc_adjust smep erms dtherm ida arat
bugs		:
bogomips	: 4331.60
clflush size	: 64
cache_alignment	: 64
address sizes	: 36 bits physical, 48 bits virtual
power management:

processor	: 1
vendor_id	: GenuineIntel
cpu family	: 6
model		: 55
model name	: Intel(R) Pentium(R) CPU  N3540  @ 2.16GHz
stepping	: 8
microcode	: 0x815
cpu MHz		: 897.173
cache size	: 1024 KB
physical id	: 0
siblings	: 4
core id		: 1
cpu cores	: 4
apicid		: 2
initial apicid	: 2
fpu		: yes
fpu_exception	: yes
cpuid level	: 11
wp		: yes
flags		: fpu vme de pse tsc msr pae mce cx8 apic sep mtrr pge mca cmov pat pse36 clflush dts acpi mmx fxsr sse sse2 ss ht tm pbe syscall nx rdtscp lm constant_tsc arch_perfmon pebs bts rep_good nopl xtopology nonstop_tsc aperfmperf eagerfpu pni pclmulqdq dtes64 monitor ds_cpl vmx est tm2 ssse3 cx16 xtpr pdcm sse4_1 sse4_2 movbe popcnt tsc_deadline_timer rdrand lahf_lm 3dnowprefetch epb tpr_shadow vnmi flexpriority ept vpid tsc_adjust smep erms dtherm ida arat
bugs		:
bogomips	: 4331.60
clflush size	: 64
cache_alignment	: 64
address sizes	: 36 bits physical, 48 bits virtual
power management:

processor	: 2
vendor_id	: GenuineIntel
cpu family	: 6
model		: 55
model name	: Intel(R) Pentium(R) CPU  N3540  @ 2.16GHz
stepping	: 8
microcode	: 0x815
cpu MHz		: 1582.577
cache size	: 1024 KB
physical id	: 0
siblings	: 4
core id		: 2
cpu cores	: 4
apicid		: 4
initial apicid	: 4
fpu		: yes
fpu_exception	: yes
cpuid level	: 11
wp		: yes
flags		: fpu vme de pse tsc msr pae mce cx8 apic sep mtrr pge mca cmov pat pse36 clflush dts acpi mmx fxsr sse sse2 ss ht tm pbe syscall nx rdtscp lm constant_tsc arch_perfmon pebs bts rep_good nopl xtopology nonstop_tsc aperfmperf eagerfpu pni pclmulqdq dtes64 monitor ds_cpl vmx est tm2 ssse3 cx16 xtpr pdcm sse4_1 sse4_2 movbe popcnt tsc_deadline_timer rdrand lahf_lm 3dnowprefetch epb tpr_shadow vnmi flexpriority ept vpid tsc_adjust smep erms dtherm ida arat
bugs		:
bogomips	: 4331.60
clflush size	: 64
cache_alignment	: 64
address sizes	: 36 bits physical, 48 bits virtual
power management:

processor	: 3
vendor_id	: GenuineIntel
cpu family	: 6
model		: 55
model name	: Intel(R) Pentium(R) CPU  N3540  @ 2.16GHz
stepping	: 8
microcode	: 0x815
cpu MHz		: 1586.808
cache size	: 1024 KB
physical id	: 0
siblings	: 4
core id		: 3
cpu cores	: 4
apicid		: 6
initial apicid	: 6
fpu		: yes
fpu_exception	: yes
cpuid level	: 11
wp		: yes
flags		: fpu vme de pse tsc msr pae mce cx8 apic sep mtrr pge mca cmov pat pse36 clflush dts acpi mmx fxsr sse sse2 ss ht tm pbe syscall nx rdtscp lm constant_tsc arch_perfmon pebs bts rep_good nopl xtopology nonstop_tsc aperfmperf eagerfpu pni pclmulqdq dtes64 monitor ds_cpl vmx est tm2 ssse3 cx16 xtpr pdcm sse4_1 sse4_2 movbe popcnt tsc_deadline_timer rdrand lahf_lm 3dnowprefetch epb tpr_shadow vnmi flexpriority ept vpid tsc_adjust smep erms dtherm ida arat
bugs		:
bogomips	: 4331.60
clflush size	: 64
cache_alignment	: 64
address sizes	: 36 bits physical, 48 bits virtual
power management:



Memory: 4k page, physical 1936420k(64432k free), swap 1980412k(0k free)

vm_info: Java HotSpot(TM) 64-Bit Server VM (25.172-b11) for linux-amd64 JRE (1.8.0_172-b11), built on Mar 28 2018 21:44:09 by "java_re" with gcc 4.3.0 20080428 (Red Hat 4.3.0-8)

time: Tue Aug  7 04:03:09 2018
elapsed time: 17 seconds (0d 0h 0m 17s)

